ARM GAS  C:\Users\hozhen\AppData\Local\Temp\cc2YrHK3.s 			page 1


   1              		.syntax unified
   2              		.cpu cortex-m3
   3              		.fpu softvfp
   4              		.eabi_attribute 20, 1
   5              		.eabi_attribute 21, 1
   6              		.eabi_attribute 23, 3
   7              		.eabi_attribute 24, 1
   8              		.eabi_attribute 25, 1
   9              		.eabi_attribute 26, 1
  10              		.eabi_attribute 30, 6
  11              		.eabi_attribute 34, 1
  12              		.eabi_attribute 18, 4
  13              		.thumb
  14              		.file	"cymetadata.c"
  15              		.text
  16              	.Ltext0:
  17              		.cfi_sections	.debug_frame
  18              		.global	cy_meta_configecc
  19              		.section	.cyconfigecc,"a",%progbits
  20              		.align	2
  21              		.type	cy_meta_configecc, %object
  22              		.size	cy_meta_configecc, 1548
  23              	cy_meta_configecc:
  24 0000 02       		.byte	2
  25 0001 45       		.byte	69
  26 0002 00       		.byte	0
  27 0003 40       		.byte	64
  28 0004 02       		.byte	2
  29 0005 4F       		.byte	79
  30 0006 00       		.byte	0
  31 0007 40       		.byte	64
  32 0008 03       		.byte	3
  33 0009 52       		.byte	82
  34 000a 00       		.byte	0
  35 000b 40       		.byte	64
  36 000c 05       		.byte	5
  37 000d 64       		.byte	100
  38 000e 00       		.byte	0
  39 000f 40       		.byte	64
  40 0010 57       		.byte	87
  41 0011 00       		.byte	0
  42 0012 01       		.byte	1
  43 0013 40       		.byte	64
  44 0014 30       		.byte	48
  45 0015 01       		.byte	1
  46 0016 01       		.byte	1
  47 0017 40       		.byte	64
  48 0018 62       		.byte	98
  49 0019 02       		.byte	2
  50 001a 01       		.byte	1
  51 001b 40       		.byte	64
  52 001c 4F       		.byte	79
  53 001d 03       		.byte	3
  54 001e 01       		.byte	1
  55 001f 40       		.byte	64
  56 0020 03       		.byte	3
  57 0021 08       		.byte	8
ARM GAS  C:\Users\hozhen\AppData\Local\Temp\cc2YrHK3.s 			page 2


  58 0022 01       		.byte	1
  59 0023 40       		.byte	64
  60 0024 01       		.byte	1
  61 0025 09       		.byte	9
  62 0026 01       		.byte	1
  63 0027 40       		.byte	64
  64 0028 02       		.byte	2
  65 0029 0B       		.byte	11
  66 002a 01       		.byte	1
  67 002b 40       		.byte	64
  68 002c 0D       		.byte	13
  69 002d 0C       		.byte	12
  70 002e 01       		.byte	1
  71 002f 40       		.byte	64
  72 0030 4D       		.byte	77
  73 0031 0D       		.byte	13
  74 0032 01       		.byte	1
  75 0033 40       		.byte	64
  76 0034 3D       		.byte	61
  77 0035 0E       		.byte	14
  78 0036 01       		.byte	1
  79 0037 40       		.byte	64
  80 0038 37       		.byte	55
  81 0039 0F       		.byte	15
  82 003a 01       		.byte	1
  83 003b 40       		.byte	64
  84 003c 02       		.byte	2
  85 003d 15       		.byte	21
  86 003e 01       		.byte	1
  87 003f 40       		.byte	64
  88 0040 01       		.byte	1
  89 0041 17       		.byte	23
  90 0042 01       		.byte	1
  91 0043 40       		.byte	64
  92 0044 01       		.byte	1
  93 0045 19       		.byte	25
  94 0046 01       		.byte	1
  95 0047 40       		.byte	64
  96 0048 02       		.byte	2
  97 0049 1B       		.byte	27
  98 004a 01       		.byte	1
  99 004b 40       		.byte	64
 100 004c 05       		.byte	5
 101 004d 40       		.byte	64
 102 004e 01       		.byte	1
 103 004f 40       		.byte	64
 104 0050 08       		.byte	8
 105 0051 41       		.byte	65
 106 0052 01       		.byte	1
 107 0053 40       		.byte	64
 108 0054 03       		.byte	3
 109 0055 42       		.byte	66
 110 0056 01       		.byte	1
 111 0057 40       		.byte	64
 112 0058 04       		.byte	4
 113 0059 43       		.byte	67
 114 005a 01       		.byte	1
ARM GAS  C:\Users\hozhen\AppData\Local\Temp\cc2YrHK3.s 			page 3


 115 005b 40       		.byte	64
 116 005c 03       		.byte	3
 117 005d 44       		.byte	68
 118 005e 01       		.byte	1
 119 005f 40       		.byte	64
 120 0060 08       		.byte	8
 121 0061 45       		.byte	69
 122 0062 01       		.byte	1
 123 0063 40       		.byte	64
 124 0064 03       		.byte	3
 125 0065 46       		.byte	70
 126 0066 01       		.byte	1
 127 0067 40       		.byte	64
 128 0068 01       		.byte	1
 129 0069 47       		.byte	71
 130 006a 01       		.byte	1
 131 006b 40       		.byte	64
 132 006c 04       		.byte	4
 133 006d 48       		.byte	72
 134 006e 01       		.byte	1
 135 006f 40       		.byte	64
 136 0070 04       		.byte	4
 137 0071 49       		.byte	73
 138 0072 01       		.byte	1
 139 0073 40       		.byte	64
 140 0074 09       		.byte	9
 141 0075 4C       		.byte	76
 142 0076 01       		.byte	1
 143 0077 40       		.byte	64
 144 0078 07       		.byte	7
 145 0079 4D       		.byte	77
 146 007a 01       		.byte	1
 147 007b 40       		.byte	64
 148 007c 03       		.byte	3
 149 007d 50       		.byte	80
 150 007e 01       		.byte	1
 151 007f 40       		.byte	64
 152 0080 03       		.byte	3
 153 0081 51       		.byte	81
 154 0082 01       		.byte	1
 155 0083 40       		.byte	64
 156 0084 0E       		.byte	14
 157 0085 02       		.byte	2
 158 0086 13       		.byte	19
 159 0087 03       		.byte	3
 160 0088 01       		.byte	1
 161 0089 10       		.byte	16
 162 008a 0A       		.byte	10
 163 008b 1B       		.byte	27
 164 008c 0C       		.byte	12
 165 008d 40       		.byte	64
 166 008e 14       		.byte	20
 167 008f 2A       		.byte	42
 168 0090 24       		.byte	36
 169 0091 02       		.byte	2
 170 0092 81       		.byte	-127
 171 0093 72       		.byte	114
ARM GAS  C:\Users\hozhen\AppData\Local\Temp\cc2YrHK3.s 			page 4


 172 0094 82       		.byte	-126
 173 0095 38       		.byte	56
 174 0096 8C       		.byte	-116
 175 0097 0F       		.byte	15
 176 0098 8D       		.byte	-115
 177 0099 38       		.byte	56
 178 009a 8E       		.byte	-114
 179 009b 72       		.byte	114
 180 009c 04       		.byte	4
 181 009d 6C       		.byte	108
 182 009e 06       		.byte	6
 183 009f 11       		.byte	17
 184 00a0 0A       		.byte	10
 185 00a1 03       		.byte	3
 186 00a2 0C       		.byte	12
 187 00a3 14       		.byte	20
 188 00a4 10       		.byte	16
 189 00a5 3C       		.byte	60
 190 00a6 12       		.byte	18
 191 00a7 02       		.byte	2
 192 00a8 14       		.byte	20
 193 00a9 70       		.byte	112
 194 00aa 16       		.byte	22
 195 00ab 0C       		.byte	12
 196 00ac 18       		.byte	24
 197 00ad 09       		.byte	9
 198 00ae 1A       		.byte	26
 199 00af 50       		.byte	80
 200 00b0 1C       		.byte	28
 201 00b1 80       		.byte	-128
 202 00b2 22       		.byte	34
 203 00b3 10       		.byte	16
 204 00b4 30       		.byte	48
 205 00b5 60       		.byte	96
 206 00b6 32       		.byte	50
 207 00b7 1F       		.byte	31
 208 00b8 34       		.byte	52
 209 00b9 80       		.byte	-128
 210 00ba 38       		.byte	56
 211 00bb 02       		.byte	2
 212 00bc 3B       		.byte	59
 213 00bd 02       		.byte	2
 214 00be 3E       		.byte	62
 215 00bf 01       		.byte	1
 216 00c0 40       		.byte	64
 217 00c1 04       		.byte	4
 218 00c2 45       		.byte	69
 219 00c3 10       		.byte	16
 220 00c4 46       		.byte	70
 221 00c5 05       		.byte	5
 222 00c6 48       		.byte	72
 223 00c7 06       		.byte	6
 224 00c8 49       		.byte	73
 225 00c9 FF       		.byte	-1
 226 00ca 4A       		.byte	74
 227 00cb 07       		.byte	7
 228 00cc 4B       		.byte	75
ARM GAS  C:\Users\hozhen\AppData\Local\Temp\cc2YrHK3.s 			page 5


 229 00cd FF       		.byte	-1
 230 00ce 4C       		.byte	76
 231 00cf 40       		.byte	64
 232 00d0 4D       		.byte	77
 233 00d1 20       		.byte	32
 234 00d2 4E       		.byte	78
 235 00d3 F0       		.byte	-16
 236 00d4 4F       		.byte	79
 237 00d5 05       		.byte	5
 238 00d6 50       		.byte	80
 239 00d7 08       		.byte	8
 240 00d8 58       		.byte	88
 241 00d9 04       		.byte	4
 242 00da 59       		.byte	89
 243 00db 04       		.byte	4
 244 00dc 5A       		.byte	90
 245 00dd 04       		.byte	4
 246 00de 5C       		.byte	92
 247 00df 20       		.byte	32
 248 00e0 5F       		.byte	95
 249 00e1 01       		.byte	1
 250 00e2 60       		.byte	96
 251 00e3 40       		.byte	64
 252 00e4 61       		.byte	97
 253 00e5 A8       		.byte	-88
 254 00e6 62       		.byte	98
 255 00e7 40       		.byte	64
 256 00e8 63       		.byte	99
 257 00e9 20       		.byte	32
 258 00ea 82       		.byte	-126
 259 00eb 73       		.byte	115
 260 00ec 83       		.byte	-125
 261 00ed 04       		.byte	4
 262 00ee 84       		.byte	-124
 263 00ef F3       		.byte	-13
 264 00f0 85       		.byte	-123
 265 00f1 18       		.byte	24
 266 00f2 86       		.byte	-122
 267 00f3 0C       		.byte	12
 268 00f4 88       		.byte	-120
 269 00f5 33       		.byte	51
 270 00f6 8D       		.byte	-115
 271 00f7 7F       		.byte	127
 272 00f8 90       		.byte	-112
 273 00f9 0F       		.byte	15
 274 00fa 92       		.byte	-110
 275 00fb F0       		.byte	-16
 276 00fc 93       		.byte	-109
 277 00fd 23       		.byte	35
 278 00fe 94       		.byte	-108
 279 00ff 11       		.byte	17
 280 0100 95       		.byte	-107
 281 0101 67       		.byte	103
 282 0102 97       		.byte	-105
 283 0103 18       		.byte	24
 284 0104 98       		.byte	-104
 285 0105 22       		.byte	34
ARM GAS  C:\Users\hozhen\AppData\Local\Temp\cc2YrHK3.s 			page 6


 286 0106 99       		.byte	-103
 287 0107 04       		.byte	4
 288 0108 9B       		.byte	-101
 289 0109 80       		.byte	-128
 290 010a 9C       		.byte	-100
 291 010b 08       		.byte	8
 292 010c 9D       		.byte	-99
 293 010d 7C       		.byte	124
 294 010e 9F       		.byte	-97
 295 010f 02       		.byte	2
 296 0110 A0       		.byte	-96
 297 0111 0C       		.byte	12
 298 0112 A1       		.byte	-95
 299 0113 10       		.byte	16
 300 0114 A2       		.byte	-94
 301 0115 F3       		.byte	-13
 302 0116 A4       		.byte	-92
 303 0117 04       		.byte	4
 304 0118 A5       		.byte	-91
 305 0119 08       		.byte	8
 306 011a A8       		.byte	-88
 307 011b 0C       		.byte	12
 308 011c AC       		.byte	-84
 309 011d FF       		.byte	-1
 310 011e AD       		.byte	-83
 311 011f 5C       		.byte	92
 312 0120 AF       		.byte	-81
 313 0121 21       		.byte	33
 314 0122 B0       		.byte	-80
 315 0123 4C       		.byte	76
 316 0124 B1       		.byte	-79
 317 0125 80       		.byte	-128
 318 0126 B2       		.byte	-78
 319 0127 80       		.byte	-128
 320 0128 B3       		.byte	-77
 321 0129 40       		.byte	64
 322 012a B4       		.byte	-76
 323 012b 0F       		.byte	15
 324 012c B5       		.byte	-75
 325 012d 38       		.byte	56
 326 012e B6       		.byte	-74
 327 012f 30       		.byte	48
 328 0130 B7       		.byte	-73
 329 0131 1F       		.byte	31
 330 0132 B8       		.byte	-72
 331 0133 08       		.byte	8
 332 0134 BA       		.byte	-70
 333 0135 22       		.byte	34
 334 0136 BB       		.byte	-69
 335 0137 80       		.byte	-128
 336 0138 BF       		.byte	-65
 337 0139 04       		.byte	4
 338 013a D6       		.byte	-42
 339 013b 02       		.byte	2
 340 013c D7       		.byte	-41
 341 013d 11       		.byte	17
 342 013e D8       		.byte	-40
ARM GAS  C:\Users\hozhen\AppData\Local\Temp\cc2YrHK3.s 			page 7


 343 013f 04       		.byte	4
 344 0140 D9       		.byte	-39
 345 0141 04       		.byte	4
 346 0142 DB       		.byte	-37
 347 0143 04       		.byte	4
 348 0144 DC       		.byte	-36
 349 0145 22       		.byte	34
 350 0146 DD       		.byte	-35
 351 0147 20       		.byte	32
 352 0148 DF       		.byte	-33
 353 0149 01       		.byte	1
 354 014a 00       		.byte	0
 355 014b 84       		.byte	-124
 356 014c 03       		.byte	3
 357 014d 08       		.byte	8
 358 014e 05       		.byte	5
 359 014f 05       		.byte	5
 360 0150 06       		.byte	6
 361 0151 04       		.byte	4
 362 0152 0A       		.byte	10
 363 0153 A4       		.byte	-92
 364 0154 0B       		.byte	11
 365 0155 01       		.byte	1
 366 0156 0C       		.byte	12
 367 0157 88       		.byte	-120
 368 0158 0D       		.byte	13
 369 0159 20       		.byte	32
 370 015a 0E       		.byte	14
 371 015b 40       		.byte	64
 372 015c 12       		.byte	18
 373 015d 80       		.byte	-128
 374 015e 14       		.byte	20
 375 015f 40       		.byte	64
 376 0160 16       		.byte	22
 377 0161 08       		.byte	8
 378 0162 17       		.byte	23
 379 0163 88       		.byte	-120
 380 0164 18       		.byte	24
 381 0165 40       		.byte	64
 382 0166 1A       		.byte	26
 383 0167 04       		.byte	4
 384 0168 1B       		.byte	27
 385 0169 08       		.byte	8
 386 016a 1E       		.byte	30
 387 016b 5A       		.byte	90
 388 016c 23       		.byte	35
 389 016d C0       		.byte	-64
 390 016e 24       		.byte	36
 391 016f 10       		.byte	16
 392 0170 25       		.byte	37
 393 0171 01       		.byte	1
 394 0172 26       		.byte	38
 395 0173 60       		.byte	96
 396 0174 2C       		.byte	44
 397 0175 A0       		.byte	-96
 398 0176 2E       		.byte	46
 399 0177 40       		.byte	64
ARM GAS  C:\Users\hozhen\AppData\Local\Temp\cc2YrHK3.s 			page 8


 400 0178 34       		.byte	52
 401 0179 48       		.byte	72
 402 017a 35       		.byte	53
 403 017b 05       		.byte	5
 404 017c 36       		.byte	54
 405 017d 44       		.byte	68
 406 017e 37       		.byte	55
 407 017f 20       		.byte	32
 408 0180 3C       		.byte	60
 409 0181 08       		.byte	8
 410 0182 3D       		.byte	61
 411 0183 02       		.byte	2
 412 0184 3E       		.byte	62
 413 0185 08       		.byte	8
 414 0186 3F       		.byte	63
 415 0187 40       		.byte	64
 416 0188 40       		.byte	64
 417 0189 40       		.byte	64
 418 018a 49       		.byte	73
 419 018b 02       		.byte	2
 420 018c 4B       		.byte	75
 421 018d 01       		.byte	1
 422 018e 52       		.byte	82
 423 018f 80       		.byte	-128
 424 0190 5C       		.byte	92
 425 0191 10       		.byte	16
 426 0192 6D       		.byte	109
 427 0193 40       		.byte	64
 428 0194 6F       		.byte	111
 429 0195 14       		.byte	20
 430 0196 74       		.byte	116
 431 0197 A4       		.byte	-92
 432 0198 77       		.byte	119
 433 0199 08       		.byte	8
 434 019a C0       		.byte	-64
 435 019b 77       		.byte	119
 436 019c C2       		.byte	-62
 437 019d FF       		.byte	-1
 438 019e C4       		.byte	-60
 439 019f F8       		.byte	-8
 440 01a0 CA       		.byte	-54
 441 01a1 D0       		.byte	-48
 442 01a2 CC       		.byte	-52
 443 01a3 F0       		.byte	-16
 444 01a4 CE       		.byte	-50
 445 01a5 D0       		.byte	-48
 446 01a6 D0       		.byte	-48
 447 01a7 01       		.byte	1
 448 01a8 D6       		.byte	-42
 449 01a9 20       		.byte	32
 450 01aa 03       		.byte	3
 451 01ab 02       		.byte	2
 452 01ac 04       		.byte	4
 453 01ad FC       		.byte	-4
 454 01ae 0B       		.byte	11
 455 01af 01       		.byte	1
 456 01b0 14       		.byte	20
ARM GAS  C:\Users\hozhen\AppData\Local\Temp\cc2YrHK3.s 			page 9


 457 01b1 04       		.byte	4
 458 01b2 16       		.byte	22
 459 01b3 19       		.byte	25
 460 01b4 18       		.byte	24
 461 01b5 50       		.byte	80
 462 01b6 1A       		.byte	26
 463 01b7 26       		.byte	38
 464 01b8 1B       		.byte	27
 465 01b9 02       		.byte	2
 466 01ba 23       		.byte	35
 467 01bb 01       		.byte	1
 468 01bc 24       		.byte	36
 469 01bd FC       		.byte	-4
 470 01be 28       		.byte	40
 471 01bf 28       		.byte	40
 472 01c0 2A       		.byte	42
 473 01c1 46       		.byte	70
 474 01c2 2C       		.byte	44
 475 01c3 80       		.byte	-128
 476 01c4 30       		.byte	48
 477 01c5 80       		.byte	-128
 478 01c6 32       		.byte	50
 479 01c7 1C       		.byte	28
 480 01c8 33       		.byte	51
 481 01c9 01       		.byte	1
 482 01ca 34       		.byte	52
 483 01cb 60       		.byte	96
 484 01cc 36       		.byte	54
 485 01cd 03       		.byte	3
 486 01ce 37       		.byte	55
 487 01cf 02       		.byte	2
 488 01d0 3E       		.byte	62
 489 01d1 40       		.byte	64
 490 01d2 3F       		.byte	63
 491 01d3 44       		.byte	68
 492 01d4 40       		.byte	64
 493 01d5 24       		.byte	36
 494 01d6 41       		.byte	65
 495 01d7 05       		.byte	5
 496 01d8 42       		.byte	66
 497 01d9 03       		.byte	3
 498 01da 44       		.byte	68
 499 01db 01       		.byte	1
 500 01dc 45       		.byte	69
 501 01dd C0       		.byte	-64
 502 01de 47       		.byte	71
 503 01df E0       		.byte	-32
 504 01e0 48       		.byte	72
 505 01e1 22       		.byte	34
 506 01e2 49       		.byte	73
 507 01e3 FF       		.byte	-1
 508 01e4 4A       		.byte	74
 509 01e5 FF       		.byte	-1
 510 01e6 4B       		.byte	75
 511 01e7 FF       		.byte	-1
 512 01e8 4C       		.byte	76
 513 01e9 62       		.byte	98
ARM GAS  C:\Users\hozhen\AppData\Local\Temp\cc2YrHK3.s 			page 10


 514 01ea 4D       		.byte	77
 515 01eb A0       		.byte	-96
 516 01ec 4E       		.byte	78
 517 01ed F0       		.byte	-16
 518 01ee 4F       		.byte	79
 519 01ef 41       		.byte	65
 520 01f0 50       		.byte	80
 521 01f1 0C       		.byte	12
 522 01f2 54       		.byte	84
 523 01f3 18       		.byte	24
 524 01f4 56       		.byte	86
 525 01f5 04       		.byte	4
 526 01f6 58       		.byte	88
 527 01f7 04       		.byte	4
 528 01f8 59       		.byte	89
 529 01f9 04       		.byte	4
 530 01fa 5A       		.byte	90
 531 01fb 04       		.byte	4
 532 01fc 5B       		.byte	91
 533 01fd 04       		.byte	4
 534 01fe 5C       		.byte	92
 535 01ff 02       		.byte	2
 536 0200 5D       		.byte	93
 537 0201 22       		.byte	34
 538 0202 5F       		.byte	95
 539 0203 01       		.byte	1
 540 0204 66       		.byte	102
 541 0205 40       		.byte	64
 542 0206 67       		.byte	103
 543 0207 02       		.byte	2
 544 0208 69       		.byte	105
 545 0209 10       		.byte	16
 546 020a 6A       		.byte	106
 547 020b 30       		.byte	48
 548 020c 6B       		.byte	107
 549 020d 10       		.byte	16
 550 020e 6D       		.byte	109
 551 020f 10       		.byte	16
 552 0210 6E       		.byte	110
 553 0211 10       		.byte	16
 554 0212 6F       		.byte	111
 555 0213 12       		.byte	18
 556 0214 80       		.byte	-128
 557 0215 02       		.byte	2
 558 0216 84       		.byte	-124
 559 0217 0D       		.byte	13
 560 0218 85       		.byte	-123
 561 0219 01       		.byte	1
 562 021a 86       		.byte	-122
 563 021b 10       		.byte	16
 564 021c 87       		.byte	-121
 565 021d 06       		.byte	6
 566 021e 8D       		.byte	-115
 567 021f 0C       		.byte	12
 568 0220 8F       		.byte	-113
 569 0221 01       		.byte	1
 570 0222 90       		.byte	-112
ARM GAS  C:\Users\hozhen\AppData\Local\Temp\cc2YrHK3.s 			page 11


 571 0223 24       		.byte	36
 572 0224 92       		.byte	-110
 573 0225 01       		.byte	1
 574 0226 94       		.byte	-108
 575 0227 0D       		.byte	13
 576 0228 96       		.byte	-106
 577 0229 30       		.byte	48
 578 022a 9A       		.byte	-102
 579 022b 39       		.byte	57
 580 022c 9D       		.byte	-99
 581 022d 04       		.byte	4
 582 022e A0       		.byte	-96
 583 022f 0C       		.byte	12
 584 0230 A2       		.byte	-94
 585 0231 11       		.byte	17
 586 0232 A7       		.byte	-89
 587 0233 0F       		.byte	15
 588 0234 A9       		.byte	-87
 589 0235 01       		.byte	1
 590 0236 AB       		.byte	-85
 591 0237 0A       		.byte	10
 592 0238 B0       		.byte	-80
 593 0239 01       		.byte	1
 594 023a B2       		.byte	-78
 595 023b 3C       		.byte	60
 596 023c B4       		.byte	-76
 597 023d 02       		.byte	2
 598 023e B5       		.byte	-75
 599 023f 0E       		.byte	14
 600 0240 B7       		.byte	-73
 601 0241 07       		.byte	7
 602 0242 BA       		.byte	-70
 603 0243 08       		.byte	8
 604 0244 BB       		.byte	-69
 605 0245 A0       		.byte	-96
 606 0246 BE       		.byte	-66
 607 0247 11       		.byte	17
 608 0248 C0       		.byte	-64
 609 0249 36       		.byte	54
 610 024a C1       		.byte	-63
 611 024b 02       		.byte	2
 612 024c C5       		.byte	-59
 613 024d B0       		.byte	-80
 614 024e C6       		.byte	-58
 615 024f 0C       		.byte	12
 616 0250 C7       		.byte	-57
 617 0251 0E       		.byte	14
 618 0252 C8       		.byte	-56
 619 0253 16       		.byte	22
 620 0254 C9       		.byte	-55
 621 0255 FF       		.byte	-1
 622 0256 CA       		.byte	-54
 623 0257 FF       		.byte	-1
 624 0258 CB       		.byte	-53
 625 0259 FF       		.byte	-1
 626 025a CE       		.byte	-50
 627 025b F0       		.byte	-16
ARM GAS  C:\Users\hozhen\AppData\Local\Temp\cc2YrHK3.s 			page 12


 628 025c CF       		.byte	-49
 629 025d 44       		.byte	68
 630 025e D0       		.byte	-48
 631 025f 0C       		.byte	12
 632 0260 D8       		.byte	-40
 633 0261 04       		.byte	4
 634 0262 D9       		.byte	-39
 635 0263 04       		.byte	4
 636 0264 DA       		.byte	-38
 637 0265 04       		.byte	4
 638 0266 DF       		.byte	-33
 639 0267 01       		.byte	1
 640 0268 E6       		.byte	-26
 641 0269 C0       		.byte	-64
 642 026a EA       		.byte	-22
 643 026b 40       		.byte	64
 644 026c EB       		.byte	-21
 645 026d 02       		.byte	2
 646 026e 00       		.byte	0
 647 026f 04       		.byte	4
 648 0270 01       		.byte	1
 649 0271 02       		.byte	2
 650 0272 07       		.byte	7
 651 0273 10       		.byte	16
 652 0274 08       		.byte	8
 653 0275 20       		.byte	32
 654 0276 0A       		.byte	10
 655 0277 A4       		.byte	-92
 656 0278 0D       		.byte	13
 657 0279 28       		.byte	40
 658 027a 10       		.byte	16
 659 027b 80       		.byte	-128
 660 027c 15       		.byte	21
 661 027d 40       		.byte	64
 662 027e 17       		.byte	23
 663 027f 24       		.byte	36
 664 0280 18       		.byte	24
 665 0281 40       		.byte	64
 666 0282 19       		.byte	25
 667 0283 10       		.byte	16
 668 0284 1A       		.byte	26
 669 0285 20       		.byte	32
 670 0286 1B       		.byte	27
 671 0287 08       		.byte	8
 672 0288 1D       		.byte	29
 673 0289 AB       		.byte	-85
 674 028a 20       		.byte	32
 675 028b 04       		.byte	4
 676 028c 21       		.byte	33
 677 028d 40       		.byte	64
 678 028e 22       		.byte	34
 679 028f 40       		.byte	64
 680 0290 26       		.byte	38
 681 0291 04       		.byte	4
 682 0292 27       		.byte	39
 683 0293 01       		.byte	1
 684 0294 28       		.byte	40
ARM GAS  C:\Users\hozhen\AppData\Local\Temp\cc2YrHK3.s 			page 13


 685 0295 20       		.byte	32
 686 0296 2B       		.byte	43
 687 0297 08       		.byte	8
 688 0298 2E       		.byte	46
 689 0299 02       		.byte	2
 690 029a 32       		.byte	50
 691 029b 80       		.byte	-128
 692 029c 34       		.byte	52
 693 029d 14       		.byte	20
 694 029e 36       		.byte	54
 695 029f 24       		.byte	36
 696 02a0 38       		.byte	56
 697 02a1 04       		.byte	4
 698 02a2 39       		.byte	57
 699 02a3 80       		.byte	-128
 700 02a4 3E       		.byte	62
 701 02a5 10       		.byte	16
 702 02a6 3F       		.byte	63
 703 02a7 01       		.byte	1
 704 02a8 40       		.byte	64
 705 02a9 04       		.byte	4
 706 02aa 42       		.byte	66
 707 02ab 80       		.byte	-128
 708 02ac 43       		.byte	67
 709 02ad 09       		.byte	9
 710 02ae 44       		.byte	68
 711 02af 18       		.byte	24
 712 02b0 45       		.byte	69
 713 02b1 82       		.byte	-126
 714 02b2 48       		.byte	72
 715 02b3 40       		.byte	64
 716 02b4 49       		.byte	73
 717 02b5 10       		.byte	16
 718 02b6 4F       		.byte	79
 719 02b7 41       		.byte	65
 720 02b8 50       		.byte	80
 721 02b9 80       		.byte	-128
 722 02ba 52       		.byte	82
 723 02bb 08       		.byte	8
 724 02bc 53       		.byte	83
 725 02bd 40       		.byte	64
 726 02be 56       		.byte	86
 727 02bf 02       		.byte	2
 728 02c0 5E       		.byte	94
 729 02c1 02       		.byte	2
 730 02c2 61       		.byte	97
 731 02c3 08       		.byte	8
 732 02c4 62       		.byte	98
 733 02c5 04       		.byte	4
 734 02c6 64       		.byte	100
 735 02c7 44       		.byte	68
 736 02c8 66       		.byte	102
 737 02c9 80       		.byte	-128
 738 02ca 87       		.byte	-121
 739 02cb 40       		.byte	64
 740 02cc 88       		.byte	-120
 741 02cd 40       		.byte	64
ARM GAS  C:\Users\hozhen\AppData\Local\Temp\cc2YrHK3.s 			page 14


 742 02ce 8A       		.byte	-118
 743 02cf 08       		.byte	8
 744 02d0 8C       		.byte	-116
 745 02d1 40       		.byte	64
 746 02d2 91       		.byte	-111
 747 02d3 40       		.byte	64
 748 02d4 92       		.byte	-110
 749 02d5 14       		.byte	20
 750 02d6 93       		.byte	-109
 751 02d7 40       		.byte	64
 752 02d8 94       		.byte	-108
 753 02d9 04       		.byte	4
 754 02da 96       		.byte	-106
 755 02db A0       		.byte	-96
 756 02dc 98       		.byte	-104
 757 02dd 08       		.byte	8
 758 02de 99       		.byte	-103
 759 02df 02       		.byte	2
 760 02e0 9B       		.byte	-101
 761 02e1 34       		.byte	52
 762 02e2 9D       		.byte	-99
 763 02e3 01       		.byte	1
 764 02e4 9E       		.byte	-98
 765 02e5 04       		.byte	4
 766 02e6 A2       		.byte	-94
 767 02e7 A1       		.byte	-95
 768 02e8 A4       		.byte	-92
 769 02e9 40       		.byte	64
 770 02ea A5       		.byte	-91
 771 02eb 20       		.byte	32
 772 02ec AC       		.byte	-84
 773 02ed 08       		.byte	8
 774 02ee AF       		.byte	-81
 775 02ef 20       		.byte	32
 776 02f0 B3       		.byte	-77
 777 02f1 08       		.byte	8
 778 02f2 C0       		.byte	-64
 779 02f3 2C       		.byte	44
 780 02f4 C2       		.byte	-62
 781 02f5 6E       		.byte	110
 782 02f6 C4       		.byte	-60
 783 02f7 E8       		.byte	-24
 784 02f8 CA       		.byte	-54
 785 02f9 86       		.byte	-122
 786 02fa CC       		.byte	-52
 787 02fb 28       		.byte	40
 788 02fc CE       		.byte	-50
 789 02fd AA       		.byte	-86
 790 02fe D0       		.byte	-48
 791 02ff F6       		.byte	-10
 792 0300 D2       		.byte	-46
 793 0301 14       		.byte	20
 794 0302 D6       		.byte	-42
 795 0303 80       		.byte	-128
 796 0304 D8       		.byte	-40
 797 0305 B0       		.byte	-80
 798 0306 E0       		.byte	-32
ARM GAS  C:\Users\hozhen\AppData\Local\Temp\cc2YrHK3.s 			page 15


 799 0307 08       		.byte	8
 800 0308 E2       		.byte	-30
 801 0309 80       		.byte	-128
 802 030a E6       		.byte	-26
 803 030b 02       		.byte	2
 804 030c 3E       		.byte	62
 805 030d 40       		.byte	64
 806 030e 58       		.byte	88
 807 030f 04       		.byte	4
 808 0310 5F       		.byte	95
 809 0311 01       		.byte	1
 810 0312 1F       		.byte	31
 811 0313 80       		.byte	-128
 812 0314 B1       		.byte	-79
 813 0315 10       		.byte	16
 814 0316 B3       		.byte	-77
 815 0317 01       		.byte	1
 816 0318 07       		.byte	7
 817 0319 01       		.byte	1
 818 031a 1C       		.byte	28
 819 031b 01       		.byte	1
 820 031c 2F       		.byte	47
 821 031d 01       		.byte	1
 822 031e 34       		.byte	52
 823 031f 01       		.byte	1
 824 0320 35       		.byte	53
 825 0321 01       		.byte	1
 826 0322 3B       		.byte	59
 827 0323 80       		.byte	-128
 828 0324 3E       		.byte	62
 829 0325 10       		.byte	16
 830 0326 3F       		.byte	63
 831 0327 10       		.byte	16
 832 0328 54       		.byte	84
 833 0329 01       		.byte	1
 834 032a 58       		.byte	88
 835 032b 04       		.byte	4
 836 032c 59       		.byte	89
 837 032d 04       		.byte	4
 838 032e 5B       		.byte	91
 839 032f 04       		.byte	4
 840 0330 5F       		.byte	95
 841 0331 01       		.byte	1
 842 0332 00       		.byte	0
 843 0333 02       		.byte	2
 844 0334 01       		.byte	1
 845 0335 12       		.byte	18
 846 0336 02       		.byte	2
 847 0337 10       		.byte	16
 848 0338 03       		.byte	3
 849 0339 01       		.byte	1
 850 033a 09       		.byte	9
 851 033b 28       		.byte	40
 852 033c 0A       		.byte	10
 853 033d 40       		.byte	64
 854 033e 0E       		.byte	14
 855 033f 01       		.byte	1
ARM GAS  C:\Users\hozhen\AppData\Local\Temp\cc2YrHK3.s 			page 16


 856 0340 10       		.byte	16
 857 0341 81       		.byte	-127
 858 0342 12       		.byte	18
 859 0343 04       		.byte	4
 860 0344 13       		.byte	19
 861 0345 24       		.byte	36
 862 0346 14       		.byte	20
 863 0347 01       		.byte	1
 864 0348 15       		.byte	21
 865 0349 80       		.byte	-128
 866 034a 19       		.byte	25
 867 034b 04       		.byte	4
 868 034c 1A       		.byte	26
 869 034d 04       		.byte	4
 870 034e 1E       		.byte	30
 871 034f 08       		.byte	8
 872 0350 20       		.byte	32
 873 0351 20       		.byte	32
 874 0352 21       		.byte	33
 875 0353 5C       		.byte	92
 876 0354 24       		.byte	36
 877 0355 06       		.byte	6
 878 0356 27       		.byte	39
 879 0357 01       		.byte	1
 880 0358 29       		.byte	41
 881 0359 12       		.byte	18
 882 035a 2A       		.byte	42
 883 035b 14       		.byte	20
 884 035c 2B       		.byte	43
 885 035d 01       		.byte	1
 886 035e 2F       		.byte	47
 887 035f 02       		.byte	2
 888 0360 30       		.byte	48
 889 0361 81       		.byte	-127
 890 0362 31       		.byte	49
 891 0363 28       		.byte	40
 892 0364 38       		.byte	56
 893 0365 42       		.byte	66
 894 0366 39       		.byte	57
 895 0367 20       		.byte	32
 896 0368 3B       		.byte	59
 897 0369 04       		.byte	4
 898 036a 3D       		.byte	61
 899 036b 08       		.byte	8
 900 036c 40       		.byte	64
 901 036d 40       		.byte	64
 902 036e 41       		.byte	65
 903 036f 04       		.byte	4
 904 0370 42       		.byte	66
 905 0371 44       		.byte	68
 906 0372 48       		.byte	72
 907 0373 08       		.byte	8
 908 0374 49       		.byte	73
 909 0375 01       		.byte	1
 910 0376 4A       		.byte	74
 911 0377 01       		.byte	1
 912 0378 53       		.byte	83
ARM GAS  C:\Users\hozhen\AppData\Local\Temp\cc2YrHK3.s 			page 17


 913 0379 02       		.byte	2
 914 037a 5A       		.byte	90
 915 037b 02       		.byte	2
 916 037c 5D       		.byte	93
 917 037d 40       		.byte	64
 918 037e 5E       		.byte	94
 919 037f 09       		.byte	9
 920 0380 5F       		.byte	95
 921 0381 10       		.byte	16
 922 0382 60       		.byte	96
 923 0383 04       		.byte	4
 924 0384 62       		.byte	98
 925 0385 80       		.byte	-128
 926 0386 63       		.byte	99
 927 0387 40       		.byte	64
 928 0388 81       		.byte	-127
 929 0389 04       		.byte	4
 930 038a 82       		.byte	-126
 931 038b 01       		.byte	1
 932 038c 87       		.byte	-121
 933 038d 50       		.byte	80
 934 038e 88       		.byte	-120
 935 038f 08       		.byte	8
 936 0390 8A       		.byte	-118
 937 0391 01       		.byte	1
 938 0392 8B       		.byte	-117
 939 0393 01       		.byte	1
 940 0394 8D       		.byte	-115
 941 0395 40       		.byte	64
 942 0396 90       		.byte	-112
 943 0397 40       		.byte	64
 944 0398 92       		.byte	-110
 945 0399 02       		.byte	2
 946 039a 93       		.byte	-109
 947 039b 04       		.byte	4
 948 039c 95       		.byte	-107
 949 039d 88       		.byte	-120
 950 039e 99       		.byte	-103
 951 039f 10       		.byte	16
 952 03a0 9B       		.byte	-101
 953 03a1 20       		.byte	32
 954 03a2 9D       		.byte	-99
 955 03a3 05       		.byte	5
 956 03a4 9F       		.byte	-97
 957 03a5 01       		.byte	1
 958 03a6 A0       		.byte	-96
 959 03a7 81       		.byte	-127
 960 03a8 A1       		.byte	-95
 961 03a9 24       		.byte	36
 962 03aa A2       		.byte	-94
 963 03ab 80       		.byte	-128
 964 03ac A4       		.byte	-92
 965 03ad 10       		.byte	16
 966 03ae A7       		.byte	-89
 967 03af 01       		.byte	1
 968 03b0 B2       		.byte	-78
 969 03b1 18       		.byte	24
ARM GAS  C:\Users\hozhen\AppData\Local\Temp\cc2YrHK3.s 			page 18


 970 03b2 C0       		.byte	-64
 971 03b3 0F       		.byte	15
 972 03b4 C2       		.byte	-62
 973 03b5 8E       		.byte	-114
 974 03b6 C4       		.byte	-60
 975 03b7 0F       		.byte	15
 976 03b8 CA       		.byte	-54
 977 03b9 1F       		.byte	31
 978 03ba CC       		.byte	-52
 979 03bb 0F       		.byte	15
 980 03bc CE       		.byte	-50
 981 03bd 4F       		.byte	79
 982 03be D0       		.byte	-48
 983 03bf 07       		.byte	7
 984 03c0 D2       		.byte	-46
 985 03c1 0C       		.byte	12
 986 03c2 D6       		.byte	-42
 987 03c3 F1       		.byte	-15
 988 03c4 D8       		.byte	-40
 989 03c5 0D       		.byte	13
 990 03c6 E0       		.byte	-32
 991 03c7 40       		.byte	64
 992 03c8 E4       		.byte	-28
 993 03c9 80       		.byte	-128
 994 03ca E8       		.byte	-24
 995 03cb 20       		.byte	32
 996 03cc 00       		.byte	0
 997 03cd 0C       		.byte	12
 998 03ce 01       		.byte	1
 999 03cf 34       		.byte	52
 1000 03d0 02       		.byte	2
 1001 03d1 02       		.byte	2
 1002 03d2 03       		.byte	3
 1003 03d3 0A       		.byte	10
 1004 03d4 05       		.byte	5
 1005 03d5 CE       		.byte	-50
 1006 03d6 08       		.byte	8
 1007 03d7 02       		.byte	2
 1008 03d8 09       		.byte	9
 1009 03d9 CE       		.byte	-50
 1010 03da 0A       		.byte	10
 1011 03db 0C       		.byte	12
 1012 03dc 0C       		.byte	12
 1013 03dd 0E       		.byte	14
 1014 03de 0F       		.byte	15
 1015 03df 30       		.byte	48
 1016 03e0 12       		.byte	18
 1017 03e1 02       		.byte	2
 1018 03e2 13       		.byte	19
 1019 03e3 01       		.byte	1
 1020 03e4 14       		.byte	20
 1021 03e5 0C       		.byte	12
 1022 03e6 17       		.byte	23
 1023 03e7 01       		.byte	1
 1024 03e8 18       		.byte	24
 1025 03e9 04       		.byte	4
 1026 03ea 1B       		.byte	27
ARM GAS  C:\Users\hozhen\AppData\Local\Temp\cc2YrHK3.s 			page 19


 1027 03eb 30       		.byte	48
 1028 03ec 1C       		.byte	28
 1029 03ed 0C       		.byte	12
 1030 03ee 1E       		.byte	30
 1031 03ef 02       		.byte	2
 1032 03f0 1F       		.byte	31
 1033 03f1 30       		.byte	48
 1034 03f2 20       		.byte	32
 1035 03f3 08       		.byte	8
 1036 03f4 21       		.byte	33
 1037 03f5 30       		.byte	48
 1038 03f6 24       		.byte	36
 1039 03f7 01       		.byte	1
 1040 03f8 25       		.byte	37
 1041 03f9 30       		.byte	48
 1042 03fa 28       		.byte	40
 1043 03fb 01       		.byte	1
 1044 03fc 29       		.byte	41
 1045 03fd A8       		.byte	-88
 1046 03fe 2B       		.byte	43
 1047 03ff 44       		.byte	68
 1048 0400 2C       		.byte	44
 1049 0401 01       		.byte	1
 1050 0402 2D       		.byte	45
 1051 0403 52       		.byte	82
 1052 0404 2F       		.byte	47
 1053 0405 84       		.byte	-124
 1054 0406 30       		.byte	48
 1055 0407 01       		.byte	1
 1056 0408 31       		.byte	49
 1057 0409 30       		.byte	48
 1058 040a 33       		.byte	51
 1059 040b 01       		.byte	1
 1060 040c 34       		.byte	52
 1061 040d 0E       		.byte	14
 1062 040e 35       		.byte	53
 1063 040f C0       		.byte	-64
 1064 0410 37       		.byte	55
 1065 0411 0E       		.byte	14
 1066 0412 3A       		.byte	58
 1067 0413 20       		.byte	32
 1068 0414 3F       		.byte	63
 1069 0415 04       		.byte	4
 1070 0416 56       		.byte	86
 1071 0417 02       		.byte	2
 1072 0418 57       		.byte	87
 1073 0419 10       		.byte	16
 1074 041a 58       		.byte	88
 1075 041b 04       		.byte	4
 1076 041c 59       		.byte	89
 1077 041d 04       		.byte	4
 1078 041e 5B       		.byte	91
 1079 041f 04       		.byte	4
 1080 0420 5F       		.byte	95
 1081 0421 01       		.byte	1
 1082 0422 87       		.byte	-121
 1083 0423 01       		.byte	1
ARM GAS  C:\Users\hozhen\AppData\Local\Temp\cc2YrHK3.s 			page 20


 1084 0424 89       		.byte	-119
 1085 0425 01       		.byte	1
 1086 0426 8C       		.byte	-116
 1087 0427 01       		.byte	1
 1088 0428 91       		.byte	-111
 1089 0429 01       		.byte	1
 1090 042a 94       		.byte	-108
 1091 042b 01       		.byte	1
 1092 042c 98       		.byte	-104
 1093 042d 01       		.byte	1
 1094 042e 9C       		.byte	-100
 1095 042f 01       		.byte	1
 1096 0430 A3       		.byte	-93
 1097 0431 01       		.byte	1
 1098 0432 A5       		.byte	-91
 1099 0433 02       		.byte	2
 1100 0434 B3       		.byte	-77
 1101 0435 01       		.byte	1
 1102 0436 B5       		.byte	-75
 1103 0437 02       		.byte	2
 1104 0438 B6       		.byte	-74
 1105 0439 01       		.byte	1
 1106 043a B9       		.byte	-71
 1107 043b 08       		.byte	8
 1108 043c BE       		.byte	-66
 1109 043d 40       		.byte	64
 1110 043e BF       		.byte	-65
 1111 043f 10       		.byte	16
 1112 0440 D8       		.byte	-40
 1113 0441 04       		.byte	4
 1114 0442 D9       		.byte	-39
 1115 0443 04       		.byte	4
 1116 0444 DF       		.byte	-33
 1117 0445 01       		.byte	1
 1118 0446 00       		.byte	0
 1119 0447 20       		.byte	32
 1120 0448 01       		.byte	1
 1121 0449 02       		.byte	2
 1122 044a 02       		.byte	2
 1123 044b 04       		.byte	4
 1124 044c 03       		.byte	3
 1125 044d 01       		.byte	1
 1126 044e 06       		.byte	6
 1127 044f 01       		.byte	1
 1128 0450 07       		.byte	7
 1129 0451 01       		.byte	1
 1130 0452 08       		.byte	8
 1131 0453 40       		.byte	64
 1132 0454 09       		.byte	9
 1133 0455 08       		.byte	8
 1134 0456 0A       		.byte	10
 1135 0457 40       		.byte	64
 1136 0458 0B       		.byte	11
 1137 0459 04       		.byte	4
 1138 045a 0C       		.byte	12
 1139 045b 40       		.byte	64
 1140 045c 0D       		.byte	13
ARM GAS  C:\Users\hozhen\AppData\Local\Temp\cc2YrHK3.s 			page 21


 1141 045d 44       		.byte	68
 1142 045e 0E       		.byte	14
 1143 045f 04       		.byte	4
 1144 0460 10       		.byte	16
 1145 0461 88       		.byte	-120
 1146 0462 11       		.byte	17
 1147 0463 44       		.byte	68
 1148 0464 18       		.byte	24
 1149 0465 40       		.byte	64
 1150 0466 19       		.byte	25
 1151 0467 10       		.byte	16
 1152 0468 1A       		.byte	26
 1153 0469 44       		.byte	68
 1154 046a 1D       		.byte	29
 1155 046b 40       		.byte	64
 1156 046c 20       		.byte	32
 1157 046d 02       		.byte	2
 1158 046e 21       		.byte	33
 1159 046f 20       		.byte	32
 1160 0470 22       		.byte	34
 1161 0471 05       		.byte	5
 1162 0472 23       		.byte	35
 1163 0473 01       		.byte	1
 1164 0474 25       		.byte	37
 1165 0475 04       		.byte	4
 1166 0476 26       		.byte	38
 1167 0477 10       		.byte	16
 1168 0478 28       		.byte	40
 1169 0479 08       		.byte	8
 1170 047a 2A       		.byte	42
 1171 047b 05       		.byte	5
 1172 047c 2B       		.byte	43
 1173 047d 01       		.byte	1
 1174 047e 2C       		.byte	44
 1175 047f 40       		.byte	64
 1176 0480 2E       		.byte	46
 1177 0481 08       		.byte	8
 1178 0482 30       		.byte	48
 1179 0483 40       		.byte	64
 1180 0484 31       		.byte	49
 1181 0485 15       		.byte	21
 1182 0486 37       		.byte	55
 1183 0487 01       		.byte	1
 1184 0488 38       		.byte	56
 1185 0489 40       		.byte	64
 1186 048a 39       		.byte	57
 1187 048b 24       		.byte	36
 1188 048c 3B       		.byte	59
 1189 048d 01       		.byte	1
 1190 048e 3C       		.byte	60
 1191 048f 20       		.byte	32
 1192 0490 3E       		.byte	62
 1193 0491 04       		.byte	4
 1194 0492 40       		.byte	64
 1195 0493 08       		.byte	8
 1196 0494 41       		.byte	65
 1197 0495 20       		.byte	32
ARM GAS  C:\Users\hozhen\AppData\Local\Temp\cc2YrHK3.s 			page 22


 1198 0496 59       		.byte	89
 1199 0497 40       		.byte	64
 1200 0498 68       		.byte	104
 1201 0499 08       		.byte	8
 1202 049a 69       		.byte	105
 1203 049b 64       		.byte	100
 1204 049c 70       		.byte	112
 1205 049d 80       		.byte	-128
 1206 049e 71       		.byte	113
 1207 049f 08       		.byte	8
 1208 04a0 73       		.byte	115
 1209 04a1 24       		.byte	36
 1210 04a2 8A       		.byte	-118
 1211 04a3 84       		.byte	-124
 1212 04a4 8D       		.byte	-115
 1213 04a5 12       		.byte	18
 1214 04a6 C0       		.byte	-64
 1215 04a7 8B       		.byte	-117
 1216 04a8 C2       		.byte	-62
 1217 04a9 EF       		.byte	-17
 1218 04aa C4       		.byte	-60
 1219 04ab 0F       		.byte	15
 1220 04ac CA       		.byte	-54
 1221 04ad CF       		.byte	-49
 1222 04ae CC       		.byte	-52
 1223 04af 8F       		.byte	-113
 1224 04b0 CE       		.byte	-50
 1225 04b1 6F       		.byte	111
 1226 04b2 D6       		.byte	-42
 1227 04b3 08       		.byte	8
 1228 04b4 EA       		.byte	-22
 1229 04b5 01       		.byte	1
 1230 04b6 EE       		.byte	-18
 1231 04b7 08       		.byte	8
 1232 04b8 EE       		.byte	-18
 1233 04b9 04       		.byte	4
 1234 04ba AB       		.byte	-85
 1235 04bb 80       		.byte	-128
 1236 04bc EA       		.byte	-22
 1237 04bd 01       		.byte	1
 1238 04be EE       		.byte	-18
 1239 04bf 08       		.byte	8
 1240 04c0 07       		.byte	7
 1241 04c1 80       		.byte	-128
 1242 04c2 32       		.byte	50
 1243 04c3 20       		.byte	32
 1244 04c4 36       		.byte	54
 1245 04c5 10       		.byte	16
 1246 04c6 C0       		.byte	-64
 1247 04c7 20       		.byte	32
 1248 04c8 CC       		.byte	-52
 1249 04c9 30       		.byte	48
 1250 04ca 33       		.byte	51
 1251 04cb 20       		.byte	32
 1252 04cc 86       		.byte	-122
 1253 04cd 20       		.byte	32
 1254 04ce 8A       		.byte	-118
ARM GAS  C:\Users\hozhen\AppData\Local\Temp\cc2YrHK3.s 			page 23


 1255 04cf 10       		.byte	16
 1256 04d0 A6       		.byte	-90
 1257 04d1 30       		.byte	48
 1258 04d2 AF       		.byte	-81
 1259 04d3 80       		.byte	-128
 1260 04d4 CC       		.byte	-52
 1261 04d5 10       		.byte	16
 1262 04d6 E6       		.byte	-26
 1263 04d7 40       		.byte	64
 1264 04d8 E8       		.byte	-24
 1265 04d9 40       		.byte	64
 1266 04da 3E       		.byte	62
 1267 04db 10       		.byte	16
 1268 04dc A7       		.byte	-89
 1269 04dd 20       		.byte	32
 1270 04de CE       		.byte	-50
 1271 04df 20       		.byte	32
 1272 04e0 63       		.byte	99
 1273 04e1 08       		.byte	8
 1274 04e2 96       		.byte	-106
 1275 04e3 10       		.byte	16
 1276 04e4 A7       		.byte	-89
 1277 04e5 20       		.byte	32
 1278 04e6 D8       		.byte	-40
 1279 04e7 40       		.byte	64
 1280 04e8 10       		.byte	16
 1281 04e9 10       		.byte	16
 1282 04ea 14       		.byte	20
 1283 04eb 20       		.byte	32
 1284 04ec C4       		.byte	-60
 1285 04ed 0C       		.byte	12
 1286 04ee 05       		.byte	5
 1287 04ef 08       		.byte	8
 1288 04f0 63       		.byte	99
 1289 04f1 02       		.byte	2
 1290 04f2 98       		.byte	-104
 1291 04f3 30       		.byte	48
 1292 04f4 A3       		.byte	-93
 1293 04f5 01       		.byte	1
 1294 04f6 B3       		.byte	-77
 1295 04f7 01       		.byte	1
 1296 04f8 C0       		.byte	-64
 1297 04f9 04       		.byte	4
 1298 04fa D6       		.byte	-42
 1299 04fb 02       		.byte	2
 1300 04fc E8       		.byte	-24
 1301 04fd 01       		.byte	1
 1302 04fe 98       		.byte	-104
 1303 04ff 30       		.byte	48
 1304 0500 B1       		.byte	-79
 1305 0501 08       		.byte	8
 1306 0502 EA       		.byte	-22
 1307 0503 01       		.byte	1
 1308 0504 98       		.byte	-104
 1309 0505 30       		.byte	48
 1310 0506 96       		.byte	-106
 1311 0507 10       		.byte	16
ARM GAS  C:\Users\hozhen\AppData\Local\Temp\cc2YrHK3.s 			page 24


 1312 0508 A7       		.byte	-89
 1313 0509 20       		.byte	32
 1314 050a AB       		.byte	-85
 1315 050b 04       		.byte	4
 1316 050c EE       		.byte	-18
 1317 050d 20       		.byte	32
 1318 050e AA       		.byte	-86
 1319 050f 10       		.byte	16
 1320 0510 AF       		.byte	-81
 1321 0511 20       		.byte	32
 1322 0512 EA       		.byte	-22
 1323 0513 80       		.byte	-128
 1324 0514 EE       		.byte	-18
 1325 0515 10       		.byte	16
 1326 0516 10       		.byte	16
 1327 0517 40       		.byte	64
 1328 0518 13       		.byte	19
 1329 0519 20       		.byte	32
 1330 051a 14       		.byte	20
 1331 051b 80       		.byte	-128
 1332 051c 16       		.byte	22
 1333 051d 02       		.byte	2
 1334 051e 78       		.byte	120
 1335 051f 10       		.byte	16
 1336 0520 7C       		.byte	124
 1337 0521 20       		.byte	32
 1338 0522 98       		.byte	-104
 1339 0523 30       		.byte	48
 1340 0524 C4       		.byte	-60
 1341 0525 0F       		.byte	15
 1342 0526 DE       		.byte	-34
 1343 0527 03       		.byte	3
 1344 0528 78       		.byte	120
 1345 0529 40       		.byte	64
 1346 052a 7C       		.byte	124
 1347 052b 80       		.byte	-128
 1348 052c 98       		.byte	-104
 1349 052d C0       		.byte	-64
 1350 052e AB       		.byte	-85
 1351 052f 20       		.byte	32
 1352 0530 AE       		.byte	-82
 1353 0531 02       		.byte	2
 1354 0532 DC       		.byte	-36
 1355 0533 01       		.byte	1
 1356 0534 DE       		.byte	-34
 1357 0535 04       		.byte	4
 1358 0536 00       		.byte	0
 1359 0537 05       		.byte	5
 1360 0538 08       		.byte	8
 1361 0539 05       		.byte	5
 1362 053a 0E       		.byte	14
 1363 053b 01       		.byte	1
 1364 053c 00       		.byte	0
 1365 053d 0F       		.byte	15
 1366 053e 01       		.byte	1
 1367 053f 0C       		.byte	12
 1368 0540 03       		.byte	3
ARM GAS  C:\Users\hozhen\AppData\Local\Temp\cc2YrHK3.s 			page 25


 1369 0541 C0       		.byte	-64
 1370 0542 00       		.byte	0
 1371 0543 00       		.byte	0
 1372 0544 20       		.byte	32
 1373 0545 30       		.byte	48
 1374 0546 00       		.byte	0
 1375 0547 00       		.byte	0
 1376 0548 30       		.byte	48
 1377 0549 00       		.byte	0
 1378 054a 00       		.byte	0
 1379 054b 00       		.byte	0
 1380 054c 00       		.byte	0
 1381 054d 7F       		.byte	127
 1382 054e 10       		.byte	16
 1383 054f 00       		.byte	0
 1384 0550 06       		.byte	6
 1385 0551 08       		.byte	8
 1386 0552 01       		.byte	1
 1387 0553 00       		.byte	0
 1388 0554 00       		.byte	0
 1389 0555 00       		.byte	0
 1390 0556 08       		.byte	8
 1391 0557 04       		.byte	4
 1392 0558 07       		.byte	7
 1393 0559 00       		.byte	0
 1394 055a 00       		.byte	0
 1395 055b 63       		.byte	99
 1396 055c 00       		.byte	0
 1397 055d 1C       		.byte	28
 1398 055e 01       		.byte	1
 1399 055f 62       		.byte	98
 1400 0560 01       		.byte	1
 1401 0561 67       		.byte	103
 1402 0562 06       		.byte	6
 1403 0563 18       		.byte	24
 1404 0564 00       		.byte	0
 1405 0565 40       		.byte	64
 1406 0566 08       		.byte	8
 1407 0567 00       		.byte	0
 1408 0568 00       		.byte	0
 1409 0569 10       		.byte	16
 1410 056a 00       		.byte	0
 1411 056b 00       		.byte	0
 1412 056c 04       		.byte	4
 1413 056d 60       		.byte	96
 1414 056e 00       		.byte	0
 1415 056f 00       		.byte	0
 1416 0570 02       		.byte	2
 1417 0571 18       		.byte	24
 1418 0572 00       		.byte	0
 1419 0573 00       		.byte	0
 1420 0574 06       		.byte	6
 1421 0575 7C       		.byte	124
 1422 0576 00       		.byte	0
 1423 0577 01       		.byte	1
 1424 0578 07       		.byte	7
 1425 0579 24       		.byte	36
ARM GAS  C:\Users\hozhen\AppData\Local\Temp\cc2YrHK3.s 			page 26


 1426 057a 00       		.byte	0
 1427 057b 80       		.byte	-128
 1428 057c 00       		.byte	0
 1429 057d 00       		.byte	0
 1430 057e 07       		.byte	7
 1431 057f 78       		.byte	120
 1432 0580 18       		.byte	24
 1433 0581 80       		.byte	-128
 1434 0582 00       		.byte	0
 1435 0583 1F       		.byte	31
 1436 0584 00       		.byte	0
 1437 0585 00       		.byte	0
 1438 0586 00       		.byte	0
 1439 0587 88       		.byte	-120
 1440 0588 00       		.byte	0
 1441 0589 00       		.byte	0
 1442 058a 10       		.byte	16
 1443 058b 00       		.byte	0
 1444 058c 34       		.byte	52
 1445 058d 06       		.byte	6
 1446 058e 05       		.byte	5
 1447 058f 00       		.byte	0
 1448 0590 02       		.byte	2
 1449 0591 C0       		.byte	-64
 1450 0592 00       		.byte	0
 1451 0593 E0       		.byte	-32
 1452 0594 22       		.byte	34
 1453 0595 FF       		.byte	-1
 1454 0596 FF       		.byte	-1
 1455 0597 FF       		.byte	-1
 1456 0598 62       		.byte	98
 1457 0599 A0       		.byte	-96
 1458 059a F0       		.byte	-16
 1459 059b 41       		.byte	65
 1460 059c 0C       		.byte	12
 1461 059d 00       		.byte	0
 1462 059e 00       		.byte	0
 1463 059f 00       		.byte	0
 1464 05a0 18       		.byte	24
 1465 05a1 00       		.byte	0
 1466 05a2 04       		.byte	4
 1467 05a3 00       		.byte	0
 1468 05a4 04       		.byte	4
 1469 05a5 04       		.byte	4
 1470 05a6 04       		.byte	4
 1471 05a7 04       		.byte	4
 1472 05a8 00       		.byte	0
 1473 05a9 00       		.byte	0
 1474 05aa 00       		.byte	0
 1475 05ab 01       		.byte	1
 1476 05ac 00       		.byte	0
 1477 05ad 00       		.byte	0
 1478 05ae 00       		.byte	0
 1479 05af 00       		.byte	0
 1480 05b0 00       		.byte	0
 1481 05b1 00       		.byte	0
 1482 05b2 40       		.byte	64
ARM GAS  C:\Users\hozhen\AppData\Local\Temp\cc2YrHK3.s 			page 27


 1483 05b3 02       		.byte	2
 1484 05b4 00       		.byte	0
 1485 05b5 10       		.byte	16
 1486 05b6 30       		.byte	48
 1487 05b7 10       		.byte	16
 1488 05b8 00       		.byte	0
 1489 05b9 10       		.byte	16
 1490 05ba 10       		.byte	16
 1491 05bb 12       		.byte	18
 1492 05bc 00       		.byte	0
 1493 05bd 00       		.byte	0
 1494 05be 00       		.byte	0
 1495 05bf 00       		.byte	0
 1496 05c0 00       		.byte	0
 1497 05c1 00       		.byte	0
 1498 05c2 00       		.byte	0
 1499 05c3 00       		.byte	0
 1500 05c4 00       		.byte	0
 1501 05c5 00       		.byte	0
 1502 05c6 00       		.byte	0
 1503 05c7 00       		.byte	0
 1504 05c8 00       		.byte	0
 1505 05c9 00       		.byte	0
 1506 05ca 00       		.byte	0
 1507 05cb 00       		.byte	0
 1508 05cc 01       		.byte	1
 1509 05cd 00       		.byte	0
 1510 05ce 00       		.byte	0
 1511 05cf 01       		.byte	1
 1512 05d0 01       		.byte	1
 1513 05d1 00       		.byte	0
 1514 05d2 00       		.byte	0
 1515 05d3 00       		.byte	0
 1516 05d4 00       		.byte	0
 1517 05d5 00       		.byte	0
 1518 05d6 00       		.byte	0
 1519 05d7 00       		.byte	0
 1520 05d8 00       		.byte	0
 1521 05d9 00       		.byte	0
 1522 05da 30       		.byte	48
 1523 05db 00       		.byte	0
 1524 05dc 30       		.byte	48
 1525 05dd 00       		.byte	0
 1526 05de 00       		.byte	0
 1527 05df 00       		.byte	0
 1528 05e0 40       		.byte	64
 1529 05e1 00       		.byte	0
 1530 05e2 00       		.byte	0
 1531 05e3 40       		.byte	64
 1532 05e4 00       		.byte	0
 1533 05e5 00       		.byte	0
 1534 05e6 00       		.byte	0
 1535 05e7 00       		.byte	0
 1536 05e8 00       		.byte	0
 1537 05e9 00       		.byte	0
 1538 05ea 00       		.byte	0
 1539 05eb 00       		.byte	0
ARM GAS  C:\Users\hozhen\AppData\Local\Temp\cc2YrHK3.s 			page 28


 1540 05ec CF       		.byte	-49
 1541 05ed 00       		.byte	0
 1542 05ee 20       		.byte	32
 1543 05ef DF       		.byte	-33
 1544 05f0 D5       		.byte	-43
 1545 05f1 00       		.byte	0
 1546 05f2 10       		.byte	16
 1547 05f3 00       		.byte	0
 1548 05f4 00       		.byte	0
 1549 05f5 00       		.byte	0
 1550 05f6 00       		.byte	0
 1551 05f7 00       		.byte	0
 1552 05f8 20       		.byte	32
 1553 05f9 00       		.byte	0
 1554 05fa 00       		.byte	0
 1555 05fb 20       		.byte	32
 1556 05fc 20       		.byte	32
 1557 05fd 00       		.byte	0
 1558 05fe 00       		.byte	0
 1559 05ff 00       		.byte	0
 1560 0600 00       		.byte	0
 1561 0601 00       		.byte	0
 1562 0602 00       		.byte	0
 1563 0603 00       		.byte	0
 1564 0604 02       		.byte	2
 1565 0605 00       		.byte	0
 1566 0606 00       		.byte	0
 1567 0607 00       		.byte	0
 1568 0608 00       		.byte	0
 1569 0609 00       		.byte	0
 1570 060a 00       		.byte	0
 1571 060b 00       		.byte	0
 1572              		.global	cy_meta_custnvl
 1573              		.section	.cycustnvl,"a",%progbits
 1574              		.align	2
 1575              		.type	cy_meta_custnvl, %object
 1576              		.size	cy_meta_custnvl, 4
 1577              	cy_meta_custnvl:
 1578 0000 00       		.byte	0
 1579 0001 00       		.byte	0
 1580 0002 40       		.byte	64
 1581 0003 05       		.byte	5
 1582              		.global	cy_meta_wonvl
 1583              		.section	.cywolatch,"a",%progbits
 1584              		.align	2
 1585              		.type	cy_meta_wonvl, %object
 1586              		.size	cy_meta_wonvl, 4
 1587              	cy_meta_wonvl:
 1588 0000 BC       		.byte	-68
 1589 0001 90       		.byte	-112
 1590 0002 AC       		.byte	-84
 1591 0003 AF       		.byte	-81
 1592              		.global	cy_meta_flashprotect
 1593              		.section	.cyflashprotect,"a",%progbits
 1594              		.align	2
 1595              		.type	cy_meta_flashprotect, %object
 1596              		.size	cy_meta_flashprotect, 256
ARM GAS  C:\Users\hozhen\AppData\Local\Temp\cc2YrHK3.s 			page 29


 1597              	cy_meta_flashprotect:
 1598 0000 00000000 		.space	256
 1598      00000000 
 1598      00000000 
 1598      00000000 
 1598      00000000 
 1599              		.global	cy_metadata
 1600              		.section	.cymeta,"a",%progbits
 1601              		.align	2
 1602              		.type	cy_metadata, %object
 1603              		.size	cy_metadata, 12
 1604              	cy_metadata:
 1605 0000 00       		.byte	0
 1606 0001 01       		.byte	1
 1607 0002 2E       		.byte	46
 1608 0003 12       		.byte	18
 1609 0004 30       		.byte	48
 1610 0005 69       		.byte	105
 1611 0006 00       		.byte	0
 1612 0007 01       		.byte	1
 1613 0008 00       		.byte	0
 1614 0009 00       		.byte	0
 1615 000a 00       		.byte	0
 1616 000b 00       		.byte	0
 1617              		.text
 1618              	.Letext0:
 1619              		.file 1 ".\\Generated_Source\\PSoC5\\cymetadata.c"
 1620              		.file 2 ".\\Generated_Source\\PSoC5\\cytypes.h"
 1621              		.section	.debug_info,"",%progbits
 1622              	.Ldebug_info0:
 1623 0000 3C010000 		.4byte	0x13c
 1624 0004 0200     		.2byte	0x2
 1625 0006 00000000 		.4byte	.Ldebug_abbrev0
 1626 000a 04       		.byte	0x4
 1627 000b 01       		.uleb128 0x1
 1628 000c 07010000 		.4byte	.LASF18
 1629 0010 01       		.byte	0x1
 1630 0011 00000000 		.4byte	.LASF19
 1631 0015 65010000 		.4byte	.LASF20
 1632 0019 00000000 		.4byte	.Ldebug_line0
 1633 001d 02       		.uleb128 0x2
 1634 001e 01       		.byte	0x1
 1635 001f 06       		.byte	0x6
 1636 0020 59010000 		.4byte	.LASF0
 1637 0024 02       		.uleb128 0x2
 1638 0025 01       		.byte	0x1
 1639 0026 08       		.byte	0x8
 1640 0027 38000000 		.4byte	.LASF1
 1641 002b 02       		.uleb128 0x2
 1642 002c 02       		.byte	0x2
 1643 002d 05       		.byte	0x5
 1644 002e F7000000 		.4byte	.LASF2
 1645 0032 02       		.uleb128 0x2
 1646 0033 02       		.byte	0x2
 1647 0034 07       		.byte	0x7
 1648 0035 58000000 		.4byte	.LASF3
 1649 0039 02       		.uleb128 0x2
ARM GAS  C:\Users\hozhen\AppData\Local\Temp\cc2YrHK3.s 			page 30


 1650 003a 04       		.byte	0x4
 1651 003b 05       		.byte	0x5
 1652 003c 50010000 		.4byte	.LASF4
 1653 0040 02       		.uleb128 0x2
 1654 0041 04       		.byte	0x4
 1655 0042 07       		.byte	0x7
 1656 0043 46000000 		.4byte	.LASF5
 1657 0047 02       		.uleb128 0x2
 1658 0048 08       		.byte	0x8
 1659 0049 05       		.byte	0x5
 1660 004a E4000000 		.4byte	.LASF6
 1661 004e 02       		.uleb128 0x2
 1662 004f 08       		.byte	0x8
 1663 0050 07       		.byte	0x7
 1664 0051 A1000000 		.4byte	.LASF7
 1665 0055 03       		.uleb128 0x3
 1666 0056 04       		.byte	0x4
 1667 0057 05       		.byte	0x5
 1668 0058 696E7400 		.ascii	"int\000"
 1669 005c 02       		.uleb128 0x2
 1670 005d 04       		.byte	0x4
 1671 005e 07       		.byte	0x7
 1672 005f 94000000 		.4byte	.LASF8
 1673 0063 04       		.uleb128 0x4
 1674 0064 01010000 		.4byte	.LASF21
 1675 0068 02       		.byte	0x2
 1676 0069 5B       		.byte	0x5b
 1677 006a 24000000 		.4byte	0x24
 1678 006e 02       		.uleb128 0x2
 1679 006f 04       		.byte	0x4
 1680 0070 04       		.byte	0x4
 1681 0071 32000000 		.4byte	.LASF9
 1682 0075 02       		.uleb128 0x2
 1683 0076 08       		.byte	0x8
 1684 0077 04       		.byte	0x4
 1685 0078 6B000000 		.4byte	.LASF10
 1686 007c 02       		.uleb128 0x2
 1687 007d 01       		.byte	0x1
 1688 007e 08       		.byte	0x8
 1689 007f F2000000 		.4byte	.LASF11
 1690 0083 05       		.uleb128 0x5
 1691 0084 63000000 		.4byte	0x63
 1692 0088 94000000 		.4byte	0x94
 1693 008c 06       		.uleb128 0x6
 1694 008d 94000000 		.4byte	0x94
 1695 0091 0B06     		.2byte	0x60b
 1696 0093 00       		.byte	0
 1697 0094 02       		.uleb128 0x2
 1698 0095 04       		.byte	0x4
 1699 0096 07       		.byte	0x7
 1700 0097 DB000000 		.4byte	.LASF12
 1701 009b 07       		.uleb128 0x7
 1702 009c 82000000 		.4byte	.LASF13
 1703 00a0 01       		.byte	0x1
 1704 00a1 1C       		.byte	0x1c
 1705 00a2 AD000000 		.4byte	0xad
 1706 00a6 01       		.byte	0x1
ARM GAS  C:\Users\hozhen\AppData\Local\Temp\cc2YrHK3.s 			page 31


 1707 00a7 05       		.byte	0x5
 1708 00a8 03       		.byte	0x3
 1709 00a9 00000000 		.4byte	cy_meta_configecc
 1710 00ad 08       		.uleb128 0x8
 1711 00ae 83000000 		.4byte	0x83
 1712 00b2 05       		.uleb128 0x5
 1713 00b3 63000000 		.4byte	0x63
 1714 00b7 C2000000 		.4byte	0xc2
 1715 00bb 09       		.uleb128 0x9
 1716 00bc 94000000 		.4byte	0x94
 1717 00c0 03       		.byte	0x3
 1718 00c1 00       		.byte	0
 1719 00c2 07       		.uleb128 0x7
 1720 00c3 72000000 		.4byte	.LASF14
 1721 00c7 01       		.byte	0x1
 1722 00c8 E8       		.byte	0xe8
 1723 00c9 D4000000 		.4byte	0xd4
 1724 00cd 01       		.byte	0x1
 1725 00ce 05       		.byte	0x5
 1726 00cf 03       		.byte	0x3
 1727 00d0 00000000 		.4byte	cy_meta_custnvl
 1728 00d4 08       		.uleb128 0x8
 1729 00d5 B2000000 		.4byte	0xb2
 1730 00d9 07       		.uleb128 0x7
 1731 00da CD000000 		.4byte	.LASF15
 1732 00de 01       		.byte	0x1
 1733 00df F3       		.byte	0xf3
 1734 00e0 EB000000 		.4byte	0xeb
 1735 00e4 01       		.byte	0x1
 1736 00e5 05       		.byte	0x5
 1737 00e6 03       		.byte	0x3
 1738 00e7 00000000 		.4byte	cy_meta_wonvl
 1739 00eb 08       		.uleb128 0x8
 1740 00ec B2000000 		.4byte	0xb2
 1741 00f0 05       		.uleb128 0x5
 1742 00f1 63000000 		.4byte	0x63
 1743 00f5 00010000 		.4byte	0x100
 1744 00f9 09       		.uleb128 0x9
 1745 00fa 94000000 		.4byte	0x94
 1746 00fe FF       		.byte	0xff
 1747 00ff 00       		.byte	0
 1748 0100 07       		.uleb128 0x7
 1749 0101 B8000000 		.4byte	.LASF16
 1750 0105 01       		.byte	0x1
 1751 0106 FE       		.byte	0xfe
 1752 0107 12010000 		.4byte	0x112
 1753 010b 01       		.byte	0x1
 1754 010c 05       		.byte	0x5
 1755 010d 03       		.byte	0x3
 1756 010e 00000000 		.4byte	cy_meta_flashprotect
 1757 0112 08       		.uleb128 0x8
 1758 0113 F0000000 		.4byte	0xf0
 1759 0117 05       		.uleb128 0x5
 1760 0118 63000000 		.4byte	0x63
 1761 011c 27010000 		.4byte	0x127
 1762 0120 09       		.uleb128 0x9
 1763 0121 94000000 		.4byte	0x94
ARM GAS  C:\Users\hozhen\AppData\Local\Temp\cc2YrHK3.s 			page 32


 1764 0125 0B       		.byte	0xb
 1765 0126 00       		.byte	0
 1766 0127 0A       		.uleb128 0xa
 1767 0128 26000000 		.4byte	.LASF17
 1768 012c 01       		.byte	0x1
 1769 012d 2801     		.2byte	0x128
 1770 012f 3A010000 		.4byte	0x13a
 1771 0133 01       		.byte	0x1
 1772 0134 05       		.byte	0x5
 1773 0135 03       		.byte	0x3
 1774 0136 00000000 		.4byte	cy_metadata
 1775 013a 08       		.uleb128 0x8
 1776 013b 17010000 		.4byte	0x117
 1777 013f 00       		.byte	0
 1778              		.section	.debug_abbrev,"",%progbits
 1779              	.Ldebug_abbrev0:
 1780 0000 01       		.uleb128 0x1
 1781 0001 11       		.uleb128 0x11
 1782 0002 01       		.byte	0x1
 1783 0003 25       		.uleb128 0x25
 1784 0004 0E       		.uleb128 0xe
 1785 0005 13       		.uleb128 0x13
 1786 0006 0B       		.uleb128 0xb
 1787 0007 03       		.uleb128 0x3
 1788 0008 0E       		.uleb128 0xe
 1789 0009 1B       		.uleb128 0x1b
 1790 000a 0E       		.uleb128 0xe
 1791 000b 10       		.uleb128 0x10
 1792 000c 06       		.uleb128 0x6
 1793 000d 00       		.byte	0
 1794 000e 00       		.byte	0
 1795 000f 02       		.uleb128 0x2
 1796 0010 24       		.uleb128 0x24
 1797 0011 00       		.byte	0
 1798 0012 0B       		.uleb128 0xb
 1799 0013 0B       		.uleb128 0xb
 1800 0014 3E       		.uleb128 0x3e
 1801 0015 0B       		.uleb128 0xb
 1802 0016 03       		.uleb128 0x3
 1803 0017 0E       		.uleb128 0xe
 1804 0018 00       		.byte	0
 1805 0019 00       		.byte	0
 1806 001a 03       		.uleb128 0x3
 1807 001b 24       		.uleb128 0x24
 1808 001c 00       		.byte	0
 1809 001d 0B       		.uleb128 0xb
 1810 001e 0B       		.uleb128 0xb
 1811 001f 3E       		.uleb128 0x3e
 1812 0020 0B       		.uleb128 0xb
 1813 0021 03       		.uleb128 0x3
 1814 0022 08       		.uleb128 0x8
 1815 0023 00       		.byte	0
 1816 0024 00       		.byte	0
 1817 0025 04       		.uleb128 0x4
 1818 0026 16       		.uleb128 0x16
 1819 0027 00       		.byte	0
 1820 0028 03       		.uleb128 0x3
ARM GAS  C:\Users\hozhen\AppData\Local\Temp\cc2YrHK3.s 			page 33


 1821 0029 0E       		.uleb128 0xe
 1822 002a 3A       		.uleb128 0x3a
 1823 002b 0B       		.uleb128 0xb
 1824 002c 3B       		.uleb128 0x3b
 1825 002d 0B       		.uleb128 0xb
 1826 002e 49       		.uleb128 0x49
 1827 002f 13       		.uleb128 0x13
 1828 0030 00       		.byte	0
 1829 0031 00       		.byte	0
 1830 0032 05       		.uleb128 0x5
 1831 0033 01       		.uleb128 0x1
 1832 0034 01       		.byte	0x1
 1833 0035 49       		.uleb128 0x49
 1834 0036 13       		.uleb128 0x13
 1835 0037 01       		.uleb128 0x1
 1836 0038 13       		.uleb128 0x13
 1837 0039 00       		.byte	0
 1838 003a 00       		.byte	0
 1839 003b 06       		.uleb128 0x6
 1840 003c 21       		.uleb128 0x21
 1841 003d 00       		.byte	0
 1842 003e 49       		.uleb128 0x49
 1843 003f 13       		.uleb128 0x13
 1844 0040 2F       		.uleb128 0x2f
 1845 0041 05       		.uleb128 0x5
 1846 0042 00       		.byte	0
 1847 0043 00       		.byte	0
 1848 0044 07       		.uleb128 0x7
 1849 0045 34       		.uleb128 0x34
 1850 0046 00       		.byte	0
 1851 0047 03       		.uleb128 0x3
 1852 0048 0E       		.uleb128 0xe
 1853 0049 3A       		.uleb128 0x3a
 1854 004a 0B       		.uleb128 0xb
 1855 004b 3B       		.uleb128 0x3b
 1856 004c 0B       		.uleb128 0xb
 1857 004d 49       		.uleb128 0x49
 1858 004e 13       		.uleb128 0x13
 1859 004f 3F       		.uleb128 0x3f
 1860 0050 0C       		.uleb128 0xc
 1861 0051 02       		.uleb128 0x2
 1862 0052 0A       		.uleb128 0xa
 1863 0053 00       		.byte	0
 1864 0054 00       		.byte	0
 1865 0055 08       		.uleb128 0x8
 1866 0056 26       		.uleb128 0x26
 1867 0057 00       		.byte	0
 1868 0058 49       		.uleb128 0x49
 1869 0059 13       		.uleb128 0x13
 1870 005a 00       		.byte	0
 1871 005b 00       		.byte	0
 1872 005c 09       		.uleb128 0x9
 1873 005d 21       		.uleb128 0x21
 1874 005e 00       		.byte	0
 1875 005f 49       		.uleb128 0x49
 1876 0060 13       		.uleb128 0x13
 1877 0061 2F       		.uleb128 0x2f
ARM GAS  C:\Users\hozhen\AppData\Local\Temp\cc2YrHK3.s 			page 34


 1878 0062 0B       		.uleb128 0xb
 1879 0063 00       		.byte	0
 1880 0064 00       		.byte	0
 1881 0065 0A       		.uleb128 0xa
 1882 0066 34       		.uleb128 0x34
 1883 0067 00       		.byte	0
 1884 0068 03       		.uleb128 0x3
 1885 0069 0E       		.uleb128 0xe
 1886 006a 3A       		.uleb128 0x3a
 1887 006b 0B       		.uleb128 0xb
 1888 006c 3B       		.uleb128 0x3b
 1889 006d 05       		.uleb128 0x5
 1890 006e 49       		.uleb128 0x49
 1891 006f 13       		.uleb128 0x13
 1892 0070 3F       		.uleb128 0x3f
 1893 0071 0C       		.uleb128 0xc
 1894 0072 02       		.uleb128 0x2
 1895 0073 0A       		.uleb128 0xa
 1896 0074 00       		.byte	0
 1897 0075 00       		.byte	0
 1898 0076 00       		.byte	0
 1899              		.section	.debug_aranges,"",%progbits
 1900 0000 14000000 		.4byte	0x14
 1901 0004 0200     		.2byte	0x2
 1902 0006 00000000 		.4byte	.Ldebug_info0
 1903 000a 04       		.byte	0x4
 1904 000b 00       		.byte	0
 1905 000c 0000     		.2byte	0
 1906 000e 0000     		.2byte	0
 1907 0010 00000000 		.4byte	0
 1908 0014 00000000 		.4byte	0
 1909              		.section	.debug_line,"",%progbits
 1910              	.Ldebug_line0:
 1911 0000 4F000000 		.section	.debug_str,"MS",%progbits,1
 1911      02004900 
 1911      00000201 
 1911      FB0E0D00 
 1911      01010101 
 1912              	.LASF19:
 1913 0000 2E5C4765 		.ascii	".\\Generated_Source\\PSoC5\\cymetadata.c\000"
 1913      6E657261 
 1913      7465645F 
 1913      536F7572 
 1913      63655C50 
 1914              	.LASF17:
 1915 0026 63795F6D 		.ascii	"cy_metadata\000"
 1915      65746164 
 1915      61746100 
 1916              	.LASF9:
 1917 0032 666C6F61 		.ascii	"float\000"
 1917      7400
 1918              	.LASF1:
 1919 0038 756E7369 		.ascii	"unsigned char\000"
 1919      676E6564 
 1919      20636861 
 1919      7200
 1920              	.LASF5:
ARM GAS  C:\Users\hozhen\AppData\Local\Temp\cc2YrHK3.s 			page 35


 1921 0046 6C6F6E67 		.ascii	"long unsigned int\000"
 1921      20756E73 
 1921      69676E65 
 1921      6420696E 
 1921      7400
 1922              	.LASF3:
 1923 0058 73686F72 		.ascii	"short unsigned int\000"
 1923      7420756E 
 1923      7369676E 
 1923      65642069 
 1923      6E7400
 1924              	.LASF10:
 1925 006b 646F7562 		.ascii	"double\000"
 1925      6C6500
 1926              	.LASF14:
 1927 0072 63795F6D 		.ascii	"cy_meta_custnvl\000"
 1927      6574615F 
 1927      63757374 
 1927      6E766C00 
 1928              	.LASF13:
 1929 0082 63795F6D 		.ascii	"cy_meta_configecc\000"
 1929      6574615F 
 1929      636F6E66 
 1929      69676563 
 1929      6300
 1930              	.LASF8:
 1931 0094 756E7369 		.ascii	"unsigned int\000"
 1931      676E6564 
 1931      20696E74 
 1931      00
 1932              	.LASF7:
 1933 00a1 6C6F6E67 		.ascii	"long long unsigned int\000"
 1933      206C6F6E 
 1933      6720756E 
 1933      7369676E 
 1933      65642069 
 1934              	.LASF16:
 1935 00b8 63795F6D 		.ascii	"cy_meta_flashprotect\000"
 1935      6574615F 
 1935      666C6173 
 1935      6870726F 
 1935      74656374 
 1936              	.LASF15:
 1937 00cd 63795F6D 		.ascii	"cy_meta_wonvl\000"
 1937      6574615F 
 1937      776F6E76 
 1937      6C00
 1938              	.LASF12:
 1939 00db 73697A65 		.ascii	"sizetype\000"
 1939      74797065 
 1939      00
 1940              	.LASF6:
 1941 00e4 6C6F6E67 		.ascii	"long long int\000"
 1941      206C6F6E 
 1941      6720696E 
 1941      7400
 1942              	.LASF11:
ARM GAS  C:\Users\hozhen\AppData\Local\Temp\cc2YrHK3.s 			page 36


 1943 00f2 63686172 		.ascii	"char\000"
 1943      00
 1944              	.LASF2:
 1945 00f7 73686F72 		.ascii	"short int\000"
 1945      7420696E 
 1945      7400
 1946              	.LASF21:
 1947 0101 75696E74 		.ascii	"uint8\000"
 1947      3800
 1948              	.LASF18:
 1949 0107 474E5520 		.ascii	"GNU C 4.7.3 20130312 (release) [ARM/embedded-4_7-br"
 1949      4320342E 
 1949      372E3320 
 1949      32303133 
 1949      30333132 
 1950 013a 616E6368 		.ascii	"anch revision 196615]\000"
 1950      20726576 
 1950      6973696F 
 1950      6E203139 
 1950      36363135 
 1951              	.LASF4:
 1952 0150 6C6F6E67 		.ascii	"long int\000"
 1952      20696E74 
 1952      00
 1953              	.LASF0:
 1954 0159 7369676E 		.ascii	"signed char\000"
 1954      65642063 
 1954      68617200 
 1955              	.LASF20:
 1956 0165 433A5C55 		.ascii	"C:\\Users\\hozhen\\Google Drive\\Docs Ho-Zhen\\proj"
 1956      73657273 
 1956      5C686F7A 
 1956      68656E5C 
 1956      476F6F67 
 1957 0193 65637473 		.ascii	"ects\\UMBS\\UMBS Project\\Software\\PSoC\\Drivers\\"
 1957      5C554D42 
 1957      535C554D 
 1957      42532050 
 1957      726F6A65 
 1958 01c0 44656361 		.ascii	"Decagon_Soilmoisture\\Decagon_Soilmoisture.cydsn\000"
 1958      676F6E5F 
 1958      536F696C 
 1958      6D6F6973 
 1958      74757265 
 1959              		.ident	"GCC: (GNU Tools for ARM Embedded Processors) 4.7.3 20130312 (release) [ARM/embedded-4_7-br
