--------------- Build Started: 11/16/2014 17:10:32 Project: Decagon_Soilmoisture, Configuration: ARM GCC 4.7.3 Debug ---------------
cydsfit.exe "-.appdatapath" "C:\Users\hozhen\AppData\Local\Cypress Semiconductor\PSoC Creator\3.0" "-.fdsnotice" "-.fdswarpdepfile=warp_dependencies.txt" "-.fdselabdepfile=elab_dependencies.txt" "-.fdsbldfile=generated_files.txt" "-p" "C:\Users\hozhen\Google Drive\Docs Ho-Zhen\projects\UMBS\UMBS Project\Software\PSoC\Drivers\Decagon_Soilmoisture\Decagon_Soilmoisture.cydsn\Decagon_Soilmoisture.cyprj" "-d" "CY8C5868AXI-LP035" "-s" "C:\Users\hozhen\Google Drive\Docs Ho-Zhen\projects\UMBS\UMBS Project\Software\PSoC\Drivers\Decagon_Soilmoisture\Decagon_Soilmoisture.cydsn\Generated_Source\PSoC5" "--" "-yv2" "-v3" "-ygs" "-q10" "-o2" "-.fftcfgtype=LE"
Elaborating Design...
HDL Generation ...
Synthesis ...
Place and Route ...
Tech mapping ...
Info: mpr.M0037: Unused pieces of the design have been optimized out. See the Tech mapping section of the report file for details. (App=cydsfit)
Analog Placement ...
Analog Routing ...
Analog Code Generation ...
Digital Placement ...
Digital Routing ...
Bitstream Generation ...
Static timing analysis ...
API Generation ...
Dependency Generation ...
Clean Temporary Files ...
arm-none-eabi-gcc.exe -I. -I./Generated_Source/PSoC5 -Wno-main -mcpu=cortex-m3 -mthumb -I ..\..\..\..\neolib -Wall -g -D DEBUG -Wa,-alh=.\CortexM3\ARM_GCC_473\Debug\main.lst -ffunction-sections -c .\main.c -o .\CortexM3\ARM_GCC_473\Debug\main.o
.\main.c: In function 'moteNotificationReceived':
.\main.c:25:18: warning: unused variable 'x' [-Wunused-variable]
.\main.c: In function 'rtcCallBackReceived':
.\main.c:77:15: warning: unused variable 'x' [-Wunused-variable]
.\main.c:73:25: warning: variable 'Packet' set but not used [-Wunused-but-set-variable]
arm-none-eabi-gcc.exe -I. -I./Generated_Source/PSoC5 -Wno-main -mcpu=cortex-m3 -mthumb -I ..\..\..\..\neolib -Wall -g -D DEBUG -Wa,-alh=.\CortexM3\ARM_GCC_473\Debug\SoilMoisture_Decagon.lst -ffunction-sections -c .\SoilMoisture_Decagon.c -o .\CortexM3\ARM_GCC_473\Debug\SoilMoisture_Decagon.o
.\SoilMoisture_Decagon.c: In function 'SoilMoisture_Decagon_Convert_Raw_Reading':
.\SoilMoisture_Decagon.c:46:5: warning: implicit declaration of function 'sscanf' [-Wimplicit-function-declaration]
.\SoilMoisture_Decagon.c:46:28: warning: incompatible implicit declaration of built-in function 'sscanf' [enabled by default]
.\SoilMoisture_Decagon.c:47:33: warning: pointer targets in passing argument 1 of 'sscanf' differ in signedness [-Wpointer-sign]
.\SoilMoisture_Decagon.c:47:33: note: expected 'const char *' but argument is of type 'uint8 *'
.\SoilMoisture_Decagon.c:47:33: warning: format '%d' expects argument of type 'int *', but argument 5 has type 'uint16 *' [-Wformat]
.\SoilMoisture_Decagon.c:47:33: warning: format '%s' expects argument of type 'char *', but argument 6 has type 'int' [-Wformat]
arm-none-eabi-gcc.exe -I. -I./Generated_Source/PSoC5 -Wno-main -mcpu=cortex-m3 -mthumb -I ..\..\..\..\neolib -Wall -g -D DEBUG -Wa,-alh=.\CortexM3\ARM_GCC_473\Debug\cyfitter_cfg.lst -ffunction-sections -c .\Generated_Source\PSoC5\cyfitter_cfg.c -o .\CortexM3\ARM_GCC_473\Debug\cyfitter_cfg.o
arm-none-eabi-gcc.exe -I. -I./Generated_Source/PSoC5 -Wno-main -mcpu=cortex-m3 -mthumb -I ..\..\..\..\neolib -Wall -g -D DEBUG -Wa,-alh=.\CortexM3\ARM_GCC_473\Debug\cymetadata.lst -ffunction-sections -c .\Generated_Source\PSoC5\cymetadata.c -o .\CortexM3\ARM_GCC_473\Debug\cymetadata.o
arm-none-eabi-gcc.exe -I. -I./Generated_Source/PSoC5 -Wno-main -mcpu=cortex-m3 -mthumb -I ..\..\..\..\neolib -Wall -g -D DEBUG -Wa,-alh=.\CortexM3\ARM_GCC_473\Debug\UART_SoilMoisture_Decagon.lst -ffunction-sections -c .\Generated_Source\PSoC5\UART_SoilMoisture_Decagon.c -o .\CortexM3\ARM_GCC_473\Debug\UART_SoilMoisture_Decagon.o
arm-none-eabi-gcc.exe -I. -I./Generated_Source/PSoC5 -Wno-main -mcpu=cortex-m3 -mthumb -I ..\..\..\..\neolib -Wall -g -D DEBUG -Wa,-alh=.\CortexM3\ARM_GCC_473\Debug\UART_SoilMoisture_Decagon_PM.lst -ffunction-sections -c .\Generated_Source\PSoC5\UART_SoilMoisture_Decagon_PM.c -o .\CortexM3\ARM_GCC_473\Debug\UART_SoilMoisture_Decagon_PM.o
arm-none-eabi-gcc.exe -I. -I./Generated_Source/PSoC5 -Wno-main -mcpu=cortex-m3 -mthumb -I ..\..\..\..\neolib -Wall -g -D DEBUG -Wa,-alh=.\CortexM3\ARM_GCC_473\Debug\UART_SoilMoisture_Decagon_INT.lst -ffunction-sections -c .\Generated_Source\PSoC5\UART_SoilMoisture_Decagon_INT.c -o .\CortexM3\ARM_GCC_473\Debug\UART_SoilMoisture_Decagon_INT.o
arm-none-eabi-gcc.exe -I. -I./Generated_Source/PSoC5 -Wno-main -mcpu=cortex-m3 -mthumb -I ..\..\..\..\neolib -Wall -g -D DEBUG -Wa,-alh=.\CortexM3\ARM_GCC_473\Debug\UART_SoilMoisture_Decagon_BOOT.lst -ffunction-sections -c .\Generated_Source\PSoC5\UART_SoilMoisture_Decagon_BOOT.c -o .\CortexM3\ARM_GCC_473\Debug\UART_SoilMoisture_Decagon_BOOT.o
arm-none-eabi-gcc.exe -I. -I./Generated_Source/PSoC5 -Wno-main -mcpu=cortex-m3 -mthumb -I ..\..\..\..\neolib -Wall -g -D DEBUG -Wa,-alh=.\CortexM3\ARM_GCC_473\Debug\isr_SoilMoisture_Decagon.lst -ffunction-sections -c .\Generated_Source\PSoC5\isr_SoilMoisture_Decagon.c -o .\CortexM3\ARM_GCC_473\Debug\isr_SoilMoisture_Decagon.o
arm-none-eabi-gcc.exe -I. -I./Generated_Source/PSoC5 -Wno-main -mcpu=cortex-m3 -mthumb -I ..\..\..\..\neolib -Wall -g -D DEBUG -Wa,-alh=.\CortexM3\ARM_GCC_473\Debug\Decagon_Sensor_Power.lst -ffunction-sections -c .\Generated_Source\PSoC5\Decagon_Sensor_Power.c -o .\CortexM3\ARM_GCC_473\Debug\Decagon_Sensor_Power.o
arm-none-eabi-gcc.exe -I. -I./Generated_Source/PSoC5 -Wno-main -mcpu=cortex-m3 -mthumb -I ..\..\..\..\neolib -Wall -g -D DEBUG -Wa,-alh=.\CortexM3\ARM_GCC_473\Debug\UART_SoilMoisture_Decagon_IntClock.lst -ffunction-sections -c .\Generated_Source\PSoC5\UART_SoilMoisture_Decagon_IntClock.c -o .\CortexM3\ARM_GCC_473\Debug\UART_SoilMoisture_Decagon_IntClock.o
arm-none-eabi-gcc.exe -I. -I./Generated_Source/PSoC5 -Wno-main -mcpu=cortex-m3 -mthumb -I ..\..\..\..\neolib -Wall -g -D DEBUG -Wa,-alh=.\CortexM3\ARM_GCC_473\Debug\NEOMOTE_1_UART_MOTE.lst -ffunction-sections -c .\Generated_Source\PSoC5\NEOMOTE_1_UART_MOTE.c -o .\CortexM3\ARM_GCC_473\Debug\NEOMOTE_1_UART_MOTE.o
arm-none-eabi-gcc.exe -I. -I./Generated_Source/PSoC5 -Wno-main -mcpu=cortex-m3 -mthumb -I ..\..\..\..\neolib -Wall -g -D DEBUG -Wa,-alh=.\CortexM3\ARM_GCC_473\Debug\NEOMOTE_1_UART_MOTE_PM.lst -ffunction-sections -c .\Generated_Source\PSoC5\NEOMOTE_1_UART_MOTE_PM.c -o .\CortexM3\ARM_GCC_473\Debug\NEOMOTE_1_UART_MOTE_PM.o
arm-none-eabi-gcc.exe -I. -I./Generated_Source/PSoC5 -Wno-main -mcpu=cortex-m3 -mthumb -I ..\..\..\..\neolib -Wall -g -D DEBUG -Wa,-alh=.\CortexM3\ARM_GCC_473\Debug\NEOMOTE_1_UART_MOTE_INT.lst -ffunction-sections -c .\Generated_Source\PSoC5\NEOMOTE_1_UART_MOTE_INT.c -o .\CortexM3\ARM_GCC_473\Debug\NEOMOTE_1_UART_MOTE_INT.o
arm-none-eabi-gcc.exe -I. -I./Generated_Source/PSoC5 -Wno-main -mcpu=cortex-m3 -mthumb -I ..\..\..\..\neolib -Wall -g -D DEBUG -Wa,-alh=.\CortexM3\ARM_GCC_473\Debug\NEOMOTE_1_UART_MOTE_BOOT.lst -ffunction-sections -c .\Generated_Source\PSoC5\NEOMOTE_1_UART_MOTE_BOOT.c -o .\CortexM3\ARM_GCC_473\Debug\NEOMOTE_1_UART_MOTE_BOOT.o
arm-none-eabi-gcc.exe -I. -I./Generated_Source/PSoC5 -Wno-main -mcpu=cortex-m3 -mthumb -I ..\..\..\..\neolib -Wall -g -D DEBUG -Wa,-alh=.\CortexM3\ARM_GCC_473\Debug\NEOMOTE_1_isr_RX.lst -ffunction-sections -c .\Generated_Source\PSoC5\NEOMOTE_1_isr_RX.c -o .\CortexM3\ARM_GCC_473\Debug\NEOMOTE_1_isr_RX.o
arm-none-eabi-gcc.exe -I. -I./Generated_Source/PSoC5 -Wno-main -mcpu=cortex-m3 -mthumb -I ..\..\..\..\neolib -Wall -g -D DEBUG -Wa,-alh=.\CortexM3\ARM_GCC_473\Debug\NEOMOTE_1_RX_RTS_n.lst -ffunction-sections -c .\Generated_Source\PSoC5\NEOMOTE_1_RX_RTS_n.c -o .\CortexM3\ARM_GCC_473\Debug\NEOMOTE_1_RX_RTS_n.o
arm-none-eabi-gcc.exe -I. -I./Generated_Source/PSoC5 -Wno-main -mcpu=cortex-m3 -mthumb -I ..\..\..\..\neolib -Wall -g -D DEBUG -Wa,-alh=.\CortexM3\ARM_GCC_473\Debug\NEOMOTE_1_RX_CTS_n.lst -ffunction-sections -c .\Generated_Source\PSoC5\NEOMOTE_1_RX_CTS_n.c -o .\CortexM3\ARM_GCC_473\Debug\NEOMOTE_1_RX_CTS_n.o
arm-none-eabi-gcc.exe -I. -I./Generated_Source/PSoC5 -Wno-main -mcpu=cortex-m3 -mthumb -I ..\..\..\..\neolib -Wall -g -D DEBUG -Wa,-alh=.\CortexM3\ARM_GCC_473\Debug\NEOMOTE_1_TX_RTS_n.lst -ffunction-sections -c .\Generated_Source\PSoC5\NEOMOTE_1_TX_RTS_n.c -o .\CortexM3\ARM_GCC_473\Debug\NEOMOTE_1_TX_RTS_n.o
arm-none-eabi-gcc.exe -I. -I./Generated_Source/PSoC5 -Wno-main -mcpu=cortex-m3 -mthumb -I ..\..\..\..\neolib -Wall -g -D DEBUG -Wa,-alh=.\CortexM3\ARM_GCC_473\Debug\NEOMOTE_1_TX_CTS_n.lst -ffunction-sections -c .\Generated_Source\PSoC5\NEOMOTE_1_TX_CTS_n.c -o .\CortexM3\ARM_GCC_473\Debug\NEOMOTE_1_TX_CTS_n.o
arm-none-eabi-gcc.exe -I. -I./Generated_Source/PSoC5 -Wno-main -mcpu=cortex-m3 -mthumb -I ..\..\..\..\neolib -Wall -g -D DEBUG -Wa,-alh=.\CortexM3\ARM_GCC_473\Debug\NEOMOTE_1_isr_RX_RTSn.lst -ffunction-sections -c .\Generated_Source\PSoC5\NEOMOTE_1_isr_RX_RTSn.c -o .\CortexM3\ARM_GCC_473\Debug\NEOMOTE_1_isr_RX_RTSn.o
arm-none-eabi-gcc.exe -I. -I./Generated_Source/PSoC5 -Wno-main -mcpu=cortex-m3 -mthumb -I ..\..\..\..\neolib -Wall -g -D DEBUG -Wa,-alh=.\CortexM3\ARM_GCC_473\Debug\NEOMOTE_1_External_VRef.lst -ffunction-sections -c .\Generated_Source\PSoC5\NEOMOTE_1_External_VRef.c -o .\CortexM3\ARM_GCC_473\Debug\NEOMOTE_1_External_VRef.o
arm-none-eabi-gcc.exe -I. -I./Generated_Source/PSoC5 -Wno-main -mcpu=cortex-m3 -mthumb -I ..\..\..\..\neolib -Wall -g -D DEBUG -Wa,-alh=.\CortexM3\ARM_GCC_473\Debug\NEOMOTE_1_I2C_0.lst -ffunction-sections -c .\Generated_Source\PSoC5\NEOMOTE_1_I2C_0.c -o .\CortexM3\ARM_GCC_473\Debug\NEOMOTE_1_I2C_0.o
arm-none-eabi-gcc.exe -I. -I./Generated_Source/PSoC5 -Wno-main -mcpu=cortex-m3 -mthumb -I ..\..\..\..\neolib -Wall -g -D DEBUG -Wa,-alh=.\CortexM3\ARM_GCC_473\Debug\NEOMOTE_1_I2C_0_BOOT.lst -ffunction-sections -c .\Generated_Source\PSoC5\NEOMOTE_1_I2C_0_BOOT.c -o .\CortexM3\ARM_GCC_473\Debug\NEOMOTE_1_I2C_0_BOOT.o
arm-none-eabi-gcc.exe -I. -I./Generated_Source/PSoC5 -Wno-main -mcpu=cortex-m3 -mthumb -I ..\..\..\..\neolib -Wall -g -D DEBUG -Wa,-alh=.\CortexM3\ARM_GCC_473\Debug\NEOMOTE_1_I2C_0_INT.lst -ffunction-sections -c .\Generated_Source\PSoC5\NEOMOTE_1_I2C_0_INT.c -o .\CortexM3\ARM_GCC_473\Debug\NEOMOTE_1_I2C_0_INT.o
arm-none-eabi-gcc.exe -I. -I./Generated_Source/PSoC5 -Wno-main -mcpu=cortex-m3 -mthumb -I ..\..\..\..\neolib -Wall -g -D DEBUG -Wa,-alh=.\CortexM3\ARM_GCC_473\Debug\NEOMOTE_1_I2C_0_PM.lst -ffunction-sections -c .\Generated_Source\PSoC5\NEOMOTE_1_I2C_0_PM.c -o .\CortexM3\ARM_GCC_473\Debug\NEOMOTE_1_I2C_0_PM.o
arm-none-eabi-gcc.exe -I. -I./Generated_Source/PSoC5 -Wno-main -mcpu=cortex-m3 -mthumb -I ..\..\..\..\neolib -Wall -g -D DEBUG -Wa,-alh=.\CortexM3\ARM_GCC_473\Debug\NEOMOTE_1_I2C_0_SLAVE.lst -ffunction-sections -c .\Generated_Source\PSoC5\NEOMOTE_1_I2C_0_SLAVE.c -o .\CortexM3\ARM_GCC_473\Debug\NEOMOTE_1_I2C_0_SLAVE.o
arm-none-eabi-gcc.exe -I. -I./Generated_Source/PSoC5 -Wno-main -mcpu=cortex-m3 -mthumb -I ..\..\..\..\neolib -Wall -g -D DEBUG -Wa,-alh=.\CortexM3\ARM_GCC_473\Debug\NEOMOTE_1_I2C_0_MASTER.lst -ffunction-sections -c .\Generated_Source\PSoC5\NEOMOTE_1_I2C_0_MASTER.c -o .\CortexM3\ARM_GCC_473\Debug\NEOMOTE_1_I2C_0_MASTER.o
arm-none-eabi-gcc.exe -I. -I./Generated_Source/PSoC5 -Wno-main -mcpu=cortex-m3 -mthumb -I ..\..\..\..\neolib -Wall -g -D DEBUG -Wa,-alh=.\CortexM3\ARM_GCC_473\Debug\NEOMOTE_1_I2C_0_SDA.lst -ffunction-sections -c .\Generated_Source\PSoC5\NEOMOTE_1_I2C_0_SDA.c -o .\CortexM3\ARM_GCC_473\Debug\NEOMOTE_1_I2C_0_SDA.o
arm-none-eabi-gcc.exe -I. -I./Generated_Source/PSoC5 -Wno-main -mcpu=cortex-m3 -mthumb -I ..\..\..\..\neolib -Wall -g -D DEBUG -Wa,-alh=.\CortexM3\ARM_GCC_473\Debug\NEOMOTE_1_I2C_0_SCL.lst -ffunction-sections -c .\Generated_Source\PSoC5\NEOMOTE_1_I2C_0_SCL.c -o .\CortexM3\ARM_GCC_473\Debug\NEOMOTE_1_I2C_0_SCL.o
arm-none-eabi-gcc.exe -I. -I./Generated_Source/PSoC5 -Wno-main -mcpu=cortex-m3 -mthumb -I ..\..\..\..\neolib -Wall -g -D DEBUG -Wa,-alh=.\CortexM3\ARM_GCC_473\Debug\NEOMOTE_1_NEO_RTC_INT1.lst -ffunction-sections -c .\Generated_Source\PSoC5\NEOMOTE_1_NEO_RTC_INT1.c -o .\CortexM3\ARM_GCC_473\Debug\NEOMOTE_1_NEO_RTC_INT1.o
arm-none-eabi-gcc.exe -I. -I./Generated_Source/PSoC5 -Wno-main -mcpu=cortex-m3 -mthumb -I ..\..\..\..\neolib -Wall -g -D DEBUG -Wa,-alh=.\CortexM3\ARM_GCC_473\Debug\NEOMOTE_1_isr_rtc_int1.lst -ffunction-sections -c .\Generated_Source\PSoC5\NEOMOTE_1_isr_rtc_int1.c -o .\CortexM3\ARM_GCC_473\Debug\NEOMOTE_1_isr_rtc_int1.o
arm-none-eabi-gcc.exe -I. -I./Generated_Source/PSoC5 -Wno-main -mcpu=cortex-m3 -mthumb -I ..\..\..\..\neolib -Wall -g -D DEBUG -Wa,-alh=.\CortexM3\ARM_GCC_473\Debug\NEOMOTE_1_SD_Card_Power.lst -ffunction-sections -c .\Generated_Source\PSoC5\NEOMOTE_1_SD_Card_Power.c -o .\CortexM3\ARM_GCC_473\Debug\NEOMOTE_1_SD_Card_Power.o
arm-none-eabi-gcc.exe -I. -I./Generated_Source/PSoC5 -Wno-main -mcpu=cortex-m3 -mthumb -I ..\..\..\..\neolib -Wall -g -D DEBUG -Wa,-alh=.\CortexM3\ARM_GCC_473\Debug\NEOMOTE_1_DELAY_COUNTER.lst -ffunction-sections -c .\Generated_Source\PSoC5\NEOMOTE_1_DELAY_COUNTER.c -o .\CortexM3\ARM_GCC_473\Debug\NEOMOTE_1_DELAY_COUNTER.o
arm-none-eabi-gcc.exe -I. -I./Generated_Source/PSoC5 -Wno-main -mcpu=cortex-m3 -mthumb -I ..\..\..\..\neolib -Wall -g -D DEBUG -Wa,-alh=.\CortexM3\ARM_GCC_473\Debug\NEOMOTE_1_DELAY_COUNTER_PM.lst -ffunction-sections -c .\Generated_Source\PSoC5\NEOMOTE_1_DELAY_COUNTER_PM.c -o .\CortexM3\ARM_GCC_473\Debug\NEOMOTE_1_DELAY_COUNTER_PM.o
arm-none-eabi-gcc.exe -I. -I./Generated_Source/PSoC5 -Wno-main -mcpu=cortex-m3 -mthumb -I ..\..\..\..\neolib -Wall -g -D DEBUG -Wa,-alh=.\CortexM3\ARM_GCC_473\Debug\NEOMOTE_1_isr_packet_delay.lst -ffunction-sections -c .\Generated_Source\PSoC5\NEOMOTE_1_isr_packet_delay.c -o .\CortexM3\ARM_GCC_473\Debug\NEOMOTE_1_isr_packet_delay.o
arm-none-eabi-gcc.exe -I. -I./Generated_Source/PSoC5 -Wno-main -mcpu=cortex-m3 -mthumb -I ..\..\..\..\neolib -Wall -g -D DEBUG -Wa,-alh=.\CortexM3\ARM_GCC_473\Debug\NEOMOTE_1_Clock_1.lst -ffunction-sections -c .\Generated_Source\PSoC5\NEOMOTE_1_Clock_1.c -o .\CortexM3\ARM_GCC_473\Debug\NEOMOTE_1_Clock_1.o
arm-none-eabi-gcc.exe -I. -I./Generated_Source/PSoC5 -Wno-main -mcpu=cortex-m3 -mthumb -I ..\..\..\..\neolib -Wall -g -D DEBUG -Wa,-alh=.\CortexM3\ARM_GCC_473\Debug\NEOMOTE_1_UART_MOTE_IntClock.lst -ffunction-sections -c .\Generated_Source\PSoC5\NEOMOTE_1_UART_MOTE_IntClock.c -o .\CortexM3\ARM_GCC_473\Debug\NEOMOTE_1_UART_MOTE_IntClock.o
arm-none-eabi-gcc.exe -I. -I./Generated_Source/PSoC5 -Wno-main -mcpu=cortex-m3 -mthumb -I ..\..\..\..\neolib -Wall -g -D DEBUG -Wa,-alh=.\CortexM3\ARM_GCC_473\Debug\Cm3Start.lst -ffunction-sections -c .\Generated_Source\PSoC5\Cm3Start.c -o .\CortexM3\ARM_GCC_473\Debug\Cm3Start.o
arm-none-eabi-as.exe -I. -I./Generated_Source/PSoC5 -mcpu=cortex-m3 -mthumb -g -alh=.\CortexM3\ARM_GCC_473\Debug/CyBootAsmGnu.lst -o .\CortexM3\ARM_GCC_473\Debug\CyBootAsmGnu.o .\Generated_Source\PSoC5\CyBootAsmGnu.s
arm-none-eabi-gcc.exe -I. -I./Generated_Source/PSoC5 -Wno-main -mcpu=cortex-m3 -mthumb -I ..\..\..\..\neolib -Wall -g -D DEBUG -Wa,-alh=.\CortexM3\ARM_GCC_473\Debug\CyDmac.lst -ffunction-sections -c .\Generated_Source\PSoC5\CyDmac.c -o .\CortexM3\ARM_GCC_473\Debug\CyDmac.o
arm-none-eabi-gcc.exe -I. -I./Generated_Source/PSoC5 -Wno-main -mcpu=cortex-m3 -mthumb -I ..\..\..\..\neolib -Wall -g -D DEBUG -Wa,-alh=.\CortexM3\ARM_GCC_473\Debug\CyFlash.lst -ffunction-sections -c .\Generated_Source\PSoC5\CyFlash.c -o .\CortexM3\ARM_GCC_473\Debug\CyFlash.o
arm-none-eabi-gcc.exe -I. -I./Generated_Source/PSoC5 -Wno-main -mcpu=cortex-m3 -mthumb -I ..\..\..\..\neolib -Wall -g -D DEBUG -Wa,-alh=.\CortexM3\ARM_GCC_473\Debug\CyLib.lst -ffunction-sections -c .\Generated_Source\PSoC5\CyLib.c -o .\CortexM3\ARM_GCC_473\Debug\CyLib.o
arm-none-eabi-gcc.exe -I. -I./Generated_Source/PSoC5 -Wno-main -mcpu=cortex-m3 -mthumb -I ..\..\..\..\neolib -Wall -g -D DEBUG -Wa,-alh=.\CortexM3\ARM_GCC_473\Debug\cyPm.lst -ffunction-sections -c .\Generated_Source\PSoC5\cyPm.c -o .\CortexM3\ARM_GCC_473\Debug\cyPm.o
arm-none-eabi-gcc.exe -I. -I./Generated_Source/PSoC5 -Wno-main -mcpu=cortex-m3 -mthumb -I ..\..\..\..\neolib -Wall -g -D DEBUG -Wa,-alh=.\CortexM3\ARM_GCC_473\Debug\CySpc.lst -ffunction-sections -c .\Generated_Source\PSoC5\CySpc.c -o .\CortexM3\ARM_GCC_473\Debug\CySpc.o
arm-none-eabi-gcc.exe -I. -I./Generated_Source/PSoC5 -Wno-main -mcpu=cortex-m3 -mthumb -I ..\..\..\..\neolib -Wall -g -D DEBUG -Wa,-alh=.\CortexM3\ARM_GCC_473\Debug\cyutils.lst -ffunction-sections -c .\Generated_Source\PSoC5\cyutils.c -o .\CortexM3\ARM_GCC_473\Debug\cyutils.o
arm-none-eabi-ar.exe -rs .\CortexM3\ARM_GCC_473\Debug\Decagon_Soilmoisture.a .\CortexM3\ARM_GCC_473\Debug\cyfitter_cfg.o .\CortexM3\ARM_GCC_473\Debug\UART_SoilMoisture_Decagon.o .\CortexM3\ARM_GCC_473\Debug\UART_SoilMoisture_Decagon_PM.o .\CortexM3\ARM_GCC_473\Debug\UART_SoilMoisture_Decagon_INT.o .\CortexM3\ARM_GCC_473\Debug\UART_SoilMoisture_Decagon_BOOT.o .\CortexM3\ARM_GCC_473\Debug\isr_SoilMoisture_Decagon.o .\CortexM3\ARM_GCC_473\Debug\Decagon_Sensor_Power.o .\CortexM3\ARM_GCC_473\Debug\UART_SoilMoisture_Decagon_IntClock.o .\CortexM3\ARM_GCC_473\Debug\NEOMOTE_1_UART_MOTE.o .\CortexM3\ARM_GCC_473\Debug\NEOMOTE_1_UART_MOTE_PM.o .\CortexM3\ARM_GCC_473\Debug\NEOMOTE_1_UART_MOTE_INT.o .\CortexM3\ARM_GCC_473\Debug\NEOMOTE_1_UART_MOTE_BOOT.o .\CortexM3\ARM_GCC_473\Debug\NEOMOTE_1_isr_RX.o .\CortexM3\ARM_GCC_473\Debug\NEOMOTE_1_RX_RTS_n.o .\CortexM3\ARM_GCC_473\Debug\NEOMOTE_1_RX_CTS_n.o .\CortexM3\ARM_GCC_473\Debug\NEOMOTE_1_TX_RTS_n.o .\CortexM3\ARM_GCC_473\Debug\NEOMOTE_1_TX_CTS_n.o .\CortexM3\ARM_GCC_473\Debug\NEOMOTE_1_isr_RX_RTSn.o .\CortexM3\ARM_GCC_473\Debug\NEOMOTE_1_External_VRef.o .\CortexM3\ARM_GCC_473\Debug\NEOMOTE_1_I2C_0.o .\CortexM3\ARM_GCC_473\Debug\NEOMOTE_1_I2C_0_BOOT.o .\CortexM3\ARM_GCC_473\Debug\NEOMOTE_1_I2C_0_INT.o .\CortexM3\ARM_GCC_473\Debug\NEOMOTE_1_I2C_0_PM.o .\CortexM3\ARM_GCC_473\Debug\NEOMOTE_1_I2C_0_SLAVE.o .\CortexM3\ARM_GCC_473\Debug\NEOMOTE_1_I2C_0_MASTER.o .\CortexM3\ARM_GCC_473\Debug\NEOMOTE_1_I2C_0_SDA.o .\CortexM3\ARM_GCC_473\Debug\NEOMOTE_1_I2C_0_SCL.o .\CortexM3\ARM_GCC_473\Debug\NEOMOTE_1_NEO_RTC_INT1.o .\CortexM3\ARM_GCC_473\Debug\NEOMOTE_1_isr_rtc_int1.o .\CortexM3\ARM_GCC_473\Debug\NEOMOTE_1_SD_Card_Power.o .\CortexM3\ARM_GCC_473\Debug\NEOMOTE_1_DELAY_COUNTER.o .\CortexM3\ARM_GCC_473\Debug\NEOMOTE_1_DELAY_COUNTER_PM.o .\CortexM3\ARM_GCC_473\Debug\NEOMOTE_1_isr_packet_delay.o .\CortexM3\ARM_GCC_473\Debug\NEOMOTE_1_Clock_1.o .\CortexM3\ARM_GCC_473\Debug\NEOMOTE_1_UART_MOTE_IntClock.o .\CortexM3\ARM_GCC_473\Debug\CyBootAsmGnu.o .\CortexM3\ARM_GCC_473\Debug\CyDmac.o .\CortexM3\ARM_GCC_473\Debug\CyFlash.o .\CortexM3\ARM_GCC_473\Debug\CyLib.o .\CortexM3\ARM_GCC_473\Debug\cyPm.o .\CortexM3\ARM_GCC_473\Debug\CySpc.o .\CortexM3\ARM_GCC_473\Debug\cyutils.o
arm-none-eabi-ar.exe: creating .\CortexM3\ARM_GCC_473\Debug\Decagon_Soilmoisture.a
arm-none-eabi-gcc.exe -mthumb -march=armv7-m -mfix-cortex-m3-ldrd -T .\Generated_Source\PSoC5\cm3gcc.ld -L ..\..\..\..\neolib -g -Wl,-Map,.\CortexM3\ARM_GCC_473\Debug\Decagon_Soilmoisture.map -Wl,--gc-sections -Wl,--start-group -o .\CortexM3\ARM_GCC_473\Debug\Decagon_Soilmoisture.elf .\CortexM3\ARM_GCC_473\Debug\main.o .\CortexM3\ARM_GCC_473\Debug\SoilMoisture_Decagon.o .\CortexM3\ARM_GCC_473\Debug\cymetadata.o .\CortexM3\ARM_GCC_473\Debug\Cm3Start.o .\CortexM3\ARM_GCC_473\Debug\Decagon_Soilmoisture.a "C:\Program Files (x86)\Cypress\PSoC Creator\3.0\PSoC Creator\psoc\content\cycomponentlibrary\CyComponentLibrary.cylib\CortexM3\ARM_GCC_473\Debug\CyComponentLibrary.a" -l neomote -Wl,--end-group
cyelftool.exe -C "C:\Users\hozhen\Google Drive\Docs Ho-Zhen\projects\UMBS\UMBS Project\Software\PSoC\Drivers\Decagon_Soilmoisture\Decagon_Soilmoisture.cydsn\CortexM3\ARM_GCC_473\Debug\Decagon_Soilmoisture.elf" --flash_size 262144 --flash_row_size 256
cyelftool.exe -S "C:\Users\hozhen\Google Drive\Docs Ho-Zhen\projects\UMBS\UMBS Project\Software\PSoC\Drivers\Decagon_Soilmoisture\Decagon_Soilmoisture.cydsn\CortexM3\ARM_GCC_473\Debug\Decagon_Soilmoisture.elf"
Flash used: 62408 of 262144 bytes (23.8 %).
SRAM used: 25437 of 65536 bytes (38.8 %).
--------------- Build Succeeded: 11/16/2014 17:11:59 ---------------
