#***************************************************************************

#sjplacer

#Version:            1.1

#Build Date:         Mar 26 2013 14:54:34

#File Generated:     Dec 19 2014 14:31:51

#Purpose:            

#Copyright (C) 2010-2011 by Softjin Technologies Pvt Ltd. All rights reserved.

#***************************************************************************

Executing : C:\Program Files (x86)\Cypress\PSoC Creator\3.0\PSoC Creator\bin/sjplacer.exe --proj-name Sensor_Node --netlist-vh2 Sensor_Node_p.vh2 --arch-file C:\Program Files (x86)\Cypress\PSoC Creator\3.0\PSoC Creator\dev/psoc3/placer.ark --rrg-file C:\Program Files (x86)\Cypress\PSoC Creator\3.0\PSoC Creator\dev/psoc5/psoc5lp/route_arch-rrg.cydata --irq-file C:\Program Files (x86)\Cypress\PSoC Creator\3.0\PSoC Creator\dev/psoc5/psoc5lp/irqconn.cydata --drq-file C:\Program Files (x86)\Cypress\PSoC Creator\3.0\PSoC Creator\dev/psoc5/psoc5lp/dmaconn.cydata --dsi-conn-file C:\Program Files (x86)\Cypress\PSoC Creator\3.0\PSoC Creator\dev/psoc5/psoc5lp/dsiconn.cydata --pins-file pins_100-TQFP.xml --lib-file Sensor_Node_p.lib --sdc-file Sensor_Node.sdc --io-pcf Sensor_Node.pci --outdir .

		Softjin Techologies Placer, Version 1.1

Build Date : Jul 22 2013	11:20:09

D2004: Option and Settings Summary
=============================================================
Netlist vh2 file          - Sensor_Node_p.vh2
Architecture file         - C:\Program Files (x86)\Cypress\PSoC Creator\3.0\PSoC Creator\dev/psoc3/placer.ark
Package                   - 
Defparam file             - 
SDC file                  - Sensor_Node.sdc
Output directory          - .
Timing library            - Sensor_Node_p.lib
IO Placement file         - Sensor_Node.pci

D2050: Starting reading inputs for placer
=============================================================
D2065: Reading netlist file : "Sensor_Node_p.vh2"
D2065: Reading arch file : "C:\Program Files (x86)\Cypress\PSoC Creator\3.0\PSoC Creator\dev/psoc3/placer.ark"
D2051: Reading of inputs for placer completed successfully

D2053: Starting placement of the design
=============================================================

Phase 2
Phase 3

Design Statistics after Packing
    Number of Combinational MCs 	:	35
    Number of Sequential MCs    	:	72
    Number of DPs               	:	8
    Number of Controls          	:	5
    Number of Status            	:	7
    Number of SyncCells         	:	0
    Number of count7cells       	:	4

Device Utilization Summary after Packing
    Macrocells                  :	107/192
    UDBS                        :	19/24
    IOs                         :	22/72


D2088: Phase 3, elapsed time : 0.1 (sec)

Phase 4
D2088: Phase 4, elapsed time : 0.0 (sec)

Phase 5
D2088: Phase 5, elapsed time : 0.0 (sec)

Phase 6

######################################################################
Placement Timing Summary

The timing summary is based on estimated routing delays after
placement. For final timing report, please carry out the timing
analysis after routing.
======================================================================

######################################################################
                     Clock Summary 
======================================================================
Number of clocks: 13
Clock: CyBUS_CLK            | Frequency:  50.2 MHz | Target:  24.0 MHz
Clock: CyBUS_CLK(fixed-function) | Frequency: N/A       | Target:  24.0 MHz
Clock: CyILO                | Frequency: N/A       | Target:   0.0 MHz
Clock: CyIMO                | Frequency: N/A       | Target:   3.0 MHz
Clock: CyMASTER_CLK         | Frequency: N/A       | Target:  24.0 MHz
Clock: CyPLL_OUT            | Frequency: N/A       | Target:  24.0 MHz
Clock: I2C_1_IntClock       | Frequency:  35.3 MHz | Target:   1.6 MHz
Clock: NEOMOTE_1_Clock_1    | Frequency: N/A       | Target:   0.0 MHz
Clock: NEOMOTE_1_Clock_1(fixed-function) | Frequency: N/A       | Target:   0.0 MHz
Clock: NEOMOTE_1_UART_MOTE_IntClock | Frequency:  42.7 MHz | Target:   0.9 MHz
Clock: UART_SoilMoisture_Decagon_IntClock | Frequency:  50.1 MHz | Target:   0.0 MHz
Clock: UART_Ultrasonic_Maxbotix_IntClock | Frequency:  50.2 MHz | Target:   0.1 MHz
Clock: emFile_1_Clock_1     | Frequency:  44.5 MHz | Target:  24.0 MHz

======================================================================
                     End of Clock Summary
######################################################################

D2088: Phase 6, elapsed time : 0.4 (sec)

Phase 7
######################################################################
                     Clock Summary 
======================================================================
Number of clocks: 13
Clock: CyBUS_CLK            | Frequency:   1.2 MHz | Target:  24.0 MHz
Clock: CyBUS_CLK(fixed-function) | Frequency: N/A       | Target:  24.0 MHz
Clock: CyILO                | Frequency: N/A       | Target:   0.0 MHz
Clock: CyIMO                | Frequency: N/A       | Target:   3.0 MHz
Clock: CyMASTER_CLK         | Frequency: N/A       | Target:  24.0 MHz
Clock: CyPLL_OUT            | Frequency: N/A       | Target:  24.0 MHz
Clock: I2C_1_IntClock       | Frequency:   1.8 MHz | Target:   1.6 MHz
Clock: NEOMOTE_1_Clock_1    | Frequency: N/A       | Target:   0.0 MHz
Clock: NEOMOTE_1_Clock_1(fixed-function) | Frequency: N/A       | Target:   0.0 MHz
Clock: NEOMOTE_1_UART_MOTE_IntClock | Frequency:   1.2 MHz | Target:   0.9 MHz
Clock: UART_SoilMoisture_Decagon_IntClock | Frequency:   1.3 MHz | Target:   0.0 MHz
Clock: UART_Ultrasonic_Maxbotix_IntClock | Frequency:   1.2 MHz | Target:   0.1 MHz
Clock: emFile_1_Clock_1     | Frequency:  42.9 MHz | Target:  24.0 MHz

======================================================================
                     End of Clock Summary
######################################################################
D2088: Phase 7, elapsed time : 1.5 (sec)

Final Design Statistics
    Number of Combinational MCs 	:	35
    Number of Sequential MCs    	:	72
    Number of DPs               	:	8
    Number of Controls          	:	5
    Number of Status            	:	7
    Number of SyncCells         	:	0
    Number of count7cells       	:	4
    Number of IOs       	:	22

Device Utilization Summary
    Macrocells                  :	107/192
    IOs                         :	22/72



######################################################################
Placement Timing Summary

The timing summary is based on estimated routing delays after
placement. For final timing report, please carry out the timing
analysis after routing.
======================================================================


######################################################################
                     Clock Summary 
======================================================================
Number of clocks: 13
Clock: CyBUS_CLK            | Frequency:   1.2 MHz | Target:  24.0 MHz
Clock: CyBUS_CLK(fixed-function) | Frequency: N/A       | Target:  24.0 MHz
Clock: CyILO                | Frequency: N/A       | Target:   0.0 MHz
Clock: CyIMO                | Frequency: N/A       | Target:   3.0 MHz
Clock: CyMASTER_CLK         | Frequency: N/A       | Target:  24.0 MHz
Clock: CyPLL_OUT            | Frequency: N/A       | Target:  24.0 MHz
Clock: I2C_1_IntClock       | Frequency:   1.8 MHz | Target:   1.6 MHz
Clock: NEOMOTE_1_Clock_1    | Frequency: N/A       | Target:   0.0 MHz
Clock: NEOMOTE_1_Clock_1(fixed-function) | Frequency: N/A       | Target:   0.0 MHz
Clock: NEOMOTE_1_UART_MOTE_IntClock | Frequency:   1.2 MHz | Target:   0.9 MHz
Clock: UART_SoilMoisture_Decagon_IntClock | Frequency:   1.3 MHz | Target:   0.0 MHz
Clock: UART_Ultrasonic_Maxbotix_IntClock | Frequency:   1.2 MHz | Target:   0.1 MHz
Clock: emFile_1_Clock_1     | Frequency:  42.9 MHz | Target:  24.0 MHz

======================================================================
                     End of Clock Summary
######################################################################

Phase 6

######################################################################
Placement Timing Summary

The timing summary is based on estimated routing delays after
placement. For final timing report, please carry out the timing
analysis after routing.
======================================================================

######################################################################
                     Clock Summary 
======================================================================
Number of clocks: 13
Clock: CyBUS_CLK            | Frequency:   1.0 MHz | Target:  24.0 MHz
Clock: CyBUS_CLK(fixed-function) | Frequency: N/A       | Target:  24.0 MHz
Clock: CyILO                | Frequency: N/A       | Target:   0.0 MHz
Clock: CyIMO                | Frequency: N/A       | Target:   3.0 MHz
Clock: CyMASTER_CLK         | Frequency: N/A       | Target:  24.0 MHz
Clock: CyPLL_OUT            | Frequency: N/A       | Target:  24.0 MHz
Clock: I2C_1_IntClock       | Frequency:   2.0 MHz | Target:   1.6 MHz
Clock: NEOMOTE_1_Clock_1    | Frequency: N/A       | Target:   0.0 MHz
Clock: NEOMOTE_1_Clock_1(fixed-function) | Frequency: N/A       | Target:   0.0 MHz
Clock: NEOMOTE_1_UART_MOTE_IntClock | Frequency:   1.0 MHz | Target:   0.9 MHz
Clock: UART_SoilMoisture_Decagon_IntClock | Frequency:   1.3 MHz | Target:   0.0 MHz
Clock: UART_Ultrasonic_Maxbotix_IntClock | Frequency:   1.2 MHz | Target:   0.1 MHz
Clock: emFile_1_Clock_1     | Frequency:  46.9 MHz | Target:  24.0 MHz

======================================================================
                     End of Clock Summary
######################################################################

D2088: Phase 6, elapsed time : 0.6 (sec)

Phase 7
######################################################################
                     Clock Summary 
======================================================================
Number of clocks: 13
Clock: CyBUS_CLK            | Frequency:   1.0 MHz | Target:  24.0 MHz
Clock: CyBUS_CLK(fixed-function) | Frequency: N/A       | Target:  24.0 MHz
Clock: CyILO                | Frequency: N/A       | Target:   0.0 MHz
Clock: CyIMO                | Frequency: N/A       | Target:   3.0 MHz
Clock: CyMASTER_CLK         | Frequency: N/A       | Target:  24.0 MHz
Clock: CyPLL_OUT            | Frequency: N/A       | Target:  24.0 MHz
Clock: I2C_1_IntClock       | Frequency:   2.0 MHz | Target:   1.6 MHz
Clock: NEOMOTE_1_Clock_1    | Frequency: N/A       | Target:   0.0 MHz
Clock: NEOMOTE_1_Clock_1(fixed-function) | Frequency: N/A       | Target:   0.0 MHz
Clock: NEOMOTE_1_UART_MOTE_IntClock | Frequency:   1.0 MHz | Target:   0.9 MHz
Clock: UART_SoilMoisture_Decagon_IntClock | Frequency:   1.3 MHz | Target:   0.0 MHz
Clock: UART_Ultrasonic_Maxbotix_IntClock | Frequency:   1.2 MHz | Target:   0.1 MHz
Clock: emFile_1_Clock_1     | Frequency:  44.5 MHz | Target:  24.0 MHz

======================================================================
                     End of Clock Summary
######################################################################
D2088: Phase 7, elapsed time : 7.3 (sec)

Final Design Statistics
    Number of Combinational MCs 	:	35
    Number of Sequential MCs    	:	72
    Number of DPs               	:	8
    Number of Controls          	:	5
    Number of Status            	:	7
    Number of SyncCells         	:	0
    Number of count7cells       	:	4
    Number of IOs       	:	22

Device Utilization Summary
    Macrocells                  :	107/192
    IOs                         :	22/72



######################################################################
Placement Timing Summary

The timing summary is based on estimated routing delays after
placement. For final timing report, please carry out the timing
analysis after routing.
======================================================================


######################################################################
                     Clock Summary 
======================================================================
Number of clocks: 13
Clock: CyBUS_CLK            | Frequency:   1.3 MHz | Target:  24.0 MHz
Clock: CyBUS_CLK(fixed-function) | Frequency: N/A       | Target:  24.0 MHz
Clock: CyILO                | Frequency: N/A       | Target:   0.0 MHz
Clock: CyIMO                | Frequency: N/A       | Target:   3.0 MHz
Clock: CyMASTER_CLK         | Frequency: N/A       | Target:  24.0 MHz
Clock: CyPLL_OUT            | Frequency: N/A       | Target:  24.0 MHz
Clock: I2C_1_IntClock       | Frequency:   2.0 MHz | Target:   1.6 MHz
Clock: NEOMOTE_1_Clock_1    | Frequency: N/A       | Target:   0.0 MHz
Clock: NEOMOTE_1_Clock_1(fixed-function) | Frequency: N/A       | Target:   0.0 MHz
Clock: NEOMOTE_1_UART_MOTE_IntClock | Frequency:   1.3 MHz | Target:   0.9 MHz
Clock: UART_SoilMoisture_Decagon_IntClock | Frequency:   1.4 MHz | Target:   0.0 MHz
Clock: UART_Ultrasonic_Maxbotix_IntClock | Frequency:   1.3 MHz | Target:   0.1 MHz
Clock: emFile_1_Clock_1     | Frequency:  46.8 MHz | Target:  24.0 MHz

======================================================================
                     End of Clock Summary
######################################################################

Phase 8
D2088: Phase 8, elapsed time : 0.0 (sec)

D2054: Placement of the design completed successfully

I2076: Total run-time: 13.8 sec.

