Loading plugins phase: Elapsed time ==> 1s.877ms
Initializing data phase: Elapsed time ==> 6s.103ms
<CYPRESSTAG name="CyDsfit arguments...">
cydsfit arguments: -.fdsnotice -.fdswarpdepfile=warp_dependencies.txt -.fdselabdepfile=elab_dependencies.txt -.fdsbldfile=generated_files.txt -p C:\Users\hozhen\Google Drive\Docs Ho-Zhen\projects\UMBS\UMBS Project\Software\PSoC\Drivers\Ultrasonic_Maxbotix\Ultrasonic_Maxbotix\Ultrasonic_Maxbotix.cydsn\Ultrasonic_Maxbotix.cyprj -d CY8C5868AXI-LP035 -s C:\Users\hozhen\Google Drive\Docs Ho-Zhen\projects\UMBS\UMBS Project\Software\PSoC\Drivers\Ultrasonic_Maxbotix\Ultrasonic_Maxbotix\Ultrasonic_Maxbotix.cydsn\Generated_Source\PSoC5 -- -yv2 -v3 -ygs -q10 -o2 -.fftcfgtype=LE</CYPRESSTAG>
<CYPRESSTAG name="Design elaboration results...">
</CYPRESSTAG>
Elaboration phase: Elapsed time ==> 6s.640ms
<CYPRESSTAG name="HDL generation results...">
</CYPRESSTAG>
HDL generation phase: Elapsed time ==> 0s.300ms
<CYPRESSTAG name="Synthesis results...">

     | | | | | | |
   _________________
  -|               |-
  -|               |-
  -|               |-
  -|    CYPRESS    |-
  -|               |-
  -|               |-   Warp Verilog Synthesis Compiler: Version 6.3 IR 41
  -|               |-   Copyright (C) 1991-2001 Cypress Semiconductor
   |_______________|
     | | | | | | |

======================================================================
Compiling:  Ultrasonic_Maxbotix.v
Program  :   C:\Program Files (x86)\Cypress\PSoC Creator\3.0\PSoC Creator\warp\bin/warp.exe
Options  :    -yv2 -v3 -ygs -q10 -o2 -.fftcfgtype=LE -ya -.fftprj=C:\Users\hozhen\Google Drive\Docs Ho-Zhen\projects\UMBS\UMBS Project\Software\PSoC\Drivers\Ultrasonic_Maxbotix\Ultrasonic_Maxbotix\Ultrasonic_Maxbotix.cydsn\Ultrasonic_Maxbotix.cyprj -dcpsoc3 Ultrasonic_Maxbotix.v -verilog
======================================================================

======================================================================
Compiling:  Ultrasonic_Maxbotix.v
Program  :   C:\Program Files (x86)\Cypress\PSoC Creator\3.0\PSoC Creator\warp\bin/warp.exe
Options  :    -yv2 -v3 -ygs -q10 -o2 -.fftcfgtype=LE -ya -.fftprj=C:\Users\hozhen\Google Drive\Docs Ho-Zhen\projects\UMBS\UMBS Project\Software\PSoC\Drivers\Ultrasonic_Maxbotix\Ultrasonic_Maxbotix\Ultrasonic_Maxbotix.cydsn\Ultrasonic_Maxbotix.cyprj -dcpsoc3 Ultrasonic_Maxbotix.v -verilog
======================================================================

======================================================================
Compiling:  Ultrasonic_Maxbotix.v
Program  :   vlogfe
Options  :    -yv2 -v3 -ygs -q10 -o2 -.fftcfgtype=LE -ya -.fftprj=C:\Users\hozhen\Google Drive\Docs Ho-Zhen\projects\UMBS\UMBS Project\Software\PSoC\Drivers\Ultrasonic_Maxbotix\Ultrasonic_Maxbotix\Ultrasonic_Maxbotix.cydsn\Ultrasonic_Maxbotix.cyprj -dcpsoc3 -verilog Ultrasonic_Maxbotix.v
======================================================================

vlogfe V6.3 IR 41:  Verilog parser
Mon Oct 27 16:22:32 2014


======================================================================
Compiling:  Ultrasonic_Maxbotix.v
Program  :   vpp
Options  :    -yv2 -q10 Ultrasonic_Maxbotix.v
======================================================================

vpp V6.3 IR 41:  Verilog Pre-Processor
Mon Oct 27 16:22:32 2014

Flattening file 'C:\Program Files (x86)\Cypress\PSoC Creator\3.0\PSoC Creator\warp\..\psoc\content\cyprimitives\CyPrimitives.cylib\cy_virtualmux_v1_0\cy_virtualmux_v1_0.v'
Flattening file 'C:\Program Files (x86)\Cypress\PSoC Creator\3.0\PSoC Creator\warp\..\psoc\content\cycomponentlibrary\CyComponentLibrary.cylib\B_UART_v2_30\B_UART_v2_30.v'
Flattening file 'C:\Program Files (x86)\Cypress\PSoC Creator\3.0\PSoC Creator\warp\lib\common\cypress.v'
Flattening file 'C:\Program Files (x86)\Cypress\PSoC Creator\3.0\PSoC Creator\warp\lib\common\cy_psoc3_inc.v'

vpp:  No errors.

Library 'work' => directory 'lcpsoc3'
General_symbol_table
General_symbol_table
Linking 'C:\Program Files (x86)\Cypress\PSoC Creator\3.0\PSoC Creator\warp\lib\common\std.vhd'.
Linking 'C:\Program Files (x86)\Cypress\PSoC Creator\3.0\PSoC Creator\warp\lib\common\cypress.vhd'.
Linking 'C:\Program Files (x86)\Cypress\PSoC Creator\3.0\PSoC Creator\warp\lib\common\work\cypress.vif'.
Linking 'C:\Program Files (x86)\Cypress\PSoC Creator\3.0\PSoC Creator\warp\lib\ieee\work\stdlogic.vif'.
Linking 'C:\Program Files (x86)\Cypress\PSoC Creator\3.0\PSoC Creator\warp\lib\common\stdlogic\lpmpkg.vif'.
Linking 'C:\Program Files (x86)\Cypress\PSoC Creator\3.0\PSoC Creator\warp\lib\common\stdlogic\rtlpkg.vif'.
Linking 'C:\Program Files (x86)\Cypress\PSoC Creator\3.0\PSoC Creator\warp\lib\common\stdlogic\mod_cnst.vif'.
Linking 'C:\Program Files (x86)\Cypress\PSoC Creator\3.0\PSoC Creator\warp\lib\common\stdlogic\mod_mthv.vif'.
Linking 'C:\Program Files (x86)\Cypress\PSoC Creator\3.0\PSoC Creator\warp\lib\common\stdlogic\mod_genv.vif'.
Using control file 'Ultrasonic_Maxbotix.ctl'.
C:\Program Files (x86)\Cypress\PSoC Creator\3.0\PSoC Creator\warp\..\psoc\content\cycomponentlibrary\CyComponentLibrary.cylib\B_UART_v2_30\B_UART_v2_30.v (line 1090, col 55):  Note: Substituting module 'add_vv_vv' for '+'.
C:\Program Files (x86)\Cypress\PSoC Creator\3.0\PSoC Creator\warp\..\psoc\content\cycomponentlibrary\CyComponentLibrary.cylib\B_UART_v2_30\B_UART_v2_30.v (line 1099, col 48):  Note: Substituting module 'cmp_vv_vv' for '<'.
C:\Program Files (x86)\Cypress\PSoC Creator\3.0\PSoC Creator\warp\..\psoc\content\cycomponentlibrary\CyComponentLibrary.cylib\B_UART_v2_30\B_UART_v2_30.v (line 1099, col 77):  Note: Substituting module 'cmp_vv_vv' for '<'.
C:\Program Files (x86)\Cypress\PSoC Creator\3.0\PSoC Creator\warp\..\psoc\content\cycomponentlibrary\CyComponentLibrary.cylib\B_UART_v2_30\B_UART_v2_30.v (line 1356, col 59):  Note: Substituting module 'cmp_vv_vv' for '<'.
C:\Program Files (x86)\Cypress\PSoC Creator\3.0\PSoC Creator\warp\..\psoc\content\cycomponentlibrary\CyComponentLibrary.cylib\B_UART_v2_30\B_UART_v2_30.v (line 1391, col 61):  Note: Substituting module 'cmp_vv_vv' for '/='.
C:\Program Files (x86)\Cypress\PSoC Creator\3.0\PSoC Creator\warp\..\psoc\content\cycomponentlibrary\CyComponentLibrary.cylib\B_UART_v2_30\B_UART_v2_30.v (line 1503, col 106):  Note: Substituting module 'cmp_vv_vv' for '<'.
C:\Program Files (x86)\Cypress\PSoC Creator\3.0\PSoC Creator\warp\..\psoc\content\cycomponentlibrary\CyComponentLibrary.cylib\B_UART_v2_30\B_UART_v2_30.v (line 1559, col 68):  Note: Substituting module 'cmp_vv_vv' for '<'.
C:\Program Files (x86)\Cypress\PSoC Creator\3.0\PSoC Creator\warp\..\psoc\content\cycomponentlibrary\CyComponentLibrary.cylib\B_UART_v2_30\B_UART_v2_30.v (line 1560, col 68):  Note: Substituting module 'cmp_vv_vv' for '<'.
Linking 'C:\Program Files (x86)\Cypress\PSoC Creator\3.0\PSoC Creator\warp\lib\common\stdlogic\cy_psoc3pkg.vif'.
Linking 'C:\Program Files (x86)\Cypress\PSoC Creator\3.0\PSoC Creator\warp\lib\common\stdlogic\cy_psoc3.vif'.

vlogfe:  No errors.


======================================================================
Compiling:  Ultrasonic_Maxbotix.v
Program  :   tovif
Options  :    -yv2 -v3 -ygs -q10 -o2 -.fftcfgtype=LE -ya -.fftprj=C:\Users\hozhen\Google Drive\Docs Ho-Zhen\projects\UMBS\UMBS Project\Software\PSoC\Drivers\Ultrasonic_Maxbotix\Ultrasonic_Maxbotix\Ultrasonic_Maxbotix.cydsn\Ultrasonic_Maxbotix.cyprj -dcpsoc3 -verilog Ultrasonic_Maxbotix.v
======================================================================

tovif V6.3 IR 41:  High-level synthesis
Mon Oct 27 16:22:34 2014

Linking 'C:\Program Files (x86)\Cypress\PSoC Creator\3.0\PSoC Creator\warp\lib\common\std.vhd'.
Linking 'C:\Program Files (x86)\Cypress\PSoC Creator\3.0\PSoC Creator\warp\lib\common\cypress.vhd'.
Linking 'C:\Program Files (x86)\Cypress\PSoC Creator\3.0\PSoC Creator\warp\lib\common\work\cypress.vif'.
Linking 'C:\Program Files (x86)\Cypress\PSoC Creator\3.0\PSoC Creator\warp\lib\ieee\work\stdlogic.vif'.
Linking 'C:\Program Files (x86)\Cypress\PSoC Creator\3.0\PSoC Creator\warp\lib\common\stdlogic\lpmpkg.vif'.
Linking 'C:\Program Files (x86)\Cypress\PSoC Creator\3.0\PSoC Creator\warp\lib\common\stdlogic\rtlpkg.vif'.
Linking 'C:\Program Files (x86)\Cypress\PSoC Creator\3.0\PSoC Creator\warp\lib\common\stdlogic\mod_cnst.vif'.
Linking 'C:\Program Files (x86)\Cypress\PSoC Creator\3.0\PSoC Creator\warp\lib\common\stdlogic\mod_mthv.vif'.
Linking 'C:\Program Files (x86)\Cypress\PSoC Creator\3.0\PSoC Creator\warp\lib\common\stdlogic\mod_genv.vif'.
Linking 'C:\Users\hozhen\Google Drive\Docs Ho-Zhen\projects\UMBS\UMBS Project\Software\PSoC\Drivers\Ultrasonic_Maxbotix\Ultrasonic_Maxbotix\Ultrasonic_Maxbotix.cydsn\codegentemp\Ultrasonic_Maxbotix.ctl'.
Linking 'C:\Program Files (x86)\Cypress\PSoC Creator\3.0\PSoC Creator\psoc\content\cyprimitives\CyPrimitives.cylib\cy_virtualmux_v1_0\cy_virtualmux_v1_0.v'.
Linking 'C:\Users\hozhen\Google Drive\Docs Ho-Zhen\projects\UMBS\UMBS Project\Software\PSoC\Drivers\Ultrasonic_Maxbotix\Ultrasonic_Maxbotix\Ultrasonic_Maxbotix.cydsn\codegentemp\Ultrasonic_Maxbotix.v'.
Linking 'C:\Program Files (x86)\Cypress\PSoC Creator\3.0\PSoC Creator\psoc\content\cycomponentlibrary\CyComponentLibrary.cylib\B_UART_v2_30\B_UART_v2_30.v'.
Linking 'C:\Program Files (x86)\Cypress\PSoC Creator\3.0\PSoC Creator\warp\lib\common\cypress.v'.
Linking 'C:\Program Files (x86)\Cypress\PSoC Creator\3.0\PSoC Creator\warp\lib\common\cy_psoc3_inc.v'.
Linking 'C:\Program Files (x86)\Cypress\PSoC Creator\3.0\PSoC Creator\warp\lib\common\stdlogic\cy_psoc3pkg.vif'.
Linking 'C:\Program Files (x86)\Cypress\PSoC Creator\3.0\PSoC Creator\warp\lib\common\stdlogic\cy_psoc3.vif'.
Linking 'C:\Program Files (x86)\Cypress\PSoC Creator\3.0\PSoC Creator\warp\lib\lcpsoc3\stdlogic\mod_cnst.vif'.
Linking 'C:\Program Files (x86)\Cypress\PSoC Creator\3.0\PSoC Creator\warp\lib\common\stdlogic\mcompare.vif'.

tovif:  No errors.


======================================================================
Compiling:  Ultrasonic_Maxbotix.v
Program  :   topld
Options  :    -yv2 -v3 -ygs -q10 -o2 -.fftcfgtype=LE -ya -.fftprj=C:\Users\hozhen\Google Drive\Docs Ho-Zhen\projects\UMBS\UMBS Project\Software\PSoC\Drivers\Ultrasonic_Maxbotix\Ultrasonic_Maxbotix\Ultrasonic_Maxbotix.cydsn\Ultrasonic_Maxbotix.cyprj -dcpsoc3 -verilog Ultrasonic_Maxbotix.v
======================================================================

topld V6.3 IR 41:  Synthesis and optimization
Mon Oct 27 16:22:35 2014

Linking 'C:\Program Files (x86)\Cypress\PSoC Creator\3.0\PSoC Creator\warp\lib\common\std.vhd'.
Linking 'C:\Program Files (x86)\Cypress\PSoC Creator\3.0\PSoC Creator\warp\lib\common\cypress.vhd'.
Linking 'C:\Program Files (x86)\Cypress\PSoC Creator\3.0\PSoC Creator\warp\lib\common\work\cypress.vif'.
Linking 'C:\Program Files (x86)\Cypress\PSoC Creator\3.0\PSoC Creator\warp\lib\ieee\work\stdlogic.vif'.
Linking 'C:\Program Files (x86)\Cypress\PSoC Creator\3.0\PSoC Creator\warp\lib\common\stdlogic\lpmpkg.vif'.
Linking 'C:\Program Files (x86)\Cypress\PSoC Creator\3.0\PSoC Creator\warp\lib\common\stdlogic\rtlpkg.vif'.
Linking 'C:\Program Files (x86)\Cypress\PSoC Creator\3.0\PSoC Creator\warp\lib\common\stdlogic\mod_cnst.vif'.
Linking 'C:\Program Files (x86)\Cypress\PSoC Creator\3.0\PSoC Creator\warp\lib\common\stdlogic\mod_mthv.vif'.
Linking 'C:\Program Files (x86)\Cypress\PSoC Creator\3.0\PSoC Creator\warp\lib\common\stdlogic\mod_genv.vif'.
Linking 'C:\Users\hozhen\Google Drive\Docs Ho-Zhen\projects\UMBS\UMBS Project\Software\PSoC\Drivers\Ultrasonic_Maxbotix\Ultrasonic_Maxbotix\Ultrasonic_Maxbotix.cydsn\codegentemp\Ultrasonic_Maxbotix.ctl'.
Linking 'C:\Program Files (x86)\Cypress\PSoC Creator\3.0\PSoC Creator\psoc\content\cyprimitives\CyPrimitives.cylib\cy_virtualmux_v1_0\cy_virtualmux_v1_0.v'.
Linking 'C:\Users\hozhen\Google Drive\Docs Ho-Zhen\projects\UMBS\UMBS Project\Software\PSoC\Drivers\Ultrasonic_Maxbotix\Ultrasonic_Maxbotix\Ultrasonic_Maxbotix.cydsn\codegentemp\Ultrasonic_Maxbotix.v'.
Linking 'C:\Program Files (x86)\Cypress\PSoC Creator\3.0\PSoC Creator\psoc\content\cycomponentlibrary\CyComponentLibrary.cylib\B_UART_v2_30\B_UART_v2_30.v'.
Linking 'C:\Program Files (x86)\Cypress\PSoC Creator\3.0\PSoC Creator\warp\lib\common\cypress.v'.
Linking 'C:\Program Files (x86)\Cypress\PSoC Creator\3.0\PSoC Creator\warp\lib\common\cy_psoc3_inc.v'.
Linking 'C:\Program Files (x86)\Cypress\PSoC Creator\3.0\PSoC Creator\warp\lib\common\stdlogic\cy_psoc3pkg.vif'.
Linking 'C:\Program Files (x86)\Cypress\PSoC Creator\3.0\PSoC Creator\warp\lib\common\stdlogic\cy_psoc3.vif'.
Linking 'C:\Program Files (x86)\Cypress\PSoC Creator\3.0\PSoC Creator\warp\lib\lcpsoc3\stdlogic\mod_cnst.vif'.
Linking 'C:\Program Files (x86)\Cypress\PSoC Creator\3.0\PSoC Creator\warp\lib\common\stdlogic\mcompare.vif'.
Linking 'C:\Program Files (x86)\Cypress\PSoC Creator\3.0\PSoC Creator\warp\lib\lcpsoc3\stdlogic\cpsoc3.vif'.

----------------------------------------------------------
Detecting unused logic.
----------------------------------------------------------
    User names
	\UART_Maxbotix:BUART:tx_hd_send_break\
	\UART_Maxbotix:BUART:tx_ctrl_mark\
	\UART_Maxbotix:BUART:reset_sr\
	Net_39
	Net_44
	\UART_Maxbotix:BUART:sRX:s23Poll:MODULE_1:g2:a0:b_1\
	\UART_Maxbotix:BUART:sRX:s23Poll:MODULE_1:g2:a0:b_0\
	\UART_Maxbotix:BUART:sRX:s23Poll:MODULE_2:g2:a0:gta_0\
	\UART_Maxbotix:BUART:sRX:s23Poll:MODULE_3:g2:a0:gta_0\
	Net_40
	\UART_Maxbotix:BUART:sRX:MODULE_4:g2:a0:gta_0\
	\UART_Maxbotix:BUART:sRX:MODULE_5:g1:a0:gx:u0:albi_1\
	\UART_Maxbotix:BUART:sRX:MODULE_5:g1:a0:gx:u0:agbi_1\
	\UART_Maxbotix:BUART:sRX:MODULE_5:g1:a0:gx:u0:lt_0\
	\UART_Maxbotix:BUART:sRX:MODULE_5:g1:a0:gx:u0:gt_0\
	\UART_Maxbotix:BUART:sRX:MODULE_5:g1:a0:gx:u0:lti_0\
	\UART_Maxbotix:BUART:sRX:MODULE_5:g1:a0:gx:u0:gti_0\
	\UART_Maxbotix:BUART:sRX:MODULE_5:g1:a0:gx:u0:albi_0\
	\UART_Maxbotix:BUART:sRX:MODULE_5:g1:a0:gx:u0:agbi_0\
	\UART_Maxbotix:BUART:sRX:MODULE_5:g1:a0:xeq\
	\UART_Maxbotix:BUART:sRX:MODULE_5:g1:a0:xlt\
	\UART_Maxbotix:BUART:sRX:MODULE_5:g1:a0:xlte\
	\UART_Maxbotix:BUART:sRX:MODULE_5:g1:a0:xgt\
	\UART_Maxbotix:BUART:sRX:MODULE_5:g1:a0:xgte\
	\UART_Maxbotix:BUART:sRX:MODULE_5:lt\
	\UART_Maxbotix:BUART:sRX:MODULE_5:eq\
	\UART_Maxbotix:BUART:sRX:MODULE_5:gt\
	\UART_Maxbotix:BUART:sRX:MODULE_5:gte\
	\UART_Maxbotix:BUART:sRX:MODULE_5:lte\


Deleted 29 User equations/components.
Deleted 0 Synthesized equations/components.

------------------------------------------------------
Alias Detection
------------------------------------------------------
Aliasing \UART_Maxbotix:BUART:FinalParityType_1\ to \UART_Maxbotix:BUART:HalfDuplexSend\
Aliasing \UART_Maxbotix:BUART:FinalParityType_0\ to \UART_Maxbotix:BUART:HalfDuplexSend\
Aliasing \UART_Maxbotix:BUART:FinalAddrMode_2\ to \UART_Maxbotix:BUART:HalfDuplexSend\
Aliasing \UART_Maxbotix:BUART:FinalAddrMode_1\ to \UART_Maxbotix:BUART:HalfDuplexSend\
Aliasing \UART_Maxbotix:BUART:FinalAddrMode_0\ to \UART_Maxbotix:BUART:HalfDuplexSend\
Aliasing zero to \UART_Maxbotix:BUART:HalfDuplexSend\
Aliasing \UART_Maxbotix:BUART:rx_count7_bit8_wire\ to \UART_Maxbotix:BUART:HalfDuplexSend\
Aliasing \UART_Maxbotix:BUART:sRX:s23Poll:MODULE_1:g2:a0:g1:z1:s0:g1:u0:b_0\ to one
Aliasing \UART_Maxbotix:BUART:sRX:s23Poll:MODIN2_1\ to \UART_Maxbotix:BUART:sRX:s23Poll:MODIN1_1\
Aliasing \UART_Maxbotix:BUART:sRX:s23Poll:MODIN2_0\ to \UART_Maxbotix:BUART:sRX:s23Poll:MODIN1_0\
Aliasing \UART_Maxbotix:BUART:sRX:s23Poll:MODULE_2:g2:a0:newb_1\ to \UART_Maxbotix:BUART:HalfDuplexSend\
Aliasing \UART_Maxbotix:BUART:sRX:s23Poll:MODULE_2:g2:a0:newb_0\ to one
Aliasing \UART_Maxbotix:BUART:sRX:s23Poll:MODIN3_1\ to \UART_Maxbotix:BUART:sRX:s23Poll:MODIN1_1\
Aliasing \UART_Maxbotix:BUART:sRX:s23Poll:MODIN3_0\ to \UART_Maxbotix:BUART:sRX:s23Poll:MODIN1_0\
Aliasing \UART_Maxbotix:BUART:sRX:s23Poll:MODULE_3:g2:a0:newb_1\ to one
Aliasing \UART_Maxbotix:BUART:sRX:s23Poll:MODULE_3:g2:a0:newb_0\ to \UART_Maxbotix:BUART:HalfDuplexSend\
Aliasing \UART_Maxbotix:BUART:rx_status_1\ to \UART_Maxbotix:BUART:HalfDuplexSend\
Aliasing \UART_Maxbotix:BUART:sRX:MODULE_4:g2:a0:newa_6\ to \UART_Maxbotix:BUART:HalfDuplexSend\
Aliasing \UART_Maxbotix:BUART:sRX:MODULE_4:g2:a0:newa_5\ to \UART_Maxbotix:BUART:HalfDuplexSend\
Aliasing \UART_Maxbotix:BUART:sRX:MODULE_4:g2:a0:newa_4\ to \UART_Maxbotix:BUART:HalfDuplexSend\
Aliasing \UART_Maxbotix:BUART:sRX:MODULE_4:g2:a0:newb_6\ to \UART_Maxbotix:BUART:HalfDuplexSend\
Aliasing \UART_Maxbotix:BUART:sRX:MODULE_4:g2:a0:newb_5\ to \UART_Maxbotix:BUART:HalfDuplexSend\
Aliasing \UART_Maxbotix:BUART:sRX:MODULE_4:g2:a0:newb_4\ to \UART_Maxbotix:BUART:HalfDuplexSend\
Aliasing \UART_Maxbotix:BUART:sRX:MODULE_4:g2:a0:newb_3\ to \UART_Maxbotix:BUART:HalfDuplexSend\
Aliasing \UART_Maxbotix:BUART:sRX:MODULE_4:g2:a0:newb_2\ to one
Aliasing \UART_Maxbotix:BUART:sRX:MODULE_4:g2:a0:newb_1\ to one
Aliasing \UART_Maxbotix:BUART:sRX:MODULE_4:g2:a0:newb_0\ to \UART_Maxbotix:BUART:HalfDuplexSend\
Aliasing \UART_Maxbotix:BUART:sRX:MODULE_5:g1:a0:gx:u0:aeqb_0\ to one
Aliasing tmpOE__Rx_Maxbotix_net_0 to one
Aliasing tmpOE__LED_Red_net_0 to one
Aliasing tmpOE__LED_White_net_0 to one
Aliasing \UART_Maxbotix:BUART:reset_reg\\D\ to \UART_Maxbotix:BUART:HalfDuplexSend\
Aliasing \UART_Maxbotix:BUART:rx_break_status\\D\ to \UART_Maxbotix:BUART:HalfDuplexSend\
Removing Lhs of wire \UART_Maxbotix:Net_61\[2] = \UART_Maxbotix:Net_9\[1]
Removing Lhs of wire \UART_Maxbotix:BUART:FinalParityType_1\[9] = \UART_Maxbotix:BUART:HalfDuplexSend\[8]
Removing Lhs of wire \UART_Maxbotix:BUART:FinalParityType_0\[10] = \UART_Maxbotix:BUART:HalfDuplexSend\[8]
Removing Lhs of wire \UART_Maxbotix:BUART:FinalAddrMode_2\[11] = \UART_Maxbotix:BUART:HalfDuplexSend\[8]
Removing Lhs of wire \UART_Maxbotix:BUART:FinalAddrMode_1\[12] = \UART_Maxbotix:BUART:HalfDuplexSend\[8]
Removing Lhs of wire \UART_Maxbotix:BUART:FinalAddrMode_0\[13] = \UART_Maxbotix:BUART:HalfDuplexSend\[8]
Removing Lhs of wire \UART_Maxbotix:BUART:reset_reg_dp\[15] = \UART_Maxbotix:BUART:reset_reg\[6]
Removing Rhs of wire Net_45[21] = \UART_Maxbotix:BUART:rx_interrupt_out\[22]
Removing Rhs of wire zero[31] = \UART_Maxbotix:BUART:HalfDuplexSend\[8]
Removing Lhs of wire \UART_Maxbotix:BUART:rx_count7_bit8_wire\[77] = zero[31]
Removing Lhs of wire \UART_Maxbotix:BUART:sRX:s23Poll:add_vv_vv_MODGEN_1_1\[85] = \UART_Maxbotix:BUART:sRX:s23Poll:MODULE_1:g2:a0:s_1\[96]
Removing Lhs of wire \UART_Maxbotix:BUART:sRX:s23Poll:add_vv_vv_MODGEN_1_0\[87] = \UART_Maxbotix:BUART:sRX:s23Poll:MODULE_1:g2:a0:s_0\[97]
Removing Lhs of wire \UART_Maxbotix:BUART:sRX:s23Poll:cmp_vv_vv_MODGEN_2\[88] = \UART_Maxbotix:BUART:sRX:s23Poll:MODULE_2:g2:a0:lta_0\[113]
Removing Lhs of wire \UART_Maxbotix:BUART:sRX:s23Poll:cmp_vv_vv_MODGEN_3\[89] = \UART_Maxbotix:BUART:sRX:s23Poll:MODULE_3:g2:a0:lta_0\[127]
Removing Lhs of wire \UART_Maxbotix:BUART:sRX:s23Poll:MODULE_1:g2:a0:a_1\[90] = \UART_Maxbotix:BUART:sRX:s23Poll:MODIN1_1\[91]
Removing Lhs of wire \UART_Maxbotix:BUART:sRX:s23Poll:MODIN1_1\[91] = \UART_Maxbotix:BUART:pollcount_1\[83]
Removing Lhs of wire \UART_Maxbotix:BUART:sRX:s23Poll:MODULE_1:g2:a0:a_0\[92] = \UART_Maxbotix:BUART:sRX:s23Poll:MODIN1_0\[93]
Removing Lhs of wire \UART_Maxbotix:BUART:sRX:s23Poll:MODIN1_0\[93] = \UART_Maxbotix:BUART:pollcount_0\[86]
Removing Lhs of wire \UART_Maxbotix:BUART:sRX:s23Poll:MODULE_1:g2:a0:g1:z1:s0:g1:u0:c_0\[99] = one[4]
Removing Lhs of wire \UART_Maxbotix:BUART:sRX:s23Poll:MODULE_1:g2:a0:g1:z1:s0:g1:u0:b_0\[100] = one[4]
Removing Lhs of wire \UART_Maxbotix:BUART:sRX:s23Poll:MODULE_2:g2:a0:newa_1\[101] = \UART_Maxbotix:BUART:pollcount_1\[83]
Removing Lhs of wire \UART_Maxbotix:BUART:sRX:s23Poll:MODIN2_1\[102] = \UART_Maxbotix:BUART:pollcount_1\[83]
Removing Lhs of wire \UART_Maxbotix:BUART:sRX:s23Poll:MODULE_2:g2:a0:newa_0\[103] = \UART_Maxbotix:BUART:pollcount_0\[86]
Removing Lhs of wire \UART_Maxbotix:BUART:sRX:s23Poll:MODIN2_0\[104] = \UART_Maxbotix:BUART:pollcount_0\[86]
Removing Lhs of wire \UART_Maxbotix:BUART:sRX:s23Poll:MODULE_2:g2:a0:newb_1\[105] = zero[31]
Removing Lhs of wire \UART_Maxbotix:BUART:sRX:s23Poll:MODULE_2:g2:a0:newb_0\[106] = one[4]
Removing Lhs of wire \UART_Maxbotix:BUART:sRX:s23Poll:MODULE_2:g2:a0:dataa_1\[107] = \UART_Maxbotix:BUART:pollcount_1\[83]
Removing Lhs of wire \UART_Maxbotix:BUART:sRX:s23Poll:MODULE_2:g2:a0:dataa_0\[108] = \UART_Maxbotix:BUART:pollcount_0\[86]
Removing Lhs of wire \UART_Maxbotix:BUART:sRX:s23Poll:MODULE_2:g2:a0:datab_1\[109] = zero[31]
Removing Lhs of wire \UART_Maxbotix:BUART:sRX:s23Poll:MODULE_2:g2:a0:datab_0\[110] = one[4]
Removing Lhs of wire \UART_Maxbotix:BUART:sRX:s23Poll:MODULE_3:g2:a0:newa_1\[115] = \UART_Maxbotix:BUART:pollcount_1\[83]
Removing Lhs of wire \UART_Maxbotix:BUART:sRX:s23Poll:MODIN3_1\[116] = \UART_Maxbotix:BUART:pollcount_1\[83]
Removing Lhs of wire \UART_Maxbotix:BUART:sRX:s23Poll:MODULE_3:g2:a0:newa_0\[117] = \UART_Maxbotix:BUART:pollcount_0\[86]
Removing Lhs of wire \UART_Maxbotix:BUART:sRX:s23Poll:MODIN3_0\[118] = \UART_Maxbotix:BUART:pollcount_0\[86]
Removing Lhs of wire \UART_Maxbotix:BUART:sRX:s23Poll:MODULE_3:g2:a0:newb_1\[119] = one[4]
Removing Lhs of wire \UART_Maxbotix:BUART:sRX:s23Poll:MODULE_3:g2:a0:newb_0\[120] = zero[31]
Removing Lhs of wire \UART_Maxbotix:BUART:sRX:s23Poll:MODULE_3:g2:a0:dataa_1\[121] = \UART_Maxbotix:BUART:pollcount_1\[83]
Removing Lhs of wire \UART_Maxbotix:BUART:sRX:s23Poll:MODULE_3:g2:a0:dataa_0\[122] = \UART_Maxbotix:BUART:pollcount_0\[86]
Removing Lhs of wire \UART_Maxbotix:BUART:sRX:s23Poll:MODULE_3:g2:a0:datab_1\[123] = one[4]
Removing Lhs of wire \UART_Maxbotix:BUART:sRX:s23Poll:MODULE_3:g2:a0:datab_0\[124] = zero[31]
Removing Lhs of wire \UART_Maxbotix:BUART:rx_status_1\[131] = zero[31]
Removing Rhs of wire \UART_Maxbotix:BUART:rx_status_2\[132] = \UART_Maxbotix:BUART:rx_parity_error_status\[133]
Removing Rhs of wire \UART_Maxbotix:BUART:rx_status_3\[134] = \UART_Maxbotix:BUART:rx_stop_bit_error\[135]
Removing Lhs of wire \UART_Maxbotix:BUART:sRX:cmp_vv_vv_MODGEN_4\[145] = \UART_Maxbotix:BUART:sRX:MODULE_4:g2:a0:lta_0\[194]
Removing Lhs of wire \UART_Maxbotix:BUART:sRX:cmp_vv_vv_MODGEN_5\[149] = \UART_Maxbotix:BUART:sRX:MODULE_5:g1:a0:xneq\[216]
Removing Lhs of wire \UART_Maxbotix:BUART:sRX:MODULE_4:g2:a0:newa_6\[150] = zero[31]
Removing Lhs of wire \UART_Maxbotix:BUART:sRX:MODULE_4:g2:a0:newa_5\[151] = zero[31]
Removing Lhs of wire \UART_Maxbotix:BUART:sRX:MODULE_4:g2:a0:newa_4\[152] = zero[31]
Removing Lhs of wire \UART_Maxbotix:BUART:sRX:MODULE_4:g2:a0:newa_3\[153] = \UART_Maxbotix:BUART:sRX:MODIN4_6\[154]
Removing Lhs of wire \UART_Maxbotix:BUART:sRX:MODIN4_6\[154] = \UART_Maxbotix:BUART:rx_count_6\[72]
Removing Lhs of wire \UART_Maxbotix:BUART:sRX:MODULE_4:g2:a0:newa_2\[155] = \UART_Maxbotix:BUART:sRX:MODIN4_5\[156]
Removing Lhs of wire \UART_Maxbotix:BUART:sRX:MODIN4_5\[156] = \UART_Maxbotix:BUART:rx_count_5\[73]
Removing Lhs of wire \UART_Maxbotix:BUART:sRX:MODULE_4:g2:a0:newa_1\[157] = \UART_Maxbotix:BUART:sRX:MODIN4_4\[158]
Removing Lhs of wire \UART_Maxbotix:BUART:sRX:MODIN4_4\[158] = \UART_Maxbotix:BUART:rx_count_4\[74]
Removing Lhs of wire \UART_Maxbotix:BUART:sRX:MODULE_4:g2:a0:newa_0\[159] = \UART_Maxbotix:BUART:sRX:MODIN4_3\[160]
Removing Lhs of wire \UART_Maxbotix:BUART:sRX:MODIN4_3\[160] = \UART_Maxbotix:BUART:rx_count_3\[75]
Removing Lhs of wire \UART_Maxbotix:BUART:sRX:MODULE_4:g2:a0:newb_6\[161] = zero[31]
Removing Lhs of wire \UART_Maxbotix:BUART:sRX:MODULE_4:g2:a0:newb_5\[162] = zero[31]
Removing Lhs of wire \UART_Maxbotix:BUART:sRX:MODULE_4:g2:a0:newb_4\[163] = zero[31]
Removing Lhs of wire \UART_Maxbotix:BUART:sRX:MODULE_4:g2:a0:newb_3\[164] = zero[31]
Removing Lhs of wire \UART_Maxbotix:BUART:sRX:MODULE_4:g2:a0:newb_2\[165] = one[4]
Removing Lhs of wire \UART_Maxbotix:BUART:sRX:MODULE_4:g2:a0:newb_1\[166] = one[4]
Removing Lhs of wire \UART_Maxbotix:BUART:sRX:MODULE_4:g2:a0:newb_0\[167] = zero[31]
Removing Lhs of wire \UART_Maxbotix:BUART:sRX:MODULE_4:g2:a0:dataa_6\[168] = zero[31]
Removing Lhs of wire \UART_Maxbotix:BUART:sRX:MODULE_4:g2:a0:dataa_5\[169] = zero[31]
Removing Lhs of wire \UART_Maxbotix:BUART:sRX:MODULE_4:g2:a0:dataa_4\[170] = zero[31]
Removing Lhs of wire \UART_Maxbotix:BUART:sRX:MODULE_4:g2:a0:dataa_3\[171] = \UART_Maxbotix:BUART:rx_count_6\[72]
Removing Lhs of wire \UART_Maxbotix:BUART:sRX:MODULE_4:g2:a0:dataa_2\[172] = \UART_Maxbotix:BUART:rx_count_5\[73]
Removing Lhs of wire \UART_Maxbotix:BUART:sRX:MODULE_4:g2:a0:dataa_1\[173] = \UART_Maxbotix:BUART:rx_count_4\[74]
Removing Lhs of wire \UART_Maxbotix:BUART:sRX:MODULE_4:g2:a0:dataa_0\[174] = \UART_Maxbotix:BUART:rx_count_3\[75]
Removing Lhs of wire \UART_Maxbotix:BUART:sRX:MODULE_4:g2:a0:datab_6\[175] = zero[31]
Removing Lhs of wire \UART_Maxbotix:BUART:sRX:MODULE_4:g2:a0:datab_5\[176] = zero[31]
Removing Lhs of wire \UART_Maxbotix:BUART:sRX:MODULE_4:g2:a0:datab_4\[177] = zero[31]
Removing Lhs of wire \UART_Maxbotix:BUART:sRX:MODULE_4:g2:a0:datab_3\[178] = zero[31]
Removing Lhs of wire \UART_Maxbotix:BUART:sRX:MODULE_4:g2:a0:datab_2\[179] = one[4]
Removing Lhs of wire \UART_Maxbotix:BUART:sRX:MODULE_4:g2:a0:datab_1\[180] = one[4]
Removing Lhs of wire \UART_Maxbotix:BUART:sRX:MODULE_4:g2:a0:datab_0\[181] = zero[31]
Removing Lhs of wire \UART_Maxbotix:BUART:sRX:MODULE_5:g1:a0:newa_0\[196] = \UART_Maxbotix:BUART:rx_postpoll\[30]
Removing Lhs of wire \UART_Maxbotix:BUART:sRX:MODULE_5:g1:a0:newb_0\[197] = \UART_Maxbotix:BUART:rx_parity_bit\[148]
Removing Lhs of wire \UART_Maxbotix:BUART:sRX:MODULE_5:g1:a0:dataa_0\[198] = \UART_Maxbotix:BUART:rx_postpoll\[30]
Removing Lhs of wire \UART_Maxbotix:BUART:sRX:MODULE_5:g1:a0:datab_0\[199] = \UART_Maxbotix:BUART:rx_parity_bit\[148]
Removing Lhs of wire \UART_Maxbotix:BUART:sRX:MODULE_5:g1:a0:gx:u0:a_0\[200] = \UART_Maxbotix:BUART:rx_postpoll\[30]
Removing Lhs of wire \UART_Maxbotix:BUART:sRX:MODULE_5:g1:a0:gx:u0:b_0\[201] = \UART_Maxbotix:BUART:rx_parity_bit\[148]
Removing Lhs of wire \UART_Maxbotix:BUART:sRX:MODULE_5:g1:a0:gx:u0:aeqb_0\[203] = one[4]
Removing Lhs of wire \UART_Maxbotix:BUART:sRX:MODULE_5:g1:a0:gx:u0:eq_0\[204] = \UART_Maxbotix:BUART:sRX:MODULE_5:g1:a0:gx:u0:xnor_array_0\[202]
Removing Lhs of wire \UART_Maxbotix:BUART:sRX:MODULE_5:g1:a0:gx:u0:eqi_0\[205] = \UART_Maxbotix:BUART:sRX:MODULE_5:g1:a0:gx:u0:xnor_array_0\[202]
Removing Lhs of wire tmpOE__Rx_Maxbotix_net_0[227] = one[4]
Removing Lhs of wire tmpOE__LED_Red_net_0[232] = one[4]
Removing Lhs of wire tmpOE__LED_White_net_0[238] = one[4]
Removing Lhs of wire \UART_Maxbotix:BUART:reset_reg\\D\[244] = zero[31]
Removing Lhs of wire \UART_Maxbotix:BUART:rx_bitclk\\D\[250] = \UART_Maxbotix:BUART:rx_bitclk_pre\[66]
Removing Lhs of wire \UART_Maxbotix:BUART:rx_parity_error_pre\\D\[259] = \UART_Maxbotix:BUART:rx_parity_error_pre\[143]
Removing Lhs of wire \UART_Maxbotix:BUART:rx_break_status\\D\[260] = zero[31]

------------------------------------------------------
Aliased 0 equations, 93 wires.
------------------------------------------------------

----------------------------------------------------------
Circuit simplification
----------------------------------------------------------

Substituting virtuals - pass 1:

Note:  Expanding virtual equation for 'one' (cost = 0):
one <=  ('1') ;

Note:  Expanding virtual equation for 'zero' (cost = 0):
zero <=  ('0') ;

Note:  Expanding virtual equation for '\UART_Maxbotix:BUART:rx_addressmatch\' (cost = 0):
\UART_Maxbotix:BUART:rx_addressmatch\ <= (\UART_Maxbotix:BUART:rx_addressmatch2\
	OR \UART_Maxbotix:BUART:rx_addressmatch1\);

Note:  Expanding virtual equation for '\UART_Maxbotix:BUART:rx_bitclk_pre\' (cost = 1):
\UART_Maxbotix:BUART:rx_bitclk_pre\ <= ((not \UART_Maxbotix:BUART:rx_count_2\ and not \UART_Maxbotix:BUART:rx_count_1\ and not \UART_Maxbotix:BUART:rx_count_0\));

Note:  Expanding virtual equation for '\UART_Maxbotix:BUART:rx_bitclk_pre16x\' (cost = 0):
\UART_Maxbotix:BUART:rx_bitclk_pre16x\ <= ((not \UART_Maxbotix:BUART:rx_count_2\ and \UART_Maxbotix:BUART:rx_count_1\ and \UART_Maxbotix:BUART:rx_count_0\));

Note:  Expanding virtual equation for '\UART_Maxbotix:BUART:rx_poll_bit1\' (cost = 1):
\UART_Maxbotix:BUART:rx_poll_bit1\ <= ((not \UART_Maxbotix:BUART:rx_count_2\ and not \UART_Maxbotix:BUART:rx_count_1\ and \UART_Maxbotix:BUART:rx_count_0\));

Note:  Expanding virtual equation for '\UART_Maxbotix:BUART:rx_poll_bit2\' (cost = 1):
\UART_Maxbotix:BUART:rx_poll_bit2\ <= ((not \UART_Maxbotix:BUART:rx_count_2\ and not \UART_Maxbotix:BUART:rx_count_1\ and not \UART_Maxbotix:BUART:rx_count_0\));

Note:  Expanding virtual equation for '\UART_Maxbotix:BUART:pollingrange\' (cost = 4):
\UART_Maxbotix:BUART:pollingrange\ <= ((not \UART_Maxbotix:BUART:rx_count_2\ and not \UART_Maxbotix:BUART:rx_count_1\));

Note:  Expanding virtual equation for '\UART_Maxbotix:BUART:sRX:s23Poll:MODULE_1:g2:a0:g1:z1:s0:g1:u0:c_1\' (cost = 0):
\UART_Maxbotix:BUART:sRX:s23Poll:MODULE_1:g2:a0:g1:z1:s0:g1:u0:c_1\ <= (\UART_Maxbotix:BUART:pollcount_0\);

Note:  Expanding virtual equation for '\UART_Maxbotix:BUART:sRX:s23Poll:MODULE_1:g2:a0:s_0\' (cost = 0):
\UART_Maxbotix:BUART:sRX:s23Poll:MODULE_1:g2:a0:s_0\ <= (not \UART_Maxbotix:BUART:pollcount_0\);

Note:  Expanding virtual equation for '\UART_Maxbotix:BUART:sRX:s23Poll:MODULE_2:g2:a0:lta_1\' (cost = 0):
\UART_Maxbotix:BUART:sRX:s23Poll:MODULE_2:g2:a0:lta_1\ <=  ('0') ;

Note:  Expanding virtual equation for '\UART_Maxbotix:BUART:sRX:s23Poll:MODULE_2:g2:a0:gta_1\' (cost = 0):
\UART_Maxbotix:BUART:sRX:s23Poll:MODULE_2:g2:a0:gta_1\ <= (\UART_Maxbotix:BUART:pollcount_1\);

Note:  Expanding virtual equation for '\UART_Maxbotix:BUART:sRX:s23Poll:MODULE_3:g2:a0:lta_1\' (cost = 0):
\UART_Maxbotix:BUART:sRX:s23Poll:MODULE_3:g2:a0:lta_1\ <= (not \UART_Maxbotix:BUART:pollcount_1\);

Note:  Expanding virtual equation for '\UART_Maxbotix:BUART:sRX:s23Poll:MODULE_3:g2:a0:gta_1\' (cost = 0):
\UART_Maxbotix:BUART:sRX:s23Poll:MODULE_3:g2:a0:gta_1\ <=  ('0') ;

Note:  Expanding virtual equation for '\UART_Maxbotix:BUART:sRX:MODULE_4:g2:a0:lta_6\' (cost = 0):
\UART_Maxbotix:BUART:sRX:MODULE_4:g2:a0:lta_6\ <=  ('0') ;

Note:  Expanding virtual equation for '\UART_Maxbotix:BUART:sRX:MODULE_4:g2:a0:gta_6\' (cost = 0):
\UART_Maxbotix:BUART:sRX:MODULE_4:g2:a0:gta_6\ <=  ('0') ;

Note:  Expanding virtual equation for '\UART_Maxbotix:BUART:sRX:MODULE_4:g2:a0:lta_5\' (cost = 0):
\UART_Maxbotix:BUART:sRX:MODULE_4:g2:a0:lta_5\ <=  ('0') ;

Note:  Expanding virtual equation for '\UART_Maxbotix:BUART:sRX:MODULE_4:g2:a0:gta_5\' (cost = 0):
\UART_Maxbotix:BUART:sRX:MODULE_4:g2:a0:gta_5\ <=  ('0') ;

Note:  Expanding virtual equation for '\UART_Maxbotix:BUART:sRX:MODULE_4:g2:a0:lta_4\' (cost = 0):
\UART_Maxbotix:BUART:sRX:MODULE_4:g2:a0:lta_4\ <=  ('0') ;

Note:  Expanding virtual equation for '\UART_Maxbotix:BUART:sRX:MODULE_4:g2:a0:gta_4\' (cost = 0):
\UART_Maxbotix:BUART:sRX:MODULE_4:g2:a0:gta_4\ <=  ('0') ;

Note:  Expanding virtual equation for '\UART_Maxbotix:BUART:sRX:MODULE_4:g2:a0:lta_3\' (cost = 0):
\UART_Maxbotix:BUART:sRX:MODULE_4:g2:a0:lta_3\ <=  ('0') ;

Note:  Expanding virtual equation for '\UART_Maxbotix:BUART:sRX:MODULE_4:g2:a0:gta_3\' (cost = 0):
\UART_Maxbotix:BUART:sRX:MODULE_4:g2:a0:gta_3\ <= (\UART_Maxbotix:BUART:rx_count_6\);

Note:  Expanding virtual equation for '\UART_Maxbotix:BUART:sRX:MODULE_4:g2:a0:lta_2\' (cost = 1):
\UART_Maxbotix:BUART:sRX:MODULE_4:g2:a0:lta_2\ <= ((not \UART_Maxbotix:BUART:rx_count_6\ and not \UART_Maxbotix:BUART:rx_count_5\));

Note:  Expanding virtual equation for '\UART_Maxbotix:BUART:sRX:MODULE_4:g2:a0:gta_2\' (cost = 0):
\UART_Maxbotix:BUART:sRX:MODULE_4:g2:a0:gta_2\ <= (\UART_Maxbotix:BUART:rx_count_6\);

Note:  Expanding virtual equation for '\UART_Maxbotix:BUART:sRX:MODULE_4:g2:a0:lta_1\' (cost = 2):
\UART_Maxbotix:BUART:sRX:MODULE_4:g2:a0:lta_1\ <= ((not \UART_Maxbotix:BUART:rx_count_6\ and not \UART_Maxbotix:BUART:rx_count_4\)
	OR (not \UART_Maxbotix:BUART:rx_count_6\ and not \UART_Maxbotix:BUART:rx_count_5\));

Note:  Expanding virtual equation for '\UART_Maxbotix:BUART:sRX:MODULE_4:g2:a0:gta_1\' (cost = 0):
\UART_Maxbotix:BUART:sRX:MODULE_4:g2:a0:gta_1\ <= (\UART_Maxbotix:BUART:rx_count_6\);

Note:  Expanding virtual equation for '\UART_Maxbotix:BUART:sRX:MODULE_4:g2:a0:lta_0\' (cost = 8):
\UART_Maxbotix:BUART:sRX:MODULE_4:g2:a0:lta_0\ <= ((not \UART_Maxbotix:BUART:rx_count_6\ and not \UART_Maxbotix:BUART:rx_count_4\)
	OR (not \UART_Maxbotix:BUART:rx_count_6\ and not \UART_Maxbotix:BUART:rx_count_5\));


Substituting virtuals - pass 2:

Note:  Expanding virtual equation for '\UART_Maxbotix:BUART:sRX:s23Poll:MODULE_2:g2:a0:lta_0\' (cost = 4):
\UART_Maxbotix:BUART:sRX:s23Poll:MODULE_2:g2:a0:lta_0\ <= ((not \UART_Maxbotix:BUART:pollcount_1\ and not \UART_Maxbotix:BUART:pollcount_0\));

Note:  Expanding virtual equation for '\UART_Maxbotix:BUART:sRX:s23Poll:MODULE_3:g2:a0:lta_0\' (cost = 0):
\UART_Maxbotix:BUART:sRX:s23Poll:MODULE_3:g2:a0:lta_0\ <= (not \UART_Maxbotix:BUART:pollcount_1\);

Note:  Expanding virtual equation for '\UART_Maxbotix:BUART:sRX:s23Poll:MODULE_1:g2:a0:s_1\' (cost = 2):
\UART_Maxbotix:BUART:sRX:s23Poll:MODULE_1:g2:a0:s_1\ <= ((not \UART_Maxbotix:BUART:pollcount_0\ and \UART_Maxbotix:BUART:pollcount_1\)
	OR (not \UART_Maxbotix:BUART:pollcount_1\ and \UART_Maxbotix:BUART:pollcount_0\));


Substituting virtuals - pass 3:

Note:  Expanding virtual equation for '\UART_Maxbotix:BUART:rx_postpoll\' (cost = 72):
\UART_Maxbotix:BUART:rx_postpoll\ <= (\UART_Maxbotix:BUART:pollcount_1\
	OR (Net_7 and \UART_Maxbotix:BUART:pollcount_0\));

Note:  Expanding virtual equation for '\UART_Maxbotix:BUART:sRX:MODULE_5:g1:a0:gx:u0:xnor_array_0\' (cost = 4):
\UART_Maxbotix:BUART:sRX:MODULE_5:g1:a0:gx:u0:xnor_array_0\ <= ((not \UART_Maxbotix:BUART:pollcount_1\ and not Net_7 and not \UART_Maxbotix:BUART:rx_parity_bit\)
	OR (not \UART_Maxbotix:BUART:pollcount_1\ and not \UART_Maxbotix:BUART:pollcount_0\ and not \UART_Maxbotix:BUART:rx_parity_bit\)
	OR (\UART_Maxbotix:BUART:pollcount_1\ and \UART_Maxbotix:BUART:rx_parity_bit\)
	OR (Net_7 and \UART_Maxbotix:BUART:pollcount_0\ and \UART_Maxbotix:BUART:rx_parity_bit\));

Note:  Expanding virtual equation for '\UART_Maxbotix:BUART:sRX:MODULE_5:g1:a0:gx:u0:aeqb_1\' (cost = 4):
\UART_Maxbotix:BUART:sRX:MODULE_5:g1:a0:gx:u0:aeqb_1\ <= ((not \UART_Maxbotix:BUART:pollcount_1\ and not Net_7 and not \UART_Maxbotix:BUART:rx_parity_bit\)
	OR (not \UART_Maxbotix:BUART:pollcount_1\ and not \UART_Maxbotix:BUART:pollcount_0\ and not \UART_Maxbotix:BUART:rx_parity_bit\)
	OR (\UART_Maxbotix:BUART:pollcount_1\ and \UART_Maxbotix:BUART:rx_parity_bit\)
	OR (Net_7 and \UART_Maxbotix:BUART:pollcount_0\ and \UART_Maxbotix:BUART:rx_parity_bit\));


Substituting virtuals - pass 4:


----------------------------------------------------------
Circuit simplification results:

	Expanded 33 signals.
	Turned 0 signals into soft nodes.
	Maximum default expansion cost was set at 3.
----------------------------------------------------------

------------------------------------------------------
Alias Detection
------------------------------------------------------
Aliasing \UART_Maxbotix:BUART:rx_status_0\ to zero
Aliasing \UART_Maxbotix:BUART:rx_status_6\ to zero
Aliasing \UART_Maxbotix:BUART:rx_markspace_status\\D\ to zero
Aliasing \UART_Maxbotix:BUART:rx_parity_error_status\\D\ to zero
Aliasing \UART_Maxbotix:BUART:rx_addr_match_status\\D\ to zero
Removing Rhs of wire \UART_Maxbotix:BUART:rx_bitclk_enable\[29] = \UART_Maxbotix:BUART:rx_bitclk\[78]
Removing Lhs of wire \UART_Maxbotix:BUART:rx_status_0\[129] = zero[31]
Removing Lhs of wire \UART_Maxbotix:BUART:rx_status_6\[138] = zero[31]
Removing Lhs of wire \UART_Maxbotix:BUART:rx_markspace_status\\D\[254] = zero[31]
Removing Lhs of wire \UART_Maxbotix:BUART:rx_parity_error_status\\D\[255] = zero[31]
Removing Lhs of wire \UART_Maxbotix:BUART:rx_addr_match_status\\D\[257] = zero[31]
Removing Lhs of wire \UART_Maxbotix:BUART:rx_markspace_pre\\D\[258] = \UART_Maxbotix:BUART:rx_markspace_pre\[142]
Removing Lhs of wire \UART_Maxbotix:BUART:rx_parity_bit\\D\[263] = \UART_Maxbotix:BUART:rx_parity_bit\[148]

------------------------------------------------------
Aliased 0 equations, 8 wires.
------------------------------------------------------

----------------------------------------------------------
Circuit simplification
----------------------------------------------------------

Eliminating unused logic - pass 1:

Note:  Deleted unused equation:
\UART_Maxbotix:BUART:sRX:MODULE_5:g1:a0:xneq\ <= ((not \UART_Maxbotix:BUART:rx_parity_bit\ and Net_7 and \UART_Maxbotix:BUART:pollcount_0\)
	OR (not \UART_Maxbotix:BUART:pollcount_1\ and not \UART_Maxbotix:BUART:pollcount_0\ and \UART_Maxbotix:BUART:rx_parity_bit\)
	OR (not \UART_Maxbotix:BUART:pollcount_1\ and not Net_7 and \UART_Maxbotix:BUART:rx_parity_bit\)
	OR (not \UART_Maxbotix:BUART:rx_parity_bit\ and \UART_Maxbotix:BUART:pollcount_1\));


Eliminating unused logic - pass 2:


Substituting virtuals - pass 1:


----------------------------------------------------------
Circuit simplification results:

	Expanded 0 signals.
	Turned 0 signals into soft nodes.
	Maximum default expansion cost was set at 3.
----------------------------------------------------------

topld:  No errors.

CYPRESS_DIR    : C:\Program Files (x86)\Cypress\PSoC Creator\3.0\PSoC Creator\warp
Warp Program   : C:\Program Files (x86)\Cypress\PSoC Creator\3.0\PSoC Creator\warp\bin/warp.exe
Warp Arguments : -yv2 -v3 -ygs -q10 -o2 -.fftcfgtype=LE -ya "-.fftprj=C:\Users\hozhen\Google Drive\Docs Ho-Zhen\projects\UMBS\UMBS Project\Software\PSoC\Drivers\Ultrasonic_Maxbotix\Ultrasonic_Maxbotix\Ultrasonic_Maxbotix.cydsn\Ultrasonic_Maxbotix.cyprj" -dcpsoc3 Ultrasonic_Maxbotix.v -verilog
</CYPRESSTAG>
Warp synthesis phase: Elapsed time ==> 5s.472ms
<CYPRESSTAG name="Fitter results...">
<CYPRESSTAG name="Fitter startup details...">
cyp3fit: V3.0.0.3023, Family: PSoC3, Started at: Monday, 27 October 2014 16:22:36
Options: -yv2 -v3 -ygs -q10 -o2 -.fftcfgtype=LE -ya -.fftprj=C:\Users\hozhen\Google Drive\Docs Ho-Zhen\projects\UMBS\UMBS Project\Software\PSoC\Drivers\Ultrasonic_Maxbotix\Ultrasonic_Maxbotix\Ultrasonic_Maxbotix.cydsn\Ultrasonic_Maxbotix.cyprj -d CY8C5868AXI-LP035 Ultrasonic_Maxbotix.v -verilog
</CYPRESSTAG>
<CYPRESSTAG name="Design parsing">
Design parsing phase: Elapsed time ==> 0s.264ms
</CYPRESSTAG>
<CYPRESSTAG name="Tech mapping">
<CYPRESSTAG name="Initial Mapping" icon="FILE_RPT_TECHM">
    Converted constant MacroCell: \UART_Maxbotix:BUART:reset_reg\ from registered to combinatorial
    Converted constant MacroCell: \UART_Maxbotix:BUART:rx_addr_match_status\ from registered to combinatorial
    Converted constant MacroCell: \UART_Maxbotix:BUART:rx_break_status\ from registered to combinatorial
    Converted constant MacroCell: \UART_Maxbotix:BUART:rx_markspace_status\ from registered to combinatorial
    Converted constant MacroCell: \UART_Maxbotix:BUART:rx_status_2\ from registered to combinatorial
<CYPRESSTAG name="Global Clock Selection" icon="FILE_RPT_TECHM">
    Digital Clock 0: Automatic-assigning  clock 'UART_Maxbotix_IntClock'. Fanout=1, Signal=\UART_Maxbotix:Net_9\
</CYPRESSTAG>

Removing unused cells resulting from optimization
    Removed unused cell/equation '\UART_Maxbotix:BUART:rx_addr_match_status\:macrocell'
    Removed unused cell/equation '\UART_Maxbotix:BUART:rx_break_status\:macrocell'
    Removed unused cell/equation '\UART_Maxbotix:BUART:rx_markspace_status\:macrocell'
Done removing unused cells.
<CYPRESSTAG name="UDB Clock/Enable Remapping Results">
    UDB Clk/Enable \UART_Maxbotix:BUART:ClkSync\: with output requested to be synchronous
        ClockIn: UART_Maxbotix_IntClock was determined to be a global clock that is synchronous to BUS_CLK
        EnableIn: Constant 1 was determined to be synchronous to ClockIn
        ClockOut: UART_Maxbotix_IntClock, EnableOut: Constant 1
</CYPRESSTAG>

Removing unused cells resulting from optimization
    Removed unused cell/equation '\UART_Maxbotix:BUART:pollcount_0\\D\:macrocell'
    Removed unused cell/equation '\UART_Maxbotix:BUART:pollcount_1\\D\:macrocell'
    Removed unused cell/equation '\UART_Maxbotix:BUART:reset_reg\:macrocell'
    Removed unused cell/equation '\UART_Maxbotix:BUART:rx_address_detected\\D\:macrocell'
    Removed unused cell/equation '\UART_Maxbotix:BUART:rx_bitclk_pre\:macrocell'
    Removed unused cell/equation '\UART_Maxbotix:BUART:rx_last\\D\:macrocell'
    Removed unused cell/equation '\UART_Maxbotix:BUART:rx_load_fifo\\D\:macrocell'
    Removed unused cell/equation '\UART_Maxbotix:BUART:rx_state_0\\D\:macrocell'
    Removed unused cell/equation '\UART_Maxbotix:BUART:rx_state_1\\D\:macrocell'
    Removed unused cell/equation '\UART_Maxbotix:BUART:rx_state_2\\D\:macrocell'
    Removed unused cell/equation '\UART_Maxbotix:BUART:rx_state_3\\D\:macrocell'
    Removed unused cell/equation '\UART_Maxbotix:BUART:rx_state_stop1_reg\\D\:macrocell'
    Removed unused cell/equation '\UART_Maxbotix:BUART:rx_status_2\:macrocell'
    Removed unused cell/equation '\UART_Maxbotix:BUART:rx_stop_bit_error\\D\:macrocell'
    Removed unused cell/equation '__ZERO__:macrocell'
Done removing unused cells.
<CYPRESSTAG name="Duplicate Macrocell detection">
</CYPRESSTAG>
</CYPRESSTAG>
<CYPRESSTAG name="Duplicate Macrocell detection">

Removing duplicate macrocells
    Removing \UART_Maxbotix:BUART:rx_state_1\, Duplicate of \UART_Maxbotix:BUART:rx_address_detected\ 
    MacroCell: Name=\UART_Maxbotix:BUART:rx_state_1\, Mode=(T-Register)
        Total # of inputs        : 0
        Total # of product terms : 0
        List of special equations: 
            Clock  = (\UART_Maxbotix:Net_9\) => Global
            Clock Enable: True
        Main Equation            : 0 pterms
        (
            0
        );
        Output = \UART_Maxbotix:BUART:rx_state_1\ (fanout=8)

    Removing \UART_Maxbotix:BUART:rx_parity_error_pre\, Duplicate of \UART_Maxbotix:BUART:rx_address_detected\ 
    MacroCell: Name=\UART_Maxbotix:BUART:rx_parity_error_pre\, Mode=(T-Register)
        Total # of inputs        : 0
        Total # of product terms : 0
        List of special equations: 
            Clock  = (\UART_Maxbotix:Net_9\) => Global
            Clock Enable: True
        Main Equation            : 0 pterms
        (
            0
        );
        Output = \UART_Maxbotix:BUART:rx_parity_error_pre\ (fanout=0)

    Removing \UART_Maxbotix:BUART:rx_parity_bit\, Duplicate of \UART_Maxbotix:BUART:rx_address_detected\ 
    MacroCell: Name=\UART_Maxbotix:BUART:rx_parity_bit\, Mode=(T-Register)
        Total # of inputs        : 0
        Total # of product terms : 0
        List of special equations: 
            Clock  = (\UART_Maxbotix:Net_9\) => Global
            Clock Enable: True
        Main Equation            : 0 pterms
        (
            0
        );
        Output = \UART_Maxbotix:BUART:rx_parity_bit\ (fanout=0)

    Removing \UART_Maxbotix:BUART:rx_markspace_pre\, Duplicate of \UART_Maxbotix:BUART:rx_address_detected\ 
    MacroCell: Name=\UART_Maxbotix:BUART:rx_markspace_pre\, Mode=(T-Register)
        Total # of inputs        : 0
        Total # of product terms : 0
        List of special equations: 
            Clock  = (\UART_Maxbotix:Net_9\) => Global
            Clock Enable: True
        Main Equation            : 0 pterms
        (
            0
        );
        Output = \UART_Maxbotix:BUART:rx_markspace_pre\ (fanout=0)

End removing duplicate macrocells: used 1 pass
</CYPRESSTAG>
<CYPRESSTAG name="Design Equations" icon="FILE_RPT_EQUATION">

------------------------------------------------------------
Design Equations
------------------------------------------------------------
    <CYPRESSTAG name="Pin listing">

    ------------------------------------------------------------
    Pin listing
    ------------------------------------------------------------

    Pin : Name = LED_Red(0)
        Attributes:
            In Group/Port: True
            In Sync Option: AUTO
            Out Sync Option: NOSYNC
            Interrupt generated: False
            Interrupt mode: NONE
            Drive mode: CMOS_OUT
            VTrip: EITHER
            Slew: FAST
            Input Sync needed: False
            Output Sync needed: False
            SC shield enabled: False
            POR State: ANY
            LCD Mode: COMMON
            Register Mode: RegComb
            CaSense Mode: NEITHER
            Treat as pin: True
            Is OE Registered: False
            Uses Analog: False
            Can contain Digital: True
            Is SIO: False
            SIO Output Buf: NONREGULATED
            SIO Input Buf: SINGLE_ENDED
            SIO HiFreq: LOW
            SIO Hyst: DISABLED
            SIO Vtrip: MULTIPLIER_0_5
            SIO RefSel: VCC_IO
            Required Capabilitites: DIGITAL
            Initial Value: 0
            IO Voltage: 0
        PORT MAP (
            pa_out => LED_Red(0)__PA ,
            pad => LED_Red(0)_PAD );
        Properties:
        {
        }

    Pin : Name = LED_White(0)
        Attributes:
            In Group/Port: True
            In Sync Option: AUTO
            Out Sync Option: NOSYNC
            Interrupt generated: False
            Interrupt mode: NONE
            Drive mode: CMOS_OUT
            VTrip: EITHER
            Slew: FAST
            Input Sync needed: False
            Output Sync needed: False
            SC shield enabled: False
            POR State: ANY
            LCD Mode: COMMON
            Register Mode: RegComb
            CaSense Mode: NEITHER
            Treat as pin: True
            Is OE Registered: False
            Uses Analog: False
            Can contain Digital: True
            Is SIO: False
            SIO Output Buf: NONREGULATED
            SIO Input Buf: SINGLE_ENDED
            SIO HiFreq: LOW
            SIO Hyst: DISABLED
            SIO Vtrip: MULTIPLIER_0_5
            SIO RefSel: VCC_IO
            Required Capabilitites: DIGITAL
            Initial Value: 0
            IO Voltage: 0
        PORT MAP (
            pa_out => LED_White(0)__PA ,
            pad => LED_White(0)_PAD );
        Properties:
        {
        }

    Pin : Name = Rx_Maxbotix(0)
        Attributes:
            In Group/Port: True
            In Sync Option: SYNC
            Out Sync Option: AUTO
            Interrupt generated: False
            Interrupt mode: NONE
            Drive mode: HI_Z_DIGITAL
            VTrip: CMOS
            Slew: FAST
            Input Sync needed: True
            Output Sync needed: False
            SC shield enabled: False
            POR State: ANY
            LCD Mode: COMMON
            Register Mode: RegComb
            CaSense Mode: NEITHER
            Treat as pin: True
            Is OE Registered: False
            Uses Analog: False
            Can contain Digital: True
            Is SIO: False
            SIO Output Buf: NONREGULATED
            SIO Input Buf: SINGLE_ENDED
            SIO HiFreq: LOW
            SIO Hyst: DISABLED
            SIO Vtrip: MULTIPLIER_0_5
            SIO RefSel: VCC_IO
            Required Capabilitites: DIGITAL, ROUTABLE
            Initial Value: 0
            IO Voltage: 0
        PORT MAP (
            pa_out => Rx_Maxbotix(0)__PA ,
            fb => Net_7 ,
            pad => Rx_Maxbotix(0)_PAD );
        Properties:
        {
        }
    </CYPRESSTAG>
    <CYPRESSTAG name="Macrocell listing" icon="FILE_RPT_EQUATION">

    ------------------------------------------------------------
    Macrocell listing
    ------------------------------------------------------------

    MacroCell: Name=\UART_Maxbotix:BUART:pollcount_0\, Mode=(D-Register)
        Total # of inputs        : 4
        Total # of product terms : 2
        List of special equations: 
            Clock  = (\UART_Maxbotix:Net_9\) => Global
            Clock Enable: True
        Main Equation            : 2 pterms
        (
              !\UART_Maxbotix:BUART:rx_count_2\ * 
              !\UART_Maxbotix:BUART:rx_count_1\ * !Net_7 * 
              \UART_Maxbotix:BUART:pollcount_0\
            + !\UART_Maxbotix:BUART:rx_count_2\ * 
              !\UART_Maxbotix:BUART:rx_count_1\ * Net_7 * 
              !\UART_Maxbotix:BUART:pollcount_0\
        );
        Output = \UART_Maxbotix:BUART:pollcount_0\ (fanout=5)

    MacroCell: Name=\UART_Maxbotix:BUART:pollcount_1\, Mode=(D-Register)
        Total # of inputs        : 5
        Total # of product terms : 3
        List of special equations: 
            Clock  = (\UART_Maxbotix:Net_9\) => Global
            Clock Enable: True
        Main Equation            : 3 pterms
        (
              !\UART_Maxbotix:BUART:rx_count_2\ * 
              !\UART_Maxbotix:BUART:rx_count_1\ * 
              !\UART_Maxbotix:BUART:pollcount_1\ * Net_7 * 
              \UART_Maxbotix:BUART:pollcount_0\
            + !\UART_Maxbotix:BUART:rx_count_2\ * 
              !\UART_Maxbotix:BUART:rx_count_1\ * 
              \UART_Maxbotix:BUART:pollcount_1\ * !Net_7
            + !\UART_Maxbotix:BUART:rx_count_2\ * 
              !\UART_Maxbotix:BUART:rx_count_1\ * 
              \UART_Maxbotix:BUART:pollcount_1\ * 
              !\UART_Maxbotix:BUART:pollcount_0\
        );
        Output = \UART_Maxbotix:BUART:pollcount_1\ (fanout=4)

    MacroCell: Name=\UART_Maxbotix:BUART:rx_address_detected\, Mode=(T-Register)
        Total # of inputs        : 0
        Total # of product terms : 0
        List of special equations: 
            Clock  = (\UART_Maxbotix:Net_9\) => Global
            Clock Enable: True
        Main Equation            : 0 pterms
        (
            0
        );
        Output = \UART_Maxbotix:BUART:rx_address_detected\ (fanout=8)

    MacroCell: Name=\UART_Maxbotix:BUART:rx_bitclk_enable\, Mode=(D-Register)
        Total # of inputs        : 3
        Total # of product terms : 1
        List of special equations: 
            Clock  = (\UART_Maxbotix:Net_9\) => Global
            Clock Enable: True
        Main Equation            : 1 pterm
        (
              !\UART_Maxbotix:BUART:rx_count_2\ * 
              !\UART_Maxbotix:BUART:rx_count_1\ * 
              !\UART_Maxbotix:BUART:rx_count_0\
        );
        Output = \UART_Maxbotix:BUART:rx_bitclk_enable\ (fanout=6)

    MacroCell: Name=\UART_Maxbotix:BUART:rx_counter_load\, Mode=(Combinatorial)
        Total # of inputs        : 4
        Total # of product terms : 1
            Clock Enable: True
        Main Equation            : 1 pterm
        (
              !\UART_Maxbotix:BUART:rx_state_0\ * 
              !\UART_Maxbotix:BUART:rx_state_3\ * 
              !\UART_Maxbotix:BUART:rx_state_2\ * 
              !\UART_Maxbotix:BUART:rx_address_detected\
        );
        Output = \UART_Maxbotix:BUART:rx_counter_load\ (fanout=1)

    MacroCell: Name=\UART_Maxbotix:BUART:rx_last\, Mode=(D-Register)
        Total # of inputs        : 1
        Total # of product terms : 1
        List of special equations: 
            Clock  = (\UART_Maxbotix:Net_9\) => Global
            Clock Enable: True
        Main Equation            : 1 pterm
        (
              Net_7
        );
        Output = \UART_Maxbotix:BUART:rx_last\ (fanout=1)

    MacroCell: Name=\UART_Maxbotix:BUART:rx_load_fifo\, Mode=(D-Register)
        Total # of inputs        : 8
        Total # of product terms : 3
        List of special equations: 
            Clock  = (\UART_Maxbotix:Net_9\) => Global
            Clock Enable: True
        Main Equation            : 3 pterms
        (
              !\UART_Maxbotix:BUART:rx_state_0\ * 
              \UART_Maxbotix:BUART:rx_bitclk_enable\ * 
              \UART_Maxbotix:BUART:rx_state_3\ * 
              !\UART_Maxbotix:BUART:rx_state_2\ * 
              !\UART_Maxbotix:BUART:rx_address_detected\
            + \UART_Maxbotix:BUART:rx_state_0\ * 
              !\UART_Maxbotix:BUART:rx_state_3\ * 
              !\UART_Maxbotix:BUART:rx_state_2\ * 
              !\UART_Maxbotix:BUART:rx_count_6\ * 
              !\UART_Maxbotix:BUART:rx_count_5\ * 
              !\UART_Maxbotix:BUART:rx_address_detected\
            + \UART_Maxbotix:BUART:rx_state_0\ * 
              !\UART_Maxbotix:BUART:rx_state_3\ * 
              !\UART_Maxbotix:BUART:rx_state_2\ * 
              !\UART_Maxbotix:BUART:rx_count_6\ * 
              !\UART_Maxbotix:BUART:rx_count_4\ * 
              !\UART_Maxbotix:BUART:rx_address_detected\
        );
        Output = \UART_Maxbotix:BUART:rx_load_fifo\ (fanout=2)

    MacroCell: Name=\UART_Maxbotix:BUART:rx_postpoll\, Mode=(Combinatorial)
        Total # of inputs        : 3
        Total # of product terms : 2
            Clock Enable: True
        Main Equation            : 2 pterms
        (
              \UART_Maxbotix:BUART:pollcount_1\
            + Net_7 * \UART_Maxbotix:BUART:pollcount_0\
        );
        Output = \UART_Maxbotix:BUART:rx_postpoll\ (fanout=1)

    MacroCell: Name=\UART_Maxbotix:BUART:rx_state_0\, Mode=(T-Register)
        Total # of inputs        : 11
        Total # of product terms : 4
        List of special equations: 
            Clock  = (\UART_Maxbotix:Net_9\) => Global
            Clock Enable: True
        Main Equation            : 4 pterms
        (
              !\UART_Maxbotix:BUART:rx_state_0\ * 
              \UART_Maxbotix:BUART:rx_bitclk_enable\ * 
              !\UART_Maxbotix:BUART:rx_state_3\ * 
              \UART_Maxbotix:BUART:rx_state_2\ * 
              !\UART_Maxbotix:BUART:pollcount_1\ * !Net_7 * 
              !\UART_Maxbotix:BUART:rx_address_detected\
            + !\UART_Maxbotix:BUART:rx_state_0\ * 
              \UART_Maxbotix:BUART:rx_bitclk_enable\ * 
              !\UART_Maxbotix:BUART:rx_state_3\ * 
              \UART_Maxbotix:BUART:rx_state_2\ * 
              !\UART_Maxbotix:BUART:pollcount_1\ * 
              !\UART_Maxbotix:BUART:pollcount_0\ * 
              !\UART_Maxbotix:BUART:rx_address_detected\
            + \UART_Maxbotix:BUART:rx_state_0\ * 
              !\UART_Maxbotix:BUART:rx_state_3\ * 
              !\UART_Maxbotix:BUART:rx_state_2\ * 
              !\UART_Maxbotix:BUART:rx_count_6\ * 
              !\UART_Maxbotix:BUART:rx_count_5\ * 
              !\UART_Maxbotix:BUART:rx_address_detected\
            + \UART_Maxbotix:BUART:rx_state_0\ * 
              !\UART_Maxbotix:BUART:rx_state_3\ * 
              !\UART_Maxbotix:BUART:rx_state_2\ * 
              !\UART_Maxbotix:BUART:rx_count_6\ * 
              !\UART_Maxbotix:BUART:rx_count_4\ * 
              !\UART_Maxbotix:BUART:rx_address_detected\
        );
        Output = \UART_Maxbotix:BUART:rx_state_0\ (fanout=8)

    MacroCell: Name=\UART_Maxbotix:BUART:rx_state_2\, Mode=(T-Register)
        Total # of inputs        : 10
        Total # of product terms : 5
        List of special equations: 
            Clock  = (\UART_Maxbotix:Net_9\) => Global
            Clock Enable: True
        Main Equation            : 5 pterms
        (
              !\UART_Maxbotix:BUART:rx_state_0\ * 
              \UART_Maxbotix:BUART:rx_bitclk_enable\ * 
              \UART_Maxbotix:BUART:rx_state_3\ * 
              !\UART_Maxbotix:BUART:rx_address_detected\
            + !\UART_Maxbotix:BUART:rx_state_0\ * 
              \UART_Maxbotix:BUART:rx_bitclk_enable\ * 
              \UART_Maxbotix:BUART:rx_state_2\ * 
              !\UART_Maxbotix:BUART:rx_address_detected\
            + !\UART_Maxbotix:BUART:rx_state_0\ * 
              !\UART_Maxbotix:BUART:rx_state_3\ * 
              !\UART_Maxbotix:BUART:rx_state_2\ * !Net_7 * 
              !\UART_Maxbotix:BUART:rx_address_detected\ * 
              \UART_Maxbotix:BUART:rx_last\
            + \UART_Maxbotix:BUART:rx_state_0\ * 
              !\UART_Maxbotix:BUART:rx_state_3\ * 
              !\UART_Maxbotix:BUART:rx_state_2\ * 
              !\UART_Maxbotix:BUART:rx_count_6\ * 
              !\UART_Maxbotix:BUART:rx_count_5\ * 
              !\UART_Maxbotix:BUART:rx_address_detected\
            + \UART_Maxbotix:BUART:rx_state_0\ * 
              !\UART_Maxbotix:BUART:rx_state_3\ * 
              !\UART_Maxbotix:BUART:rx_state_2\ * 
              !\UART_Maxbotix:BUART:rx_count_6\ * 
              !\UART_Maxbotix:BUART:rx_count_4\ * 
              !\UART_Maxbotix:BUART:rx_address_detected\
        );
        Output = \UART_Maxbotix:BUART:rx_state_2\ (fanout=7)

    MacroCell: Name=\UART_Maxbotix:BUART:rx_state_3\, Mode=(T-Register)
        Total # of inputs        : 8
        Total # of product terms : 3
        List of special equations: 
            Clock  = (\UART_Maxbotix:Net_9\) => Global
            Clock Enable: True
        Main Equation            : 3 pterms
        (
              !\UART_Maxbotix:BUART:rx_state_0\ * 
              \UART_Maxbotix:BUART:rx_bitclk_enable\ * 
              \UART_Maxbotix:BUART:rx_state_3\ * 
              \UART_Maxbotix:BUART:rx_state_2\ * 
              !\UART_Maxbotix:BUART:rx_address_detected\
            + \UART_Maxbotix:BUART:rx_state_0\ * 
              !\UART_Maxbotix:BUART:rx_state_3\ * 
              !\UART_Maxbotix:BUART:rx_state_2\ * 
              !\UART_Maxbotix:BUART:rx_count_6\ * 
              !\UART_Maxbotix:BUART:rx_count_5\ * 
              !\UART_Maxbotix:BUART:rx_address_detected\
            + \UART_Maxbotix:BUART:rx_state_0\ * 
              !\UART_Maxbotix:BUART:rx_state_3\ * 
              !\UART_Maxbotix:BUART:rx_state_2\ * 
              !\UART_Maxbotix:BUART:rx_count_6\ * 
              !\UART_Maxbotix:BUART:rx_count_4\ * 
              !\UART_Maxbotix:BUART:rx_address_detected\
        );
        Output = \UART_Maxbotix:BUART:rx_state_3\ (fanout=7)

    MacroCell: Name=\UART_Maxbotix:BUART:rx_state_stop1_reg\, Mode=(D-Register)
        Total # of inputs        : 4
        Total # of product terms : 1
        List of special equations: 
            Clock  = (\UART_Maxbotix:Net_9\) => Global
            Clock Enable: True
        Main Equation            : 1 pterm
        !(
              !\UART_Maxbotix:BUART:rx_state_0\ * 
              \UART_Maxbotix:BUART:rx_state_3\ * 
              \UART_Maxbotix:BUART:rx_state_2\ * 
              !\UART_Maxbotix:BUART:rx_address_detected\
        );
        Output = \UART_Maxbotix:BUART:rx_state_stop1_reg\ (fanout=1)

    MacroCell: Name=\UART_Maxbotix:BUART:rx_status_3\, Mode=(D-Register)
        Total # of inputs        : 8
        Total # of product terms : 2
        List of special equations: 
            Clock  = (\UART_Maxbotix:Net_9\) => Global
            Clock Enable: True
        Main Equation            : 2 pterms
        (
              !\UART_Maxbotix:BUART:rx_state_0\ * 
              \UART_Maxbotix:BUART:rx_bitclk_enable\ * 
              \UART_Maxbotix:BUART:rx_state_3\ * 
              \UART_Maxbotix:BUART:rx_state_2\ * 
              !\UART_Maxbotix:BUART:pollcount_1\ * !Net_7 * 
              !\UART_Maxbotix:BUART:rx_address_detected\
            + !\UART_Maxbotix:BUART:rx_state_0\ * 
              \UART_Maxbotix:BUART:rx_bitclk_enable\ * 
              \UART_Maxbotix:BUART:rx_state_3\ * 
              \UART_Maxbotix:BUART:rx_state_2\ * 
              !\UART_Maxbotix:BUART:pollcount_1\ * 
              !\UART_Maxbotix:BUART:pollcount_0\ * 
              !\UART_Maxbotix:BUART:rx_address_detected\
        );
        Output = \UART_Maxbotix:BUART:rx_status_3\ (fanout=1)

    MacroCell: Name=\UART_Maxbotix:BUART:rx_status_4\, Mode=(Combinatorial)
        Total # of inputs        : 2
        Total # of product terms : 1
            Clock Enable: True
        Main Equation            : 1 pterm
        (
              \UART_Maxbotix:BUART:rx_load_fifo\ * 
              \UART_Maxbotix:BUART:rx_fifofull\
        );
        Output = \UART_Maxbotix:BUART:rx_status_4\ (fanout=1)

    MacroCell: Name=\UART_Maxbotix:BUART:rx_status_5\, Mode=(Combinatorial)
        Total # of inputs        : 2
        Total # of product terms : 1
            Clock Enable: True
        Main Equation            : 1 pterm
        (
              \UART_Maxbotix:BUART:rx_fifonotempty\ * 
              \UART_Maxbotix:BUART:rx_state_stop1_reg\
        );
        Output = \UART_Maxbotix:BUART:rx_status_5\ (fanout=1)
    </CYPRESSTAG>
    <CYPRESSTAG name="Datapath listing">

    ------------------------------------------------------------
    Datapath listing
    ------------------------------------------------------------

    datapathcell: Name =\UART_Maxbotix:BUART:sRX:RxShifter:u0\
        PORT MAP (
            clock => \UART_Maxbotix:Net_9\ ,
            cs_addr_2 => \UART_Maxbotix:BUART:rx_address_detected\ ,
            cs_addr_1 => \UART_Maxbotix:BUART:rx_state_0\ ,
            cs_addr_0 => \UART_Maxbotix:BUART:rx_bitclk_enable\ ,
            route_si => \UART_Maxbotix:BUART:rx_postpoll\ ,
            f0_load => \UART_Maxbotix:BUART:rx_load_fifo\ ,
            f0_bus_stat_comb => \UART_Maxbotix:BUART:rx_fifonotempty\ ,
            f0_blk_stat_comb => \UART_Maxbotix:BUART:rx_fifofull\ );
        Properties:
        {
            a0_init = "00000000"
            a1_init = "00000000"
            ce0_sync = 1
            ce1_sync = 1
            cl0_sync = 1
            cl1_sync = 1
            cmsb_sync = 1
            co_msb_sync = 1
            cy_dpconfig = "0000000000000000000000000000000000000000000000000000001001000000000100000000000000010000001100000001000000000000000100100001000011111111000000001111111111111111101000000110001001000001111100000000000000001100"
            d0_init = "00000000"
            d1_init = "00000000"
            f0_blk_sync = 1
            f0_bus_sync = 1
            f1_blk_sync = 1
            f1_bus_sync = 1
            ff0_sync = 1
            ff1_sync = 1
            ov_msb_sync = 1
            so_sync = 1
            z0_sync = 1
            z1_sync = 1
        }
        Clock Polarity: Active High
        Clock Enable: True
    </CYPRESSTAG>
    <CYPRESSTAG name="Status register listing">
    </CYPRESSTAG>
    <CYPRESSTAG name="StatusI register listing">

    ------------------------------------------------------------
    StatusI register listing
    ------------------------------------------------------------

    statusicell: Name =\UART_Maxbotix:BUART:sRX:RxSts\
        PORT MAP (
            clock => \UART_Maxbotix:Net_9\ ,
            status_5 => \UART_Maxbotix:BUART:rx_status_5\ ,
            status_4 => \UART_Maxbotix:BUART:rx_status_4\ ,
            status_3 => \UART_Maxbotix:BUART:rx_status_3\ ,
            interrupt => Net_45 );
        Properties:
        {
            cy_force_order = 1
            cy_int_mask = "1111111"
            cy_md_select = "1011111"
        }
        Clock Polarity: Active High
        Clock Enable: True
    </CYPRESSTAG>
    <CYPRESSTAG name="Sync listing">
    </CYPRESSTAG>
    <CYPRESSTAG name="Control register listing">
    </CYPRESSTAG>
    <CYPRESSTAG name="Count7 listing">

    ------------------------------------------------------------
    Count7 listing
    ------------------------------------------------------------

    count7cell: Name =\UART_Maxbotix:BUART:sRX:RxBitCounter\
        PORT MAP (
            clock => \UART_Maxbotix:Net_9\ ,
            load => \UART_Maxbotix:BUART:rx_counter_load\ ,
            count_6 => \UART_Maxbotix:BUART:rx_count_6\ ,
            count_5 => \UART_Maxbotix:BUART:rx_count_5\ ,
            count_4 => \UART_Maxbotix:BUART:rx_count_4\ ,
            count_3 => \UART_Maxbotix:BUART:rx_count_3\ ,
            count_2 => \UART_Maxbotix:BUART:rx_count_2\ ,
            count_1 => \UART_Maxbotix:BUART:rx_count_1\ ,
            count_0 => \UART_Maxbotix:BUART:rx_count_0\ ,
            tc => \UART_Maxbotix:BUART:rx_count7_tc\ );
        Properties:
        {
            cy_alt_mode = 0
            cy_init_value = "0000000"
            cy_period = "1110010"
            cy_route_en = 1
            cy_route_ld = 1
        }
        Clock Polarity: Active High
        Clock Enable: True
    </CYPRESSTAG>
    <CYPRESSTAG name="DRQ listing">
    </CYPRESSTAG>
    <CYPRESSTAG name="Interrupt listing">

    ------------------------------------------------------------
    Interrupt listing
    ------------------------------------------------------------

    interrupt: Name =isr_Ultrasonic_Maxbotix
        PORT MAP (
            interrupt => Net_45 );
        Properties:
        {
            int_type = "10"
        }
    </CYPRESSTAG>
</CYPRESSTAG>
<CYPRESSTAG name="Technology mapping summary" expanded>

------------------------------------------------------------
Technology mapping summary
------------------------------------------------------------

Resource Type                 : Used : Free :  Max :  % Used
============================================================
Digital clock dividers        :    1 :    7 :    8 :  12.50%
Analog clock dividers         :    0 :    4 :    4 :   0.00%
Pins                          :    6 :   66 :   72 :   8.33%
UDB Macrocells                :   15 :  177 :  192 :   7.81%
UDB Unique Pterms             :   24 :  360 :  384 :   6.25%
UDB Total Pterms              :   30 :      :      : 
UDB Datapath Cells            :    1 :   23 :   24 :   4.17%
UDB Status Cells              :    1 :   23 :   24 :   4.17%
            StatusI Registers :    1 
UDB Control Cells             :    1 :   23 :   24 :   4.17%
                 Count7 Cells :    1 
DMA Channels                  :    0 :   24 :   24 :   0.00%
Interrupts                    :    1 :   31 :   32 :   3.13%
DSM Fixed Blocks              :    0 :    1 :    1 :   0.00%
VIDAC Fixed Blocks            :    0 :    4 :    4 :   0.00%
SC Fixed Blocks               :    0 :    4 :    4 :   0.00%
Comparator Fixed Blocks       :    0 :    4 :    4 :   0.00%
Opamp Fixed Blocks            :    0 :    4 :    4 :   0.00%
CapSense Buffers              :    0 :    2 :    2 :   0.00%
CAN Fixed Blocks              :    0 :    1 :    1 :   0.00%
Decimator Fixed Blocks        :    0 :    1 :    1 :   0.00%
I2C Fixed Blocks              :    0 :    1 :    1 :   0.00%
Timer Fixed Blocks            :    0 :    4 :    4 :   0.00%
DFB Fixed Blocks              :    0 :    1 :    1 :   0.00%
USB Fixed Blocks              :    0 :    1 :    1 :   0.00%
LCD Fixed Blocks              :    0 :    1 :    1 :   0.00%
EMIF Fixed Blocks             :    0 :    1 :    1 :   0.00%
LPF Fixed Blocks              :    0 :    2 :    2 :   0.00%
SAR Fixed Blocks              :    0 :    2 :    2 :   0.00%
</CYPRESSTAG>
Technology Mapping: Elapsed time ==> 1s.233ms
Info: mpr.M0037: Unused pieces of the design have been optimized out. See the Tech mapping section of the report file for details. (App=cydsfit)
Tech mapping phase: Elapsed time ==> 1s.562ms
</CYPRESSTAG>
<CYPRESSTAG name="Analog Placement">
Initial Analog Placement Results:
IO_6@[IOP=(5)][IoId=(6)] : LED_Red(0) (fixed)
IO_7@[IOP=(5)][IoId=(7)] : LED_White(0) (fixed)
IO_0@[IOP=(4)][IoId=(0)] : Rx_Maxbotix(0) (fixed)
Analog Placement phase: Elapsed time ==> 0s.428ms
</CYPRESSTAG>
<CYPRESSTAG name="Analog Routing">
Analog Routing phase: Elapsed time ==> 0s.010ms
</CYPRESSTAG>
<CYPRESSTAG name="Analog Code Generation">
============ Analog Final Answer Routes ============
Dump of CyAnalogRoutingResultsDB
Map of net to items {
}
Map of item to net {
}
Mux Info {
}
Dump of CyP35AnalogRoutingResultsDB
IsVddaHalfUsedForComp = False
IsVddaHalfUsedForSar0 = False
IsVddaHalfUsedForSar1 = False
Analog Code Generation phase: Elapsed time ==> 1s.084ms
</CYPRESSTAG>
<CYPRESSTAG name="Digital Placement">
<CYPRESSTAG name="Detailed placement messages">
I2076: Total run-time: 1.9 sec.

</CYPRESSTAG>
<CYPRESSTAG name="PLD Packing">
<CYPRESSTAG name="PLD Packing Summary" expanded>

------------------------------------------------------------
PLD Packing Summary
------------------------------------------------------------
            Resource Type : Used : Free :  Max :  % Used
    ====================================================
                     PLDs :    7 :   41 :   48 :  14.58%

<CYPRESSTAG name="PLD Statistics">

        PLD Resource Type :     Average/LAB
    =======================================
                   Inputs :            7.71
                   Pterms :            4.00
               Macrocells :            2.14
</CYPRESSTAG>
<CYPRESSTAG name="Packed PLD Contents">
Packed PLD Contents not displayed at this verbose level.</CYPRESSTAG>
</CYPRESSTAG>
PLD Packing: Elapsed time ==> 0s.108ms
</CYPRESSTAG>
<CYPRESSTAG name="Partitioning">
<CYPRESSTAG name="Initial Partitioning Summary">
Initial Partitioning Summary not displayed at this verbose level.</CYPRESSTAG>
<CYPRESSTAG name="Final Partitioning Summary">
Final Partitioning Summary not displayed at this verbose level.</CYPRESSTAG>
Partitioning: Elapsed time ==> 0s.398ms
</CYPRESSTAG>
<CYPRESSTAG name="Simulated Annealing">
Annealing: Elapsed time ==> 0s.102ms
<CYPRESSTAG name="Simulated Annealing Results">
The seed used for moves was 114161200.
Inital cost was 95, final cost is 95 (0.00% improvement).</CYPRESSTAG>
</CYPRESSTAG>
<CYPRESSTAG name="Final Placement Summary">

------------------------------------------------------------
Final Placement Summary
------------------------------------------------------------

       Resource Type :      Count : Avg Inputs : Avg Outputs
    ========================================================
                 UDB :          4 :      10.00 :       3.75
<CYPRESSTAG name="Final Placement Details">
<CYPRESSTAG name="Component Details">

------------------------------------------------------------
Component Placement Details
------------------------------------------------------------
UDB [UDB=(0,0)] is empty.
UDB [UDB=(0,1)] is empty.
UDB [UDB=(0,2)] is empty.
UDB [UDB=(0,3)] is empty.
UDB [UDB=(0,4)] is empty.
UDB [UDB=(0,5)] is empty.
UDB [UDB=(1,0)] is empty.
UDB [UDB=(1,1)] is empty.
UDB [UDB=(1,2)] is empty.
UDB [UDB=(1,3)] is empty.
UDB [UDB=(1,4)] is empty.
UDB [UDB=(1,5)] is empty.
UDB [UDB=(2,0)] is empty.
UDB [UDB=(2,1)] is empty.
UDB [UDB=(2,2)] is empty.
UDB [UDB=(2,3)] is empty.
UDB [UDB=(2,4)] contents:
LAB@[UDB=(2,4)][LB=0] #macrocells=2, #inputs=6, #pterms=2
{
    [McSlotId=0]:     MacroCell: Name=\UART_Maxbotix:BUART:rx_status_5\, Mode=(Combinatorial) @ [UDB=(2,4)][LB=0][MC=0]
        Total # of inputs        : 2
        Total # of product terms : 1
            Clock Enable: True
        Main Equation            : 1 pterm
        (
              \UART_Maxbotix:BUART:rx_fifonotempty\ * 
              \UART_Maxbotix:BUART:rx_state_stop1_reg\
        );
        Output = \UART_Maxbotix:BUART:rx_status_5\ (fanout=1)
        Properties               : 
        {
        }

    [McSlotId=1]:     MacroCell: Name=\UART_Maxbotix:BUART:rx_state_stop1_reg\, Mode=(D-Register) @ [UDB=(2,4)][LB=0][MC=1]
        Total # of inputs        : 4
        Total # of product terms : 1
        List of special equations: 
            Clock  = (\UART_Maxbotix:Net_9\) => Global
            Clock Enable: True
        Main Equation            : 1 pterm
        !(
              !\UART_Maxbotix:BUART:rx_state_0\ * 
              \UART_Maxbotix:BUART:rx_state_3\ * 
              \UART_Maxbotix:BUART:rx_state_2\ * 
              !\UART_Maxbotix:BUART:rx_address_detected\
        );
        Output = \UART_Maxbotix:BUART:rx_state_stop1_reg\ (fanout=1)
        Properties               : 
        {
        }

    [McSlotId=2]: (empty)
    [McSlotId=3]: (empty)
}

LAB@[UDB=(2,4)][LB=1] #macrocells=1, #inputs=8, #pterms=3
{
    [McSlotId=0]:     MacroCell: Name=\UART_Maxbotix:BUART:rx_load_fifo\, Mode=(D-Register) @ [UDB=(2,4)][LB=1][MC=0]
        Total # of inputs        : 8
        Total # of product terms : 3
        List of special equations: 
            Clock  = (\UART_Maxbotix:Net_9\) => Global
            Clock Enable: True
        Main Equation            : 3 pterms
        (
              !\UART_Maxbotix:BUART:rx_state_0\ * 
              \UART_Maxbotix:BUART:rx_bitclk_enable\ * 
              \UART_Maxbotix:BUART:rx_state_3\ * 
              !\UART_Maxbotix:BUART:rx_state_2\ * 
              !\UART_Maxbotix:BUART:rx_address_detected\
            + \UART_Maxbotix:BUART:rx_state_0\ * 
              !\UART_Maxbotix:BUART:rx_state_3\ * 
              !\UART_Maxbotix:BUART:rx_state_2\ * 
              !\UART_Maxbotix:BUART:rx_count_6\ * 
              !\UART_Maxbotix:BUART:rx_count_5\ * 
              !\UART_Maxbotix:BUART:rx_address_detected\
            + \UART_Maxbotix:BUART:rx_state_0\ * 
              !\UART_Maxbotix:BUART:rx_state_3\ * 
              !\UART_Maxbotix:BUART:rx_state_2\ * 
              !\UART_Maxbotix:BUART:rx_count_6\ * 
              !\UART_Maxbotix:BUART:rx_count_4\ * 
              !\UART_Maxbotix:BUART:rx_address_detected\
        );
        Output = \UART_Maxbotix:BUART:rx_load_fifo\ (fanout=2)
        Properties               : 
        {
        }

    [McSlotId=1]: (empty)
    [McSlotId=2]: (empty)
    [McSlotId=3]: (empty)
}

UDB [UDB=(2,5)] contents:
LAB@[UDB=(2,5)][LB=0] #macrocells=2, #inputs=8, #pterms=3
{
    [McSlotId=0]:     MacroCell: Name=\UART_Maxbotix:BUART:rx_state_3\, Mode=(T-Register) @ [UDB=(2,5)][LB=0][MC=0]
        Total # of inputs        : 8
        Total # of product terms : 3
        List of special equations: 
            Clock  = (\UART_Maxbotix:Net_9\) => Global
            Clock Enable: True
        Main Equation            : 3 pterms
        (
              !\UART_Maxbotix:BUART:rx_state_0\ * 
              \UART_Maxbotix:BUART:rx_bitclk_enable\ * 
              \UART_Maxbotix:BUART:rx_state_3\ * 
              \UART_Maxbotix:BUART:rx_state_2\ * 
              !\UART_Maxbotix:BUART:rx_address_detected\
            + \UART_Maxbotix:BUART:rx_state_0\ * 
              !\UART_Maxbotix:BUART:rx_state_3\ * 
              !\UART_Maxbotix:BUART:rx_state_2\ * 
              !\UART_Maxbotix:BUART:rx_count_6\ * 
              !\UART_Maxbotix:BUART:rx_count_5\ * 
              !\UART_Maxbotix:BUART:rx_address_detected\
            + \UART_Maxbotix:BUART:rx_state_0\ * 
              !\UART_Maxbotix:BUART:rx_state_3\ * 
              !\UART_Maxbotix:BUART:rx_state_2\ * 
              !\UART_Maxbotix:BUART:rx_count_6\ * 
              !\UART_Maxbotix:BUART:rx_count_4\ * 
              !\UART_Maxbotix:BUART:rx_address_detected\
        );
        Output = \UART_Maxbotix:BUART:rx_state_3\ (fanout=7)
        Properties               : 
        {
        }

    [McSlotId=1]: (empty)
    [McSlotId=2]:     MacroCell: Name=\UART_Maxbotix:BUART:rx_address_detected\, Mode=(T-Register) @ [UDB=(2,5)][LB=0][MC=2]
        Total # of inputs        : 0
        Total # of product terms : 0
        List of special equations: 
            Clock  = (\UART_Maxbotix:Net_9\) => Global
            Clock Enable: True
        Main Equation            : 0 pterms
        (
            0
        );
        Output = \UART_Maxbotix:BUART:rx_address_detected\ (fanout=8)
        Properties               : 
        {
        }

    [McSlotId=3]: (empty)
}

UDB [UDB=(3,0)] is empty.
UDB [UDB=(3,1)] is empty.
UDB [UDB=(3,2)] is empty.
UDB [UDB=(3,3)] is empty.
UDB [UDB=(3,4)] contents:
LAB@[UDB=(3,4)][LB=0] #macrocells=2, #inputs=5, #pterms=5
{
    [McSlotId=0]: (empty)
    [McSlotId=1]:     MacroCell: Name=\UART_Maxbotix:BUART:rx_postpoll\, Mode=(Combinatorial) @ [UDB=(3,4)][LB=0][MC=1]
        Total # of inputs        : 3
        Total # of product terms : 2
            Clock Enable: True
        Main Equation            : 2 pterms
        (
              \UART_Maxbotix:BUART:pollcount_1\
            + Net_7 * \UART_Maxbotix:BUART:pollcount_0\
        );
        Output = \UART_Maxbotix:BUART:rx_postpoll\ (fanout=1)
        Properties               : 
        {
        }

    [McSlotId=2]:     MacroCell: Name=\UART_Maxbotix:BUART:pollcount_1\, Mode=(D-Register) @ [UDB=(3,4)][LB=0][MC=2]
        Total # of inputs        : 5
        Total # of product terms : 3
        List of special equations: 
            Clock  = (\UART_Maxbotix:Net_9\) => Global
            Clock Enable: True
        Main Equation            : 3 pterms
        (
              !\UART_Maxbotix:BUART:rx_count_2\ * 
              !\UART_Maxbotix:BUART:rx_count_1\ * 
              !\UART_Maxbotix:BUART:pollcount_1\ * Net_7 * 
              \UART_Maxbotix:BUART:pollcount_0\
            + !\UART_Maxbotix:BUART:rx_count_2\ * 
              !\UART_Maxbotix:BUART:rx_count_1\ * 
              \UART_Maxbotix:BUART:pollcount_1\ * !Net_7
            + !\UART_Maxbotix:BUART:rx_count_2\ * 
              !\UART_Maxbotix:BUART:rx_count_1\ * 
              \UART_Maxbotix:BUART:pollcount_1\ * 
              !\UART_Maxbotix:BUART:pollcount_0\
        );
        Output = \UART_Maxbotix:BUART:pollcount_1\ (fanout=4)
        Properties               : 
        {
        }

    [McSlotId=3]: (empty)
}

LAB@[UDB=(3,4)][LB=1] #macrocells=2, #inputs=5, #pterms=2
{
    [McSlotId=0]:     MacroCell: Name=\UART_Maxbotix:BUART:rx_status_4\, Mode=(Combinatorial) @ [UDB=(3,4)][LB=1][MC=0]
        Total # of inputs        : 2
        Total # of product terms : 1
            Clock Enable: True
        Main Equation            : 1 pterm
        (
              \UART_Maxbotix:BUART:rx_load_fifo\ * 
              \UART_Maxbotix:BUART:rx_fifofull\
        );
        Output = \UART_Maxbotix:BUART:rx_status_4\ (fanout=1)
        Properties               : 
        {
        }

    [McSlotId=1]: (empty)
    [McSlotId=2]: (empty)
    [McSlotId=3]:     MacroCell: Name=\UART_Maxbotix:BUART:rx_bitclk_enable\, Mode=(D-Register) @ [UDB=(3,4)][LB=1][MC=3]
        Total # of inputs        : 3
        Total # of product terms : 1
        List of special equations: 
            Clock  = (\UART_Maxbotix:Net_9\) => Global
            Clock Enable: True
        Main Equation            : 1 pterm
        (
              !\UART_Maxbotix:BUART:rx_count_2\ * 
              !\UART_Maxbotix:BUART:rx_count_1\ * 
              !\UART_Maxbotix:BUART:rx_count_0\
        );
        Output = \UART_Maxbotix:BUART:rx_bitclk_enable\ (fanout=6)
        Properties               : 
        {
        }
}

datapathcell: Name =\UART_Maxbotix:BUART:sRX:RxShifter:u0\
    PORT MAP (
        clock => \UART_Maxbotix:Net_9\ ,
        cs_addr_2 => \UART_Maxbotix:BUART:rx_address_detected\ ,
        cs_addr_1 => \UART_Maxbotix:BUART:rx_state_0\ ,
        cs_addr_0 => \UART_Maxbotix:BUART:rx_bitclk_enable\ ,
        route_si => \UART_Maxbotix:BUART:rx_postpoll\ ,
        f0_load => \UART_Maxbotix:BUART:rx_load_fifo\ ,
        f0_bus_stat_comb => \UART_Maxbotix:BUART:rx_fifonotempty\ ,
        f0_blk_stat_comb => \UART_Maxbotix:BUART:rx_fifofull\ );
    Properties:
    {
        a0_init = "00000000"
        a1_init = "00000000"
        ce0_sync = 1
        ce1_sync = 1
        cl0_sync = 1
        cl1_sync = 1
        cmsb_sync = 1
        co_msb_sync = 1
        cy_dpconfig = "0000000000000000000000000000000000000000000000000000001001000000000100000000000000010000001100000001000000000000000100100001000011111111000000001111111111111111101000000110001001000001111100000000000000001100"
        d0_init = "00000000"
        d1_init = "00000000"
        f0_blk_sync = 1
        f0_bus_sync = 1
        f1_blk_sync = 1
        f1_bus_sync = 1
        ff0_sync = 1
        ff1_sync = 1
        ov_msb_sync = 1
        so_sync = 1
        z0_sync = 1
        z1_sync = 1
    }
    Clock Polarity: Active High
    Clock Enable: True

count7cell: Name =\UART_Maxbotix:BUART:sRX:RxBitCounter\
    PORT MAP (
        clock => \UART_Maxbotix:Net_9\ ,
        load => \UART_Maxbotix:BUART:rx_counter_load\ ,
        count_6 => \UART_Maxbotix:BUART:rx_count_6\ ,
        count_5 => \UART_Maxbotix:BUART:rx_count_5\ ,
        count_4 => \UART_Maxbotix:BUART:rx_count_4\ ,
        count_3 => \UART_Maxbotix:BUART:rx_count_3\ ,
        count_2 => \UART_Maxbotix:BUART:rx_count_2\ ,
        count_1 => \UART_Maxbotix:BUART:rx_count_1\ ,
        count_0 => \UART_Maxbotix:BUART:rx_count_0\ ,
        tc => \UART_Maxbotix:BUART:rx_count7_tc\ );
    Properties:
    {
        cy_alt_mode = 0
        cy_init_value = "0000000"
        cy_period = "1110010"
        cy_route_en = 1
        cy_route_ld = 1
    }
    Clock Polarity: Active High
    Clock Enable: True

UDB [UDB=(3,5)] contents:
LAB@[UDB=(3,5)][LB=0] #macrocells=3, #inputs=10, #pterms=5
{
    [McSlotId=0]: (empty)
    [McSlotId=1]:     MacroCell: Name=\UART_Maxbotix:BUART:pollcount_0\, Mode=(D-Register) @ [UDB=(3,5)][LB=0][MC=1]
        Total # of inputs        : 4
        Total # of product terms : 2
        List of special equations: 
            Clock  = (\UART_Maxbotix:Net_9\) => Global
            Clock Enable: True
        Main Equation            : 2 pterms
        (
              !\UART_Maxbotix:BUART:rx_count_2\ * 
              !\UART_Maxbotix:BUART:rx_count_1\ * !Net_7 * 
              \UART_Maxbotix:BUART:pollcount_0\
            + !\UART_Maxbotix:BUART:rx_count_2\ * 
              !\UART_Maxbotix:BUART:rx_count_1\ * Net_7 * 
              !\UART_Maxbotix:BUART:pollcount_0\
        );
        Output = \UART_Maxbotix:BUART:pollcount_0\ (fanout=5)
        Properties               : 
        {
        }

    [McSlotId=2]:     MacroCell: Name=\UART_Maxbotix:BUART:rx_status_3\, Mode=(D-Register) @ [UDB=(3,5)][LB=0][MC=2]
        Total # of inputs        : 8
        Total # of product terms : 2
        List of special equations: 
            Clock  = (\UART_Maxbotix:Net_9\) => Global
            Clock Enable: True
        Main Equation            : 2 pterms
        (
              !\UART_Maxbotix:BUART:rx_state_0\ * 
              \UART_Maxbotix:BUART:rx_bitclk_enable\ * 
              \UART_Maxbotix:BUART:rx_state_3\ * 
              \UART_Maxbotix:BUART:rx_state_2\ * 
              !\UART_Maxbotix:BUART:pollcount_1\ * !Net_7 * 
              !\UART_Maxbotix:BUART:rx_address_detected\
            + !\UART_Maxbotix:BUART:rx_state_0\ * 
              \UART_Maxbotix:BUART:rx_bitclk_enable\ * 
              \UART_Maxbotix:BUART:rx_state_3\ * 
              \UART_Maxbotix:BUART:rx_state_2\ * 
              !\UART_Maxbotix:BUART:pollcount_1\ * 
              !\UART_Maxbotix:BUART:pollcount_0\ * 
              !\UART_Maxbotix:BUART:rx_address_detected\
        );
        Output = \UART_Maxbotix:BUART:rx_status_3\ (fanout=1)
        Properties               : 
        {
        }

    [McSlotId=3]:     MacroCell: Name=\UART_Maxbotix:BUART:rx_last\, Mode=(D-Register) @ [UDB=(3,5)][LB=0][MC=3]
        Total # of inputs        : 1
        Total # of product terms : 1
        List of special equations: 
            Clock  = (\UART_Maxbotix:Net_9\) => Global
            Clock Enable: True
        Main Equation            : 1 pterm
        (
              Net_7
        );
        Output = \UART_Maxbotix:BUART:rx_last\ (fanout=1)
        Properties               : 
        {
        }
}

LAB@[UDB=(3,5)][LB=1] #macrocells=3, #inputs=12, #pterms=8
{
    [McSlotId=0]:     MacroCell: Name=\UART_Maxbotix:BUART:rx_state_0\, Mode=(T-Register) @ [UDB=(3,5)][LB=1][MC=0]
        Total # of inputs        : 11
        Total # of product terms : 4
        List of special equations: 
            Clock  = (\UART_Maxbotix:Net_9\) => Global
            Clock Enable: True
        Main Equation            : 4 pterms
        (
              !\UART_Maxbotix:BUART:rx_state_0\ * 
              \UART_Maxbotix:BUART:rx_bitclk_enable\ * 
              !\UART_Maxbotix:BUART:rx_state_3\ * 
              \UART_Maxbotix:BUART:rx_state_2\ * 
              !\UART_Maxbotix:BUART:pollcount_1\ * !Net_7 * 
              !\UART_Maxbotix:BUART:rx_address_detected\
            + !\UART_Maxbotix:BUART:rx_state_0\ * 
              \UART_Maxbotix:BUART:rx_bitclk_enable\ * 
              !\UART_Maxbotix:BUART:rx_state_3\ * 
              \UART_Maxbotix:BUART:rx_state_2\ * 
              !\UART_Maxbotix:BUART:pollcount_1\ * 
              !\UART_Maxbotix:BUART:pollcount_0\ * 
              !\UART_Maxbotix:BUART:rx_address_detected\
            + \UART_Maxbotix:BUART:rx_state_0\ * 
              !\UART_Maxbotix:BUART:rx_state_3\ * 
              !\UART_Maxbotix:BUART:rx_state_2\ * 
              !\UART_Maxbotix:BUART:rx_count_6\ * 
              !\UART_Maxbotix:BUART:rx_count_5\ * 
              !\UART_Maxbotix:BUART:rx_address_detected\
            + \UART_Maxbotix:BUART:rx_state_0\ * 
              !\UART_Maxbotix:BUART:rx_state_3\ * 
              !\UART_Maxbotix:BUART:rx_state_2\ * 
              !\UART_Maxbotix:BUART:rx_count_6\ * 
              !\UART_Maxbotix:BUART:rx_count_4\ * 
              !\UART_Maxbotix:BUART:rx_address_detected\
        );
        Output = \UART_Maxbotix:BUART:rx_state_0\ (fanout=8)
        Properties               : 
        {
        }

    [McSlotId=1]:     MacroCell: Name=\UART_Maxbotix:BUART:rx_counter_load\, Mode=(Combinatorial) @ [UDB=(3,5)][LB=1][MC=1]
        Total # of inputs        : 4
        Total # of product terms : 1
            Clock Enable: True
        Main Equation            : 1 pterm
        (
              !\UART_Maxbotix:BUART:rx_state_0\ * 
              !\UART_Maxbotix:BUART:rx_state_3\ * 
              !\UART_Maxbotix:BUART:rx_state_2\ * 
              !\UART_Maxbotix:BUART:rx_address_detected\
        );
        Output = \UART_Maxbotix:BUART:rx_counter_load\ (fanout=2)
        Properties               : 
        {
        }

    [McSlotId=2]: (empty)
    [McSlotId=3]:     MacroCell: Name=\UART_Maxbotix:BUART:rx_state_2\, Mode=(T-Register) @ [UDB=(3,5)][LB=1][MC=3]
        Total # of inputs        : 10
        Total # of product terms : 5
        List of special equations: 
            Clock  = (\UART_Maxbotix:Net_9\) => Global
            Clock Enable: True
        Main Equation            : 5 pterms
        (
              !\UART_Maxbotix:BUART:rx_state_0\ * 
              \UART_Maxbotix:BUART:rx_bitclk_enable\ * 
              \UART_Maxbotix:BUART:rx_state_3\ * 
              !\UART_Maxbotix:BUART:rx_address_detected\
            + !\UART_Maxbotix:BUART:rx_state_0\ * 
              \UART_Maxbotix:BUART:rx_bitclk_enable\ * 
              \UART_Maxbotix:BUART:rx_state_2\ * 
              !\UART_Maxbotix:BUART:rx_address_detected\
            + !\UART_Maxbotix:BUART:rx_state_0\ * 
              !\UART_Maxbotix:BUART:rx_state_3\ * 
              !\UART_Maxbotix:BUART:rx_state_2\ * !Net_7 * 
              !\UART_Maxbotix:BUART:rx_address_detected\ * 
              \UART_Maxbotix:BUART:rx_last\
            + \UART_Maxbotix:BUART:rx_state_0\ * 
              !\UART_Maxbotix:BUART:rx_state_3\ * 
              !\UART_Maxbotix:BUART:rx_state_2\ * 
              !\UART_Maxbotix:BUART:rx_count_6\ * 
              !\UART_Maxbotix:BUART:rx_count_5\ * 
              !\UART_Maxbotix:BUART:rx_address_detected\
            + \UART_Maxbotix:BUART:rx_state_0\ * 
              !\UART_Maxbotix:BUART:rx_state_3\ * 
              !\UART_Maxbotix:BUART:rx_state_2\ * 
              !\UART_Maxbotix:BUART:rx_count_6\ * 
              !\UART_Maxbotix:BUART:rx_count_4\ * 
              !\UART_Maxbotix:BUART:rx_address_detected\
        );
        Output = \UART_Maxbotix:BUART:rx_state_2\ (fanout=7)
        Properties               : 
        {
        }
}

statusicell: Name =\UART_Maxbotix:BUART:sRX:RxSts\
    PORT MAP (
        clock => \UART_Maxbotix:Net_9\ ,
        status_5 => \UART_Maxbotix:BUART:rx_status_5\ ,
        status_4 => \UART_Maxbotix:BUART:rx_status_4\ ,
        status_3 => \UART_Maxbotix:BUART:rx_status_3\ ,
        interrupt => Net_45 );
    Properties:
    {
        cy_force_order = 1
        cy_int_mask = "1111111"
        cy_md_select = "1011111"
    }
    Clock Polarity: Active High
    Clock Enable: True

Intr hod @ [IntrHod=(0)]: 
  Intr@ [IntrHod=(0)][IntrId=(0)] 
    interrupt: Name =isr_Ultrasonic_Maxbotix
        PORT MAP (
            interrupt => Net_45 );
        Properties:
        {
            int_type = "10"
        }
Drq hod @ [DrqHod=(0)]: empty
Port 0 is empty
Port 1 is empty
Port 2 is empty
Port 3 is empty
Port 4 contains the following IO cells:
[IoId=0]: 
Pin : Name = Rx_Maxbotix(0)
    Attributes:
        In Group/Port: True
        In Sync Option: SYNC
        Out Sync Option: AUTO
        Interrupt generated: False
        Interrupt mode: NONE
        Drive mode: HI_Z_DIGITAL
        VTrip: CMOS
        Slew: FAST
        Input Sync needed: True
        Output Sync needed: False
        SC shield enabled: False
        POR State: ANY
        LCD Mode: COMMON
        Register Mode: RegComb
        CaSense Mode: NEITHER
        Treat as pin: True
        Is OE Registered: False
        Uses Analog: False
        Can contain Digital: True
        Is SIO: False
        SIO Output Buf: NONREGULATED
        SIO Input Buf: SINGLE_ENDED
        SIO HiFreq: LOW
        SIO Hyst: DISABLED
        SIO Vtrip: MULTIPLIER_0_5
        SIO RefSel: VCC_IO
        Required Capabilitites: DIGITAL, ROUTABLE
        Initial Value: 0
        IO Voltage: 0
    PORT MAP (
        pa_out => Rx_Maxbotix(0)__PA ,
        fb => Net_7 ,
        pad => Rx_Maxbotix(0)_PAD );
    Properties:
    {
    }

Port 5 contains the following IO cells:
[IoId=6]: 
Pin : Name = LED_Red(0)
    Attributes:
        In Group/Port: True
        In Sync Option: AUTO
        Out Sync Option: NOSYNC
        Interrupt generated: False
        Interrupt mode: NONE
        Drive mode: CMOS_OUT
        VTrip: EITHER
        Slew: FAST
        Input Sync needed: False
        Output Sync needed: False
        SC shield enabled: False
        POR State: ANY
        LCD Mode: COMMON
        Register Mode: RegComb
        CaSense Mode: NEITHER
        Treat as pin: True
        Is OE Registered: False
        Uses Analog: False
        Can contain Digital: True
        Is SIO: False
        SIO Output Buf: NONREGULATED
        SIO Input Buf: SINGLE_ENDED
        SIO HiFreq: LOW
        SIO Hyst: DISABLED
        SIO Vtrip: MULTIPLIER_0_5
        SIO RefSel: VCC_IO
        Required Capabilitites: DIGITAL
        Initial Value: 0
        IO Voltage: 0
    PORT MAP (
        pa_out => LED_Red(0)__PA ,
        pad => LED_Red(0)_PAD );
    Properties:
    {
    }

[IoId=7]: 
Pin : Name = LED_White(0)
    Attributes:
        In Group/Port: True
        In Sync Option: AUTO
        Out Sync Option: NOSYNC
        Interrupt generated: False
        Interrupt mode: NONE
        Drive mode: CMOS_OUT
        VTrip: EITHER
        Slew: FAST
        Input Sync needed: False
        Output Sync needed: False
        SC shield enabled: False
        POR State: ANY
        LCD Mode: COMMON
        Register Mode: RegComb
        CaSense Mode: NEITHER
        Treat as pin: True
        Is OE Registered: False
        Uses Analog: False
        Can contain Digital: True
        Is SIO: False
        SIO Output Buf: NONREGULATED
        SIO Input Buf: SINGLE_ENDED
        SIO HiFreq: LOW
        SIO Hyst: DISABLED
        SIO Vtrip: MULTIPLIER_0_5
        SIO RefSel: VCC_IO
        Required Capabilitites: DIGITAL
        Initial Value: 0
        IO Voltage: 0
    PORT MAP (
        pa_out => LED_White(0)__PA ,
        pad => LED_White(0)_PAD );
    Properties:
    {
    }

Port 6 is empty
Port 12 is empty
Port 15 is empty
Fixed Function block hod @ [FFB(CAN,0)]: empty
Fixed Function block hod @ [FFB(Cache,0)]: empty
Fixed Function block hod @ [FFB(CapSense,0)]: empty
Fixed Function block hod @ [FFB(Clock,0)]: 
    Clock Block @ [FFB(Clock,0)]: 
    clockblockcell: Name =ClockBlock
        PORT MAP (
            clk_bus_glb => ClockBlock_BUS_CLK ,
            clk_bus => ClockBlock_BUS_CLK_local ,
            clk_sync => ClockBlock_MASTER_CLK ,
            clk_32k_xtal => ClockBlock_XTAL_32KHZ ,
            xtal => ClockBlock_XTAL ,
            ilo => ClockBlock_ILO ,
            clk_100k => ClockBlock_100k ,
            clk_1k => ClockBlock_1k ,
            clk_32k => ClockBlock_32k ,
            pllout => ClockBlock_PLL_OUT ,
            imo => ClockBlock_IMO ,
            dclk_glb_0 => \UART_Maxbotix:Net_9\ ,
            dclk_0 => \UART_Maxbotix:Net_9_local\ );
        Properties:
        {
        }
Fixed Function block hod @ [FFB(Comparator,0)]: empty
Fixed Function block hod @ [FFB(DFB,0)]: empty
Fixed Function block hod @ [FFB(DSM,0)]: empty
Fixed Function block hod @ [FFB(Decimator,0)]: empty
Fixed Function block hod @ [FFB(EMIF,0)]: empty
Fixed Function block hod @ [FFB(I2C,0)]: empty
Fixed Function block hod @ [FFB(LCD,0)]: empty
Fixed Function block hod @ [FFB(LVD,0)]: empty
Fixed Function block hod @ [FFB(PM,0)]: empty
Fixed Function block hod @ [FFB(SC,0)]: empty
Fixed Function block hod @ [FFB(SPC,0)]: empty
Fixed Function block hod @ [FFB(Timer,0)]: empty
Fixed Function block hod @ [FFB(USB,0)]: empty
Fixed Function block hod @ [FFB(VIDAC,0)]: empty
Fixed Function block hod @ [FFB(OpAmp,0)]: empty
Fixed Function block hod @ [FFB(CsAbuf,0)]: empty
Fixed Function block hod @ [FFB(Vref,0)]: empty
Fixed Function block hod @ [FFB(LPF,0)]: empty
Fixed Function block hod @ [FFB(SAR,0)]: empty
</CYPRESSTAG>
<CYPRESSTAG name="Port Configuration Details">

------------------------------------------------------------
Port Configuration report
------------------------------------------------------------
     |     |       | Interrupt |                  |                | 
Port | Pin | Fixed |      Type |       Drive Mode |           Name | Connections
-----+-----+-------+-----------+------------------+----------------+------------
   4 |   0 |     * |      NONE |     HI_Z_DIGITAL | Rx_Maxbotix(0) | FB(Net_7)
-----+-----+-------+-----------+------------------+----------------+------------
   5 |   6 |     * |      NONE |         CMOS_OUT |     LED_Red(0) | 
     |   7 |     * |      NONE |         CMOS_OUT |   LED_White(0) | 
--------------------------------------------------------------------------------
</CYPRESSTAG>
</CYPRESSTAG>
</CYPRESSTAG>
Digital component placer commit/Report: Elapsed time ==> 0s.071ms
Digital Placement phase: Elapsed time ==> 4s.992ms
</CYPRESSTAG>
<CYPRESSTAG name="Digital Routing">
Routing successful.
Digital Routing phase: Elapsed time ==> 4s.608ms
</CYPRESSTAG>
<CYPRESSTAG name="Bitstream and API generation">
Bitstream and API generation phase: Elapsed time ==> 1s.370ms
</CYPRESSTAG>
<CYPRESSTAG name="Bitstream verification">
Bitstream verification phase: Elapsed time ==> 0s.364ms
</CYPRESSTAG>
<CYPRESSTAG name="Static timing analysis">
Timing report is in Ultrasonic_Maxbotix_timing.html.
Static timing analysis phase: Elapsed time ==> 1s.138ms
</CYPRESSTAG>
<CYPRESSTAG name="Data reporting">
Data reporting phase: Elapsed time ==> 0s.022ms
</CYPRESSTAG>
<CYPRESSTAG name="Database update...">
Design database save phase: Elapsed time ==> 0s.618ms
</CYPRESSTAG>
cydsfit: Elapsed time ==> 16s.577ms
</CYPRESSTAG>
Fitter phase: Elapsed time ==> 16s.716ms
API generation phase: Elapsed time ==> 3s.108ms
Dependency generation phase: Elapsed time ==> 0s.080ms
Cleanup phase: Elapsed time ==> 0s.018ms
