ARM GAS  C:\Users\hozhen\AppData\Local\Temp\ccVhseI1.s 			page 1


   1              		.syntax unified
   2              		.cpu cortex-m3
   3              		.fpu softvfp
   4              		.eabi_attribute 20, 1
   5              		.eabi_attribute 21, 1
   6              		.eabi_attribute 23, 3
   7              		.eabi_attribute 24, 1
   8              		.eabi_attribute 25, 1
   9              		.eabi_attribute 26, 1
  10              		.eabi_attribute 30, 6
  11              		.eabi_attribute 34, 1
  12              		.eabi_attribute 18, 4
  13              		.thumb
  14              		.file	"main.c"
  15              		.text
  16              	.Ltext0:
  17              		.cfi_sections	.debug_frame
  18              		.comm	Debug_Timer,1,1
  19              		.section	.text.TakeReading,"ax",%progbits
  20              		.align	2
  21              		.global	TakeReading
  22              		.thumb
  23              		.thumb_func
  24              		.type	TakeReading, %function
  25              	TakeReading:
  26              	.LFB56:
  27              		.file 1 ".\\main.c"
   1:.\main.c      **** /* 
   2:.\main.c      **** Main File of Sensor Node
   3:.\main.c      **** */
   4:.\main.c      **** //Standard Libraries to be included plus customized sensor header files
   5:.\main.c      **** #include <project.h>
   6:.\main.c      **** #include <stdio.h>
   7:.\main.c      **** #include <stdlib.h>
   8:.\main.c      **** #include "neomote.h"
   9:.\main.c      **** #include <FS.h>
  10:.\main.c      **** #include "I2C_1.h"
  11:.\main.c      **** //Customized libraries
  12:.\main.c      **** #include "SoilMoisture_Decagon.h"
  13:.\main.c      **** #include "Ultrasonic_Maxbotix.h"
  14:.\main.c      **** 
  15:.\main.c      **** //Glabal Variable
  16:.\main.c      **** uint8 Debug_Timer;
  17:.\main.c      **** 
  18:.\main.c      **** #define SENSIRION_ADDR 0b1000000
  19:.\main.c      **** #define SENSIRION_RH_COMMAND 0b11100101
  20:.\main.c      **** #define SENSIRION_TEMP_COMMAND 0b11100011
  21:.\main.c      **** 
  22:.\main.c      **** struct{
  23:.\main.c      ****     
  24:.\main.c      **** //float temp;
  25:.\main.c      **** //float rh;    
  26:.\main.c      **** uint16 temp;
  27:.\main.c      **** uint16 rh;
  28:.\main.c      **** 
  29:.\main.c      **** }typedef SensirionData;
  30:.\main.c      **** 
ARM GAS  C:\Users\hozhen\AppData\Local\Temp\ccVhseI1.s 			page 2


  31:.\main.c      **** //==========//==========//==========//==========//==========//==========//==========//==========//=
  32:.\main.c      **** 
  33:.\main.c      **** //Create a structure Wireless_Packet for data transmission to the manager
  34:.\main.c      **** struct {
  35:.\main.c      ****     DecagonGS3 SoilMoisture;
  36:.\main.c      ****     //Here we need to add strucutre for the ultrasonic reading for consistency and good practice.  
  37:.\main.c      ****     MaxbotixUltrasonic Depth;
  38:.\main.c      ****     SensirionData TempRH;
  39:.\main.c      ****     
  40:.\main.c      ****     NeoRtcTimeStruct time;
  41:.\main.c      **** }typedef Wireless_Packet;
  42:.\main.c      **** 
  43:.\main.c      **** 
  44:.\main.c      **** 
  45:.\main.c      **** 
  46:.\main.c      **** //==========//==========//==========//==========//==========//==========//==========//==========//=
  47:.\main.c      **** 
  48:.\main.c      **** void rtcCallBackReceived(uint8 alarmType);
  49:.\main.c      **** 
  50:.\main.c      **** void Write_To_SD_Card(const char * fileName, const char * pMode, const void * pData, U32 NumBytes);
  51:.\main.c      **** 
  52:.\main.c      **** void TakeReading();
  53:.\main.c      **** 
  54:.\main.c      **** //==========//==========//==========//==========//==========//==========//==========//==========//=
  55:.\main.c      **** 
  56:.\main.c      **** //Debug shortening fire time t8g
  57:.\main.c      **** void TakeReading(){
  28              		.loc 1 57 0
  29              		.cfi_startproc
  30              		@ args = 0, pretend = 0, frame = 64
  31              		@ frame_needed = 1, uses_anonymous_args = 0
  32 0000 90B5     		push	{r4, r7, lr}
  33              	.LCFI0:
  34              		.cfi_def_cfa_offset 12
  35              		.cfi_offset 4, -12
  36              		.cfi_offset 7, -8
  37              		.cfi_offset 14, -4
  38 0002 91B0     		sub	sp, sp, #68
  39              	.LCFI1:
  40              		.cfi_def_cfa_offset 80
  41 0004 00AF     		add	r7, sp, #0
  42              	.LCFI2:
  43              		.cfi_def_cfa_register 7
  58:.\main.c      ****         Wireless_Packet Packet;
  59:.\main.c      ****         
  60:.\main.c      ****         //set time information of the packet to the RTC 
  61:.\main.c      ****         Packet.time = NeoRTC_Read_Time();
  44              		.loc 1 61 0
  45 0006 07F11003 		add	r3, r7, #16
  46 000a 1846     		mov	r0, r3
  47 000c FFF7FEFF 		bl	NeoRTC_Read_Time
  48 0010 07F13403 		add	r3, r7, #52
  49 0014 07F11002 		add	r2, r7, #16
  50 0018 1068     		ldr	r0, [r2, #0]	@ unaligned
  51 001a 5168     		ldr	r1, [r2, #4]	@ unaligned
  52 001c 03C3     		stmia	r3!, {r0, r1}
  62:.\main.c      ****         
ARM GAS  C:\Users\hozhen\AppData\Local\Temp\ccVhseI1.s 			page 3


  63:.\main.c      ****         //set soilmoisture information of packet to a reading from the Soilmoisture sensor
  64:.\main.c      ****         Packet.SoilMoisture = SoilMoisture_Decagon_Take_Reading();
  53              		.loc 1 64 0
  54 001e 3B46     		mov	r3, r7
  55 0020 1846     		mov	r0, r3
  56 0022 FFF7FEFF 		bl	SoilMoisture_Decagon_Take_Reading
  57 0026 07F11804 		add	r4, r7, #24
  58 002a 3B46     		mov	r3, r7
  59 002c 0FCB     		ldmia	r3, {r0, r1, r2, r3}
  60 002e 84E80F00 		stmia	r4, {r0, r1, r2, r3}
  65:.\main.c      ****         Packet.Depth = Ultrasonic_Maxbotix_Take_Reading();
  61              		.loc 1 65 0
  62 0032 3B46     		mov	r3, r7
  63 0034 1846     		mov	r0, r3
  64 0036 FFF7FEFF 		bl	Ultrasonic_Maxbotix_Take_Reading
  65 003a 07F12803 		add	r3, r7, #40
  66 003e 3A46     		mov	r2, r7
  67 0040 92E80300 		ldmia	r2, {r0, r1}
  68 0044 83E80300 		stmia	r3, {r0, r1}
  66:.\main.c      **** //        Packet.TempRH = Take_TempRH_Reading();
  67:.\main.c      ****         
  68:.\main.c      ****         uint8 x =0;
  69              		.loc 1 68 0
  70 0048 4FF00003 		mov	r3, #0
  71 004c 87F83F30 		strb	r3, [r7, #63]
  69:.\main.c      ****         Mote_Send_Packet(&Packet,sizeof(Wireless_Packet));
  72              		.loc 1 69 0
  73 0050 07F11803 		add	r3, r7, #24
  74 0054 1846     		mov	r0, r3
  75 0056 4FF02401 		mov	r1, #36
  76 005a FFF7FEFF 		bl	Mote_Send_Packet
  70:.\main.c      **** }
  77              		.loc 1 70 0
  78 005e 07F14407 		add	r7, r7, #68
  79 0062 BD46     		mov	sp, r7
  80 0064 90BD     		pop	{r4, r7, pc}
  81              		.cfi_endproc
  82              	.LFE56:
  83              		.size	TakeReading, .-TakeReading
  84 0066 00BF     		.section	.text.Write_To_SD_Card,"ax",%progbits
  85              		.align	2
  86              		.global	Write_To_SD_Card
  87              		.thumb
  88              		.thumb_func
  89              		.type	Write_To_SD_Card, %function
  90              	Write_To_SD_Card:
  91              	.LFB57:
  71:.\main.c      **** 
  72:.\main.c      **** //==========//==========//==========//==========//==========//==========//==========//==========//=
  73:.\main.c      **** 
  74:.\main.c      **** 
  75:.\main.c      **** //SD CARD WRITE
  76:.\main.c      **** void Write_To_SD_Card(const char * fileName, const char * pMode, const void * pData, U32 NumBytes){
  92              		.loc 1 76 0
  93              		.cfi_startproc
  94              		@ args = 0, pretend = 0, frame = 32
  95              		@ frame_needed = 1, uses_anonymous_args = 0
ARM GAS  C:\Users\hozhen\AppData\Local\Temp\ccVhseI1.s 			page 4


  96 0000 80B5     		push	{r7, lr}
  97              	.LCFI3:
  98              		.cfi_def_cfa_offset 8
  99              		.cfi_offset 7, -8
 100              		.cfi_offset 14, -4
 101 0002 88B0     		sub	sp, sp, #32
 102              	.LCFI4:
 103              		.cfi_def_cfa_offset 40
 104 0004 00AF     		add	r7, sp, #0
 105              	.LCFI5:
 106              		.cfi_def_cfa_register 7
 107 0006 F860     		str	r0, [r7, #12]
 108 0008 B960     		str	r1, [r7, #8]
 109 000a 7A60     		str	r2, [r7, #4]
 110 000c 3B60     		str	r3, [r7, #0]
  77:.\main.c      ****     
  78:.\main.c      ****     NEOMOTE_1_SD_Card_Power_Write(0u); // Power on SD Card
 111              		.loc 1 78 0
 112 000e 4FF00000 		mov	r0, #0
 113 0012 FFF7FEFF 		bl	NEOMOTE_1_SD_Card_Power_Write
  79:.\main.c      ****     FS_FILE * pFile;
  80:.\main.c      ****     
  81:.\main.c      ****     char sdVolName[10]; // Buffer that will hold SD card volume name.
  82:.\main.c      ****     
  83:.\main.c      ****     if(0 != FS_GetVolumeName(0, &sdVolName[0], 9)){
 114              		.loc 1 83 0
 115 0016 07F11003 		add	r3, r7, #16
 116 001a 4FF00000 		mov	r0, #0
 117 001e 1946     		mov	r1, r3
 118 0020 4FF00902 		mov	r2, #9
 119 0024 FFF7FEFF 		bl	FS_GetVolumeName
 120 0028 0346     		mov	r3, r0
 121 002a 002B     		cmp	r3, #0
 122 002c 18D0     		beq	.L3
  84:.\main.c      ****         pFile = FS_FOpen(fileName, pMode);
 123              		.loc 1 84 0
 124 002e F868     		ldr	r0, [r7, #12]
 125 0030 B968     		ldr	r1, [r7, #8]
 126 0032 FFF7FEFF 		bl	FS_FOpen
 127 0036 F861     		str	r0, [r7, #28]
  85:.\main.c      ****         if (pFile == 0){ // If the SD card doesn't open.
 128              		.loc 1 85 0
 129 0038 FB69     		ldr	r3, [r7, #28]
 130 003a 002B     		cmp	r3, #0
 131 003c 08D1     		bne	.L4
  86:.\main.c      ****             FS_DeInit();
 132              		.loc 1 86 0
 133 003e FFF7FEFF 		bl	FS_DeInit
  87:.\main.c      ****             FS_Init();
 134              		.loc 1 87 0
 135 0042 FFF7FEFF 		bl	FS_Init
  88:.\main.c      ****             pFile = FS_FOpen(fileName, pMode);
 136              		.loc 1 88 0
 137 0046 F868     		ldr	r0, [r7, #12]
 138 0048 B968     		ldr	r1, [r7, #8]
 139 004a FFF7FEFF 		bl	FS_FOpen
 140 004e F861     		str	r0, [r7, #28]
ARM GAS  C:\Users\hozhen\AppData\Local\Temp\ccVhseI1.s 			page 5


 141              	.L4:
  89:.\main.c      ****         }
  90:.\main.c      ****         FS_Write(pFile, pData, NumBytes);
 142              		.loc 1 90 0
 143 0050 F869     		ldr	r0, [r7, #28]
 144 0052 7968     		ldr	r1, [r7, #4]
 145 0054 3A68     		ldr	r2, [r7, #0]
 146 0056 FFF7FEFF 		bl	FS_Write
  91:.\main.c      ****         FS_FClose(pFile);
 147              		.loc 1 91 0
 148 005a F869     		ldr	r0, [r7, #28]
 149 005c FFF7FEFF 		bl	FS_FClose
 150              	.L3:
  92:.\main.c      ****     }
  93:.\main.c      ****     NEOMOTE_1_SD_Card_Power_Write(1u); // Power off SD Card.
 151              		.loc 1 93 0
 152 0060 4FF00100 		mov	r0, #1
 153 0064 FFF7FEFF 		bl	NEOMOTE_1_SD_Card_Power_Write
  94:.\main.c      **** }
 154              		.loc 1 94 0
 155 0068 07F12007 		add	r7, r7, #32
 156 006c BD46     		mov	sp, r7
 157 006e 80BD     		pop	{r7, pc}
 158              		.cfi_endproc
 159              	.LFE57:
 160              		.size	Write_To_SD_Card, .-Write_To_SD_Card
 161              		.section	.text.moteNotificationReceived,"ax",%progbits
 162              		.align	2
 163              		.global	moteNotificationReceived
 164              		.thumb
 165              		.thumb_func
 166              		.type	moteNotificationReceived, %function
 167              	moteNotificationReceived:
 168              	.LFB58:
  95:.\main.c      **** 
  96:.\main.c      **** 
  97:.\main.c      **** //==========//==========//==========//==========//==========//==========//==========//==========//=
  98:.\main.c      **** 
  99:.\main.c      **** 
 100:.\main.c      **** //The function to test whether the PSoC is communicating with the manager.
 101:.\main.c      **** void moteNotificationReceived(NeoMoteNotification notification){
 169              		.loc 1 101 0
 170              		.cfi_startproc
 171              		@ args = 84, pretend = 16, frame = 8
 172              		@ frame_needed = 1, uses_anonymous_args = 0
 173              		@ link register save eliminated.
 174 0000 84B0     		sub	sp, sp, #16
 175              	.LCFI6:
 176              		.cfi_def_cfa_offset 16
 177 0002 80B4     		push	{r7}
 178              	.LCFI7:
 179              		.cfi_def_cfa_offset 20
 180              		.cfi_offset 7, -20
 181 0004 83B0     		sub	sp, sp, #12
 182              	.LCFI8:
 183              		.cfi_def_cfa_offset 32
 184 0006 00AF     		add	r7, sp, #0
ARM GAS  C:\Users\hozhen\AppData\Local\Temp\ccVhseI1.s 			page 6


 185              	.LCFI9:
 186              		.cfi_def_cfa_register 7
 187 0008 07F1100C 		add	ip, r7, #16
 188 000c 8CE80F00 		stmia	ip, {r0, r1, r2, r3}
 102:.\main.c      ****     
 103:.\main.c      ****     //If an event happens
 104:.\main.c      ****     if(notification.type == TYPE_MOTE_EVENT){
 189              		.loc 1 104 0
 190 0010 3B7C     		ldrb	r3, [r7, #16]	@ zero_extendqisi2
 191 0012 002B     		cmp	r3, #0
 192 0014 07D1     		bne	.L5
 193              	.LBB2:
 105:.\main.c      ****         //set variable to be check - payload from notification structure
 106:.\main.c      ****         uint8 type = notification.payload[0];
 194              		.loc 1 106 0
 195 0016 7B7C     		ldrb	r3, [r7, #17]
 196 0018 FB71     		strb	r3, [r7, #7]
 107:.\main.c      ****         //If the notification return is EVENT_MOTE_OPERATIONAL
 108:.\main.c      ****         //Statement = True means we have a connection!!!
 109:.\main.c      ****         if(type == EVENT_MOTE_OPERATIONAL){
 197              		.loc 1 109 0
 198 001a FB79     		ldrb	r3, [r7, #7]	@ zero_extendqisi2
 199 001c 012B     		cmp	r3, #1
 200 001e 02D1     		bne	.L5
 201              	.LBB3:
 110:.\main.c      ****             //dummy variable to insert break points
 111:.\main.c      ****             uint8 x=0;
 202              		.loc 1 111 0
 203 0020 4FF00003 		mov	r3, #0
 204 0024 BB71     		strb	r3, [r7, #6]
 205              	.L5:
 206              	.LBE3:
 207              	.LBE2:
 112:.\main.c      ****         }
 113:.\main.c      ****     }
 114:.\main.c      ****     
 115:.\main.c      ****     else if(notification.type == TYPE_MOTE_DATA){
 116:.\main.c      ****     }
 117:.\main.c      ****     
 118:.\main.c      **** }
 208              		.loc 1 118 0
 209 0026 07F10C07 		add	r7, r7, #12
 210 002a BD46     		mov	sp, r7
 211 002c 80BC     		pop	{r7}
 212 002e 04B0     		add	sp, sp, #16
 213 0030 7047     		bx	lr
 214              		.cfi_endproc
 215              	.LFE58:
 216              		.size	moteNotificationReceived, .-moteNotificationReceived
 217 0032 00BF     		.section	.text.main,"ax",%progbits
 218              		.align	2
 219              		.global	main
 220              		.thumb
 221              		.thumb_func
 222              		.type	main, %function
 223              	main:
 224              	.LFB59:
ARM GAS  C:\Users\hozhen\AppData\Local\Temp\ccVhseI1.s 			page 7


 119:.\main.c      **** 
 120:.\main.c      **** //==========//==========//==========//==========//==========//==========//==========//==========//=
 121:.\main.c      **** 
 122:.\main.c      **** //Main function of the sesor nodes.
 123:.\main.c      **** int main()
 124:.\main.c      **** {
 225              		.loc 1 124 0
 226              		.cfi_startproc
 227              		@ args = 0, pretend = 0, frame = 8
 228              		@ frame_needed = 1, uses_anonymous_args = 0
 229 0000 80B5     		push	{r7, lr}
 230              	.LCFI10:
 231              		.cfi_def_cfa_offset 8
 232              		.cfi_offset 7, -8
 233              		.cfi_offset 14, -4
 234 0002 82B0     		sub	sp, sp, #8
 235              	.LCFI11:
 236              		.cfi_def_cfa_offset 16
 237 0004 00AF     		add	r7, sp, #0
 238              	.LCFI12:
 239              		.cfi_def_cfa_register 7
 125:.\main.c      ****     Debug_Timer = 0;
 240              		.loc 1 125 0
 241 0006 40F20003 		movw	r3, #:lower16:Debug_Timer
 242 000a C0F20003 		movt	r3, #:upper16:Debug_Timer
 243 000e 4FF00002 		mov	r2, #0
 244 0012 1A70     		strb	r2, [r3, #0]
 126:.\main.c      ****     //Enable Global Interrupt
 127:.\main.c      ****     CYGlobalIntEnable;
 245              		.loc 1 127 0
 246              	@ 127 ".\main.c" 1
 247 0014 62B6     		CPSIE   i
 248              	@ 0 "" 2
 128:.\main.c      **** 
 129:.\main.c      ****    
 130:.\main.c      ****     
 131:.\main.c      ****     //Startup the SoilMoisture UART
 132:.\main.c      ****     //SoilMoisture_Decagon_Start();
 133:.\main.c      ****     UART_SoilMoisture_Decagon_Start();
 249              		.loc 1 133 0
 250              		.thumb
 251 0016 FFF7FEFF 		bl	UART_SoilMoisture_Decagon_Start
 134:.\main.c      ****     
 135:.\main.c      ****     //Startup the Maxbotix UART
 136:.\main.c      ****     //Ultrasonic_Maxbotix_Start();
 137:.\main.c      ****     UART_Ultrasonic_Maxbotix_Start();
 252              		.loc 1 137 0
 253 001a FFF7FEFF 		bl	UART_Ultrasonic_Maxbotix_Start
 138:.\main.c      ****     
 139:.\main.c      ****     
 140:.\main.c      ****     //=======================Real Time Clock Section=======================
 141:.\main.c      ****     NeoRTC_Start(rtcCallBackReceived); // Start and enable the RTC.
 254              		.loc 1 141 0
 255 001e 40F20000 		movw	r0, #:lower16:rtcCallBackReceived
 256 0022 C0F20000 		movt	r0, #:upper16:rtcCallBackReceived
 257 0026 FFF7FEFF 		bl	NeoRTC_Start
 142:.\main.c      ****     NeoRTC_Set_Repeating_Minute_Alarm(1u);
ARM GAS  C:\Users\hozhen\AppData\Local\Temp\ccVhseI1.s 			page 8


 258              		.loc 1 142 0
 259 002a 4FF00100 		mov	r0, #1
 260 002e FFF7FEFF 		bl	NeoRTC_Set_Repeating_Minute_Alarm
 143:.\main.c      ****     NeoRTC_Enable_Second_Interrupt();
 261              		.loc 1 143 0
 262 0032 FFF7FEFF 		bl	NeoRTC_Enable_Second_Interrupt
 144:.\main.c      ****     
 145:.\main.c      ****     Mote_Start(moteNotificationReceived);
 263              		.loc 1 145 0
 264 0036 40F20000 		movw	r0, #:lower16:moteNotificationReceived
 265 003a C0F20000 		movt	r0, #:upper16:moteNotificationReceived
 266 003e FFF7FEFF 		bl	Mote_Start
 146:.\main.c      ****   
 147:.\main.c      ****     FS_Init(); // Start the File Systm.
 267              		.loc 1 147 0
 268 0042 FFF7FEFF 		bl	FS_Init
 148:.\main.c      ****     
 149:.\main.c      **** //    File Location Lookup
 150:.\main.c      ****     FS_Init(); // Start the File System.
 269              		.loc 1 150 0
 270 0046 FFF7FEFF 		bl	FS_Init
 151:.\main.c      ****     uint8 x1=0;
 271              		.loc 1 151 0
 272 004a 4FF00003 		mov	r3, #0
 273 004e FB71     		strb	r3, [r7, #7]
 274              	.L9:
 152:.\main.c      ****     
 153:.\main.c      ****     for(;;){
 154:.\main.c      ****         NeoRTC_Process_Tasks();
 275              		.loc 1 154 0 discriminator 1
 276 0050 FFF7FEFF 		bl	NeoRTC_Process_Tasks
 155:.\main.c      ****         Mote_Process_Tasks();
 277              		.loc 1 155 0 discriminator 1
 278 0054 FFF7FEFF 		bl	Mote_Process_Tasks
 156:.\main.c      **** 
 157:.\main.c      ****     }
 279              		.loc 1 157 0 discriminator 1
 280 0058 FAE7     		b	.L9
 281              		.cfi_endproc
 282              	.LFE59:
 283              		.size	main, .-main
 284 005a 00BF     		.section	.text.rtcCallBackReceived,"ax",%progbits
 285              		.align	2
 286              		.global	rtcCallBackReceived
 287              		.thumb
 288              		.thumb_func
 289              		.type	rtcCallBackReceived, %function
 290              	rtcCallBackReceived:
 291              	.LFB60:
 158:.\main.c      ****     //==============================================
 159:.\main.c      **** 
 160:.\main.c      **** }
 161:.\main.c      **** 
 162:.\main.c      **** 
 163:.\main.c      **** //==========//==========//==========//==========//==========//==========//==========//==========//=
 164:.\main.c      **** 
 165:.\main.c      **** void rtcCallBackReceived(uint8 alarmType){ // RTC Event Handler.
ARM GAS  C:\Users\hozhen\AppData\Local\Temp\ccVhseI1.s 			page 9


 292              		.loc 1 165 0
 293              		.cfi_startproc
 294              		@ args = 0, pretend = 0, frame = 72
 295              		@ frame_needed = 1, uses_anonymous_args = 0
 296 0000 90B5     		push	{r4, r7, lr}
 297              	.LCFI13:
 298              		.cfi_def_cfa_offset 12
 299              		.cfi_offset 4, -12
 300              		.cfi_offset 7, -8
 301              		.cfi_offset 14, -4
 302 0002 93B0     		sub	sp, sp, #76
 303              	.LCFI14:
 304              		.cfi_def_cfa_offset 88
 305 0004 00AF     		add	r7, sp, #0
 306              	.LCFI15:
 307              		.cfi_def_cfa_register 7
 308 0006 0346     		mov	r3, r0
 309 0008 FB77     		strb	r3, [r7, #31]
 166:.\main.c      ****     if(alarmType == RTC_SECOND_ALARM){
 310              		.loc 1 166 0
 311 000a FB7F     		ldrb	r3, [r7, #31]	@ zero_extendqisi2
 312 000c 002B     		cmp	r3, #0
 313 000e 21D1     		bne	.L11
 314              	.LBB4:
 167:.\main.c      ****         Debug_Timer = Debug_Timer + 1;
 315              		.loc 1 167 0
 316 0010 40F20003 		movw	r3, #:lower16:Debug_Timer
 317 0014 C0F20003 		movt	r3, #:upper16:Debug_Timer
 318 0018 1B78     		ldrb	r3, [r3, #0]	@ zero_extendqisi2
 319 001a 03F10103 		add	r3, r3, #1
 320 001e DAB2     		uxtb	r2, r3
 321 0020 40F20003 		movw	r3, #:lower16:Debug_Timer
 322 0024 C0F20003 		movt	r3, #:upper16:Debug_Timer
 323 0028 1A70     		strb	r2, [r3, #0]
 168:.\main.c      ****         uint8 xx = 0;
 324              		.loc 1 168 0
 325 002a 4FF00003 		mov	r3, #0
 326 002e 87F84730 		strb	r3, [r7, #71]
 169:.\main.c      ****         if (Debug_Timer == 5){
 327              		.loc 1 169 0
 328 0032 40F20003 		movw	r3, #:lower16:Debug_Timer
 329 0036 C0F20003 		movt	r3, #:upper16:Debug_Timer
 330 003a 1B78     		ldrb	r3, [r3, #0]	@ zero_extendqisi2
 331 003c 052B     		cmp	r3, #5
 332 003e 38D1     		bne	.L10
 170:.\main.c      ****             TakeReading();
 333              		.loc 1 170 0
 334 0040 FFF7FEFF 		bl	TakeReading
 171:.\main.c      ****             Debug_Timer = 0;
 335              		.loc 1 171 0
 336 0044 40F20003 		movw	r3, #:lower16:Debug_Timer
 337 0048 C0F20003 		movt	r3, #:upper16:Debug_Timer
 338 004c 4FF00002 		mov	r2, #0
 339 0050 1A70     		strb	r2, [r3, #0]
 340 0052 2EE0     		b	.L10
 341              	.L11:
 342              	.LBE4:
ARM GAS  C:\Users\hozhen\AppData\Local\Temp\ccVhseI1.s 			page 10


 172:.\main.c      ****         }
 173:.\main.c      **** 
 174:.\main.c      ****         
 175:.\main.c      ****     }else if(alarmType == RTC_MINUTE_ALARM){
 343              		.loc 1 175 0
 344 0054 FB7F     		ldrb	r3, [r7, #31]	@ zero_extendqisi2
 345 0056 012B     		cmp	r3, #1
 346 0058 2BD1     		bne	.L10
 347              	.LBB5:
 176:.\main.c      ****         Wireless_Packet Packet;
 177:.\main.c      ****         
 178:.\main.c      ****         //set time information of the packet to the RTC 
 179:.\main.c      ****         Packet.time = NeoRTC_Read_Time();
 348              		.loc 1 179 0
 349 005a 07F11003 		add	r3, r7, #16
 350 005e 1846     		mov	r0, r3
 351 0060 FFF7FEFF 		bl	NeoRTC_Read_Time
 352 0064 07F13C03 		add	r3, r7, #60
 353 0068 07F11002 		add	r2, r7, #16
 354 006c 1068     		ldr	r0, [r2, #0]	@ unaligned
 355 006e 5168     		ldr	r1, [r2, #4]	@ unaligned
 356 0070 03C3     		stmia	r3!, {r0, r1}
 180:.\main.c      ****         
 181:.\main.c      ****         //set soilmoisture information of packet to a reading from the Soilmoisture sensor
 182:.\main.c      ****         Packet.SoilMoisture = SoilMoisture_Decagon_Take_Reading();
 357              		.loc 1 182 0
 358 0072 3B46     		mov	r3, r7
 359 0074 1846     		mov	r0, r3
 360 0076 FFF7FEFF 		bl	SoilMoisture_Decagon_Take_Reading
 361 007a 07F12004 		add	r4, r7, #32
 362 007e 3B46     		mov	r3, r7
 363 0080 0FCB     		ldmia	r3, {r0, r1, r2, r3}
 364 0082 84E80F00 		stmia	r4, {r0, r1, r2, r3}
 183:.\main.c      ****         Packet.Depth = Ultrasonic_Maxbotix_Take_Reading();
 365              		.loc 1 183 0
 366 0086 3B46     		mov	r3, r7
 367 0088 1846     		mov	r0, r3
 368 008a FFF7FEFF 		bl	Ultrasonic_Maxbotix_Take_Reading
 369 008e 07F13003 		add	r3, r7, #48
 370 0092 3A46     		mov	r2, r7
 371 0094 92E80300 		ldmia	r2, {r0, r1}
 372 0098 83E80300 		stmia	r3, {r0, r1}
 184:.\main.c      **** //        Packet.TempRH = Take_TempRH_Reading();
 185:.\main.c      ****         
 186:.\main.c      ****         uint8 x =0;
 373              		.loc 1 186 0
 374 009c 4FF00003 		mov	r3, #0
 375 00a0 87F84630 		strb	r3, [r7, #70]
 187:.\main.c      ****         Mote_Send_Packet(&Packet,sizeof(Wireless_Packet));
 376              		.loc 1 187 0
 377 00a4 07F12003 		add	r3, r7, #32
 378 00a8 1846     		mov	r0, r3
 379 00aa 4FF02401 		mov	r1, #36
 380 00ae FFF7FEFF 		bl	Mote_Send_Packet
 381              	.L10:
 382              	.LBE5:
 188:.\main.c      **** 
ARM GAS  C:\Users\hozhen\AppData\Local\Temp\ccVhseI1.s 			page 11


 189:.\main.c      ****         
 190:.\main.c      ****         //Write to SD card
 191:.\main.c      ****         //Write_To_SD_Card("myData.txt","a",sendBuffer,strlen(sendBuffer));
 192:.\main.c      ****     }
 193:.\main.c      **** 
 194:.\main.c      **** }
 383              		.loc 1 194 0
 384 00b2 07F14C07 		add	r7, r7, #76
 385 00b6 BD46     		mov	sp, r7
 386 00b8 90BD     		pop	{r4, r7, pc}
 387              		.cfi_endproc
 388              	.LFE60:
 389              		.size	rtcCallBackReceived, .-rtcCallBackReceived
 390 00ba 00BF     		.text
 391              	.Letext0:
 392              		.file 2 "c:\\program files (x86)\\cypress\\psoc creator\\3.0\\psoc creator\\import\\gnu_cs\\arm\\4
 393              		.file 3 "./Generated_Source/PSoC5/cytypes.h"
 394              		.file 4 "..\\..\\..\\neolib/neomote.h"
 395              		.file 5 "..\\..\\..\\emFile_V322b\\Code\\Include\\PSoC5/FS_Types.h"
 396              		.file 6 ".\\SoilMoisture_Decagon.h"
 397              		.file 7 ".\\Ultrasonic_Maxbotix.h"
 398              		.file 8 "./Generated_Source/PSoC5/core_cm3.h"
 399              		.section	.debug_info,"",%progbits
 400              	.Ldebug_info0:
 401 0000 5A040000 		.4byte	0x45a
 402 0004 0200     		.2byte	0x2
 403 0006 00000000 		.4byte	.Ldebug_abbrev0
 404 000a 04       		.byte	0x4
 405 000b 01       		.uleb128 0x1
 406 000c 30010000 		.4byte	.LASF57
 407 0010 01       		.byte	0x1
 408 0011 D1020000 		.4byte	.LASF58
 409 0015 6E000000 		.4byte	.LASF59
 410 0019 00000000 		.4byte	.Ldebug_ranges0+0
 411 001d 00000000 		.4byte	0
 412 0021 00000000 		.4byte	0
 413 0025 00000000 		.4byte	.Ldebug_line0
 414 0029 02       		.uleb128 0x2
 415 002a 01       		.byte	0x1
 416 002b 06       		.byte	0x6
 417 002c 9B010000 		.4byte	.LASF0
 418 0030 02       		.uleb128 0x2
 419 0031 01       		.byte	0x1
 420 0032 08       		.byte	0x8
 421 0033 7E010000 		.4byte	.LASF1
 422 0037 02       		.uleb128 0x2
 423 0038 02       		.byte	0x2
 424 0039 05       		.byte	0x5
 425 003a 2B000000 		.4byte	.LASF2
 426 003e 02       		.uleb128 0x2
 427 003f 02       		.byte	0x2
 428 0040 07       		.byte	0x7
 429 0041 ED010000 		.4byte	.LASF3
 430 0045 03       		.uleb128 0x3
 431 0046 05020000 		.4byte	.LASF9
 432 004a 02       		.byte	0x2
 433 004b 4F       		.byte	0x4f
ARM GAS  C:\Users\hozhen\AppData\Local\Temp\ccVhseI1.s 			page 12


 434 004c 50000000 		.4byte	0x50
 435 0050 02       		.uleb128 0x2
 436 0051 04       		.byte	0x4
 437 0052 05       		.byte	0x5
 438 0053 21010000 		.4byte	.LASF4
 439 0057 02       		.uleb128 0x2
 440 0058 04       		.byte	0x4
 441 0059 07       		.byte	0x7
 442 005a 75020000 		.4byte	.LASF5
 443 005e 02       		.uleb128 0x2
 444 005f 08       		.byte	0x8
 445 0060 05       		.byte	0x5
 446 0061 F2000000 		.4byte	.LASF6
 447 0065 02       		.uleb128 0x2
 448 0066 08       		.byte	0x8
 449 0067 07       		.byte	0x7
 450 0068 00010000 		.4byte	.LASF7
 451 006c 04       		.uleb128 0x4
 452 006d 04       		.byte	0x4
 453 006e 05       		.byte	0x5
 454 006f 696E7400 		.ascii	"int\000"
 455 0073 02       		.uleb128 0x2
 456 0074 04       		.byte	0x4
 457 0075 07       		.byte	0x7
 458 0076 CF010000 		.4byte	.LASF8
 459 007a 03       		.uleb128 0x3
 460 007b E6000000 		.4byte	.LASF10
 461 007f 03       		.byte	0x3
 462 0080 5B       		.byte	0x5b
 463 0081 30000000 		.4byte	0x30
 464 0085 03       		.uleb128 0x3
 465 0086 67000000 		.4byte	.LASF11
 466 008a 03       		.byte	0x3
 467 008b 5C       		.byte	0x5c
 468 008c 3E000000 		.4byte	0x3e
 469 0090 03       		.uleb128 0x3
 470 0091 6E020000 		.4byte	.LASF12
 471 0095 03       		.byte	0x3
 472 0096 5D       		.byte	0x5d
 473 0097 57000000 		.4byte	0x57
 474 009b 02       		.uleb128 0x2
 475 009c 04       		.byte	0x4
 476 009d 04       		.byte	0x4
 477 009e EC000000 		.4byte	.LASF13
 478 00a2 02       		.uleb128 0x2
 479 00a3 08       		.byte	0x8
 480 00a4 04       		.byte	0x4
 481 00a5 87020000 		.4byte	.LASF14
 482 00a9 02       		.uleb128 0x2
 483 00aa 01       		.byte	0x1
 484 00ab 08       		.byte	0x8
 485 00ac 00020000 		.4byte	.LASF15
 486 00b0 02       		.uleb128 0x2
 487 00b1 04       		.byte	0x4
 488 00b2 07       		.byte	0x7
 489 00b3 E2020000 		.4byte	.LASF16
 490 00b7 05       		.uleb128 0x5
ARM GAS  C:\Users\hozhen\AppData\Local\Temp\ccVhseI1.s 			page 13


 491 00b8 04       		.byte	0x4
 492 00b9 BD000000 		.4byte	0xbd
 493 00bd 06       		.uleb128 0x6
 494 00be A9000000 		.4byte	0xa9
 495 00c2 07       		.uleb128 0x7
 496 00c3 08       		.byte	0x8
 497 00c4 04       		.byte	0x4
 498 00c5 27       		.byte	0x27
 499 00c6 2D010000 		.4byte	0x12d
 500 00ca 08       		.uleb128 0x8
 501 00cb A7010000 		.4byte	.LASF17
 502 00cf 04       		.byte	0x4
 503 00d0 29       		.byte	0x29
 504 00d1 7A000000 		.4byte	0x7a
 505 00d5 02       		.byte	0x2
 506 00d6 23       		.byte	0x23
 507 00d7 00       		.uleb128 0
 508 00d8 08       		.uleb128 0x8
 509 00d9 67020000 		.4byte	.LASF18
 510 00dd 04       		.byte	0x4
 511 00de 2A       		.byte	0x2a
 512 00df 7A000000 		.4byte	0x7a
 513 00e3 02       		.byte	0x2
 514 00e4 23       		.byte	0x23
 515 00e5 01       		.uleb128 0x1
 516 00e6 08       		.uleb128 0x8
 517 00e7 79010000 		.4byte	.LASF19
 518 00eb 04       		.byte	0x4
 519 00ec 2B       		.byte	0x2b
 520 00ed 7A000000 		.4byte	0x7a
 521 00f1 02       		.byte	0x2
 522 00f2 23       		.byte	0x23
 523 00f3 02       		.uleb128 0x2
 524 00f4 09       		.uleb128 0x9
 525 00f5 64617900 		.ascii	"day\000"
 526 00f9 04       		.byte	0x4
 527 00fa 2C       		.byte	0x2c
 528 00fb 7A000000 		.4byte	0x7a
 529 00ff 02       		.byte	0x2
 530 0100 23       		.byte	0x23
 531 0101 03       		.uleb128 0x3
 532 0102 08       		.uleb128 0x8
 533 0103 DA020000 		.4byte	.LASF20
 534 0107 04       		.byte	0x4
 535 0108 2D       		.byte	0x2d
 536 0109 7A000000 		.4byte	0x7a
 537 010d 02       		.byte	0x2
 538 010e 23       		.byte	0x23
 539 010f 04       		.uleb128 0x4
 540 0110 08       		.uleb128 0x8
 541 0111 31020000 		.4byte	.LASF21
 542 0115 04       		.byte	0x4
 543 0116 2E       		.byte	0x2e
 544 0117 7A000000 		.4byte	0x7a
 545 011b 02       		.byte	0x2
 546 011c 23       		.byte	0x23
 547 011d 05       		.uleb128 0x5
ARM GAS  C:\Users\hozhen\AppData\Local\Temp\ccVhseI1.s 			page 14


 548 011e 08       		.uleb128 0x8
 549 011f 4E000000 		.4byte	.LASF22
 550 0123 04       		.byte	0x4
 551 0124 2F       		.byte	0x2f
 552 0125 85000000 		.4byte	0x85
 553 0129 02       		.byte	0x2
 554 012a 23       		.byte	0x23
 555 012b 06       		.uleb128 0x6
 556 012c 00       		.byte	0
 557 012d 03       		.uleb128 0x3
 558 012e 8E020000 		.4byte	.LASF23
 559 0132 04       		.byte	0x4
 560 0133 30       		.byte	0x30
 561 0134 C2000000 		.4byte	0xc2
 562 0138 07       		.uleb128 0x7
 563 0139 51       		.byte	0x51
 564 013a 04       		.byte	0x4
 565 013b 59       		.byte	0x59
 566 013c 5D010000 		.4byte	0x15d
 567 0140 08       		.uleb128 0x8
 568 0141 C4010000 		.4byte	.LASF24
 569 0145 04       		.byte	0x4
 570 0146 5B       		.byte	0x5b
 571 0147 7A000000 		.4byte	0x7a
 572 014b 02       		.byte	0x2
 573 014c 23       		.byte	0x23
 574 014d 00       		.uleb128 0
 575 014e 08       		.uleb128 0x8
 576 014f 22030000 		.4byte	.LASF25
 577 0153 04       		.byte	0x4
 578 0154 5C       		.byte	0x5c
 579 0155 5D010000 		.4byte	0x15d
 580 0159 02       		.byte	0x2
 581 015a 23       		.byte	0x23
 582 015b 01       		.uleb128 0x1
 583 015c 00       		.byte	0
 584 015d 0A       		.uleb128 0xa
 585 015e 7A000000 		.4byte	0x7a
 586 0162 6D010000 		.4byte	0x16d
 587 0166 0B       		.uleb128 0xb
 588 0167 B0000000 		.4byte	0xb0
 589 016b 4F       		.byte	0x4f
 590 016c 00       		.byte	0
 591 016d 03       		.uleb128 0x3
 592 016e 37020000 		.4byte	.LASF26
 593 0172 04       		.byte	0x4
 594 0173 5D       		.byte	0x5d
 595 0174 38010000 		.4byte	0x138
 596 0178 03       		.uleb128 0x3
 597 0179 93010000 		.4byte	.LASF27
 598 017d 05       		.byte	0x5
 599 017e 7E       		.byte	0x7e
 600 017f 83010000 		.4byte	0x183
 601 0183 0C       		.uleb128 0xc
 602 0184 93010000 		.4byte	.LASF27
 603 0188 01       		.byte	0x1
 604 0189 05       		.uleb128 0x5
ARM GAS  C:\Users\hozhen\AppData\Local\Temp\ccVhseI1.s 			page 15


 605 018a 04       		.byte	0x4
 606 018b 78010000 		.4byte	0x178
 607 018f 05       		.uleb128 0x5
 608 0190 04       		.byte	0x4
 609 0191 95010000 		.4byte	0x195
 610 0195 0D       		.uleb128 0xd
 611 0196 07       		.uleb128 0x7
 612 0197 10       		.byte	0x10
 613 0198 06       		.byte	0x6
 614 0199 10       		.byte	0x10
 615 019a E5010000 		.4byte	0x1e5
 616 019e 08       		.uleb128 0x8
 617 019f B8020000 		.4byte	.LASF28
 618 01a3 06       		.byte	0x6
 619 01a4 11       		.byte	0x11
 620 01a5 9B000000 		.4byte	0x9b
 621 01a9 02       		.byte	0x2
 622 01aa 23       		.byte	0x23
 623 01ab 00       		.uleb128 0
 624 01ac 08       		.uleb128 0x8
 625 01ad 26000000 		.4byte	.LASF29
 626 01b1 06       		.byte	0x6
 627 01b2 12       		.byte	0x12
 628 01b3 9B000000 		.4byte	0x9b
 629 01b7 02       		.byte	0x2
 630 01b8 23       		.byte	0x23
 631 01b9 04       		.uleb128 0x4
 632 01ba 08       		.uleb128 0x8
 633 01bb 4B020000 		.4byte	.LASF30
 634 01bf 06       		.byte	0x6
 635 01c0 13       		.byte	0x13
 636 01c1 9B000000 		.4byte	0x9b
 637 01c5 02       		.byte	0x2
 638 01c6 23       		.byte	0x23
 639 01c7 08       		.uleb128 0x8
 640 01c8 08       		.uleb128 0x8
 641 01c9 13000000 		.4byte	.LASF31
 642 01cd 06       		.byte	0x6
 643 01ce 14       		.byte	0x14
 644 01cf 85000000 		.4byte	0x85
 645 01d3 02       		.byte	0x2
 646 01d4 23       		.byte	0x23
 647 01d5 0C       		.uleb128 0xc
 648 01d6 08       		.uleb128 0x8
 649 01d7 00000000 		.4byte	.LASF32
 650 01db 06       		.byte	0x6
 651 01dc 15       		.byte	0x15
 652 01dd 7A000000 		.4byte	0x7a
 653 01e1 02       		.byte	0x2
 654 01e2 23       		.byte	0x23
 655 01e3 0E       		.uleb128 0xe
 656 01e4 00       		.byte	0
 657 01e5 03       		.uleb128 0x3
 658 01e6 53000000 		.4byte	.LASF33
 659 01ea 06       		.byte	0x6
 660 01eb 16       		.byte	0x16
 661 01ec 96010000 		.4byte	0x196
ARM GAS  C:\Users\hozhen\AppData\Local\Temp\ccVhseI1.s 			page 16


 662 01f0 07       		.uleb128 0x7
 663 01f1 08       		.byte	0x8
 664 01f2 07       		.byte	0x7
 665 01f3 16       		.byte	0x16
 666 01f4 15020000 		.4byte	0x215
 667 01f8 08       		.uleb128 0x8
 668 01f9 61020000 		.4byte	.LASF34
 669 01fd 07       		.byte	0x7
 670 01fe 17       		.byte	0x17
 671 01ff 90000000 		.4byte	0x90
 672 0203 02       		.byte	0x2
 673 0204 23       		.byte	0x23
 674 0205 00       		.uleb128 0
 675 0206 08       		.uleb128 0x8
 676 0207 00000000 		.4byte	.LASF32
 677 020b 07       		.byte	0x7
 678 020c 18       		.byte	0x18
 679 020d 7A000000 		.4byte	0x7a
 680 0211 02       		.byte	0x2
 681 0212 23       		.byte	0x23
 682 0213 04       		.uleb128 0x4
 683 0214 00       		.byte	0
 684 0215 03       		.uleb128 0x3
 685 0216 0D020000 		.4byte	.LASF35
 686 021a 07       		.byte	0x7
 687 021b 19       		.byte	0x19
 688 021c F0010000 		.4byte	0x1f0
 689 0220 07       		.uleb128 0x7
 690 0221 04       		.byte	0x4
 691 0222 01       		.byte	0x1
 692 0223 16       		.byte	0x16
 693 0224 44020000 		.4byte	0x244
 694 0228 08       		.uleb128 0x8
 695 0229 26000000 		.4byte	.LASF29
 696 022d 01       		.byte	0x1
 697 022e 1A       		.byte	0x1a
 698 022f 85000000 		.4byte	0x85
 699 0233 02       		.byte	0x2
 700 0234 23       		.byte	0x23
 701 0235 00       		.uleb128 0
 702 0236 09       		.uleb128 0x9
 703 0237 726800   		.ascii	"rh\000"
 704 023a 01       		.byte	0x1
 705 023b 1B       		.byte	0x1b
 706 023c 85000000 		.4byte	0x85
 707 0240 02       		.byte	0x2
 708 0241 23       		.byte	0x23
 709 0242 02       		.uleb128 0x2
 710 0243 00       		.byte	0
 711 0244 03       		.uleb128 0x3
 712 0245 C3020000 		.4byte	.LASF36
 713 0249 01       		.byte	0x1
 714 024a 1D       		.byte	0x1d
 715 024b 20020000 		.4byte	0x220
 716 024f 07       		.uleb128 0x7
 717 0250 24       		.byte	0x24
 718 0251 01       		.byte	0x1
ARM GAS  C:\Users\hozhen\AppData\Local\Temp\ccVhseI1.s 			page 17


 719 0252 22       		.byte	0x22
 720 0253 90020000 		.4byte	0x290
 721 0257 08       		.uleb128 0x8
 722 0258 35000000 		.4byte	.LASF37
 723 025c 01       		.byte	0x1
 724 025d 23       		.byte	0x23
 725 025e E5010000 		.4byte	0x1e5
 726 0262 02       		.byte	0x2
 727 0263 23       		.byte	0x23
 728 0264 00       		.uleb128 0
 729 0265 08       		.uleb128 0x8
 730 0266 2A010000 		.4byte	.LASF38
 731 026a 01       		.byte	0x1
 732 026b 25       		.byte	0x25
 733 026c 15020000 		.4byte	0x215
 734 0270 02       		.byte	0x2
 735 0271 23       		.byte	0x23
 736 0272 10       		.uleb128 0x10
 737 0273 08       		.uleb128 0x8
 738 0274 42000000 		.4byte	.LASF39
 739 0278 01       		.byte	0x1
 740 0279 26       		.byte	0x26
 741 027a 44020000 		.4byte	0x244
 742 027e 02       		.byte	0x2
 743 027f 23       		.byte	0x23
 744 0280 18       		.uleb128 0x18
 745 0281 08       		.uleb128 0x8
 746 0282 E8010000 		.4byte	.LASF40
 747 0286 01       		.byte	0x1
 748 0287 28       		.byte	0x28
 749 0288 2D010000 		.4byte	0x12d
 750 028c 02       		.byte	0x2
 751 028d 23       		.byte	0x23
 752 028e 1C       		.uleb128 0x1c
 753 028f 00       		.byte	0
 754 0290 03       		.uleb128 0x3
 755 0291 B4010000 		.4byte	.LASF41
 756 0295 01       		.byte	0x1
 757 0296 29       		.byte	0x29
 758 0297 4F020000 		.4byte	0x24f
 759 029b 0E       		.uleb128 0xe
 760 029c 01       		.byte	0x1
 761 029d F5020000 		.4byte	.LASF60
 762 02a1 01       		.byte	0x1
 763 02a2 39       		.byte	0x39
 764 02a3 00000000 		.4byte	.LFB56
 765 02a7 66000000 		.4byte	.LFE56
 766 02ab 00000000 		.4byte	.LLST0
 767 02af 01       		.byte	0x1
 768 02b0 CF020000 		.4byte	0x2cf
 769 02b4 0F       		.uleb128 0xf
 770 02b5 8C010000 		.4byte	.LASF42
 771 02b9 01       		.byte	0x1
 772 02ba 3A       		.byte	0x3a
 773 02bb 90020000 		.4byte	0x290
 774 02bf 02       		.byte	0x2
 775 02c0 91       		.byte	0x91
ARM GAS  C:\Users\hozhen\AppData\Local\Temp\ccVhseI1.s 			page 18


 776 02c1 48       		.sleb128 -56
 777 02c2 10       		.uleb128 0x10
 778 02c3 7800     		.ascii	"x\000"
 779 02c5 01       		.byte	0x1
 780 02c6 44       		.byte	0x44
 781 02c7 7A000000 		.4byte	0x7a
 782 02cb 02       		.byte	0x2
 783 02cc 91       		.byte	0x91
 784 02cd 6F       		.sleb128 -17
 785 02ce 00       		.byte	0
 786 02cf 11       		.uleb128 0x11
 787 02d0 01       		.byte	0x1
 788 02d1 20020000 		.4byte	.LASF49
 789 02d5 01       		.byte	0x1
 790 02d6 4C       		.byte	0x4c
 791 02d7 01       		.byte	0x1
 792 02d8 00000000 		.4byte	.LFB57
 793 02dc 70000000 		.4byte	.LFE57
 794 02e0 3A000000 		.4byte	.LLST1
 795 02e4 01       		.byte	0x1
 796 02e5 3E030000 		.4byte	0x33e
 797 02e9 12       		.uleb128 0x12
 798 02ea 58020000 		.4byte	.LASF43
 799 02ee 01       		.byte	0x1
 800 02ef 4C       		.byte	0x4c
 801 02f0 B7000000 		.4byte	0xb7
 802 02f4 02       		.byte	0x2
 803 02f5 91       		.byte	0x91
 804 02f6 64       		.sleb128 -28
 805 02f7 12       		.uleb128 0x12
 806 02f8 AE010000 		.4byte	.LASF44
 807 02fc 01       		.byte	0x1
 808 02fd 4C       		.byte	0x4c
 809 02fe B7000000 		.4byte	0xb7
 810 0302 02       		.byte	0x2
 811 0303 91       		.byte	0x91
 812 0304 60       		.sleb128 -32
 813 0305 12       		.uleb128 0x12
 814 0306 20000000 		.4byte	.LASF45
 815 030a 01       		.byte	0x1
 816 030b 4C       		.byte	0x4c
 817 030c 8F010000 		.4byte	0x18f
 818 0310 02       		.byte	0x2
 819 0311 91       		.byte	0x91
 820 0312 5C       		.sleb128 -36
 821 0313 12       		.uleb128 0x12
 822 0314 5E000000 		.4byte	.LASF46
 823 0318 01       		.byte	0x1
 824 0319 4C       		.byte	0x4c
 825 031a 57000000 		.4byte	0x57
 826 031e 02       		.byte	0x2
 827 031f 91       		.byte	0x91
 828 0320 58       		.sleb128 -40
 829 0321 0F       		.uleb128 0xf
 830 0322 C9010000 		.4byte	.LASF47
 831 0326 01       		.byte	0x1
 832 0327 4F       		.byte	0x4f
ARM GAS  C:\Users\hozhen\AppData\Local\Temp\ccVhseI1.s 			page 19


 833 0328 89010000 		.4byte	0x189
 834 032c 02       		.byte	0x2
 835 032d 91       		.byte	0x91
 836 032e 74       		.sleb128 -12
 837 032f 0F       		.uleb128 0xf
 838 0330 EB020000 		.4byte	.LASF48
 839 0334 01       		.byte	0x1
 840 0335 51       		.byte	0x51
 841 0336 3E030000 		.4byte	0x33e
 842 033a 02       		.byte	0x2
 843 033b 91       		.byte	0x91
 844 033c 68       		.sleb128 -24
 845 033d 00       		.byte	0
 846 033e 0A       		.uleb128 0xa
 847 033f A9000000 		.4byte	0xa9
 848 0343 4E030000 		.4byte	0x34e
 849 0347 0B       		.uleb128 0xb
 850 0348 B0000000 		.4byte	0xb0
 851 034c 09       		.byte	0x9
 852 034d 00       		.byte	0
 853 034e 13       		.uleb128 0x13
 854 034f 01       		.byte	0x1
 855 0350 9F020000 		.4byte	.LASF50
 856 0354 01       		.byte	0x1
 857 0355 65       		.byte	0x65
 858 0356 01       		.byte	0x1
 859 0357 00000000 		.4byte	.LFB58
 860 035b 32000000 		.4byte	.LFE58
 861 035f 72000000 		.4byte	.LLST2
 862 0363 01       		.byte	0x1
 863 0364 A5030000 		.4byte	0x3a5
 864 0368 12       		.uleb128 0x12
 865 0369 06000000 		.4byte	.LASF51
 866 036d 01       		.byte	0x1
 867 036e 65       		.byte	0x65
 868 036f 6D010000 		.4byte	0x16d
 869 0373 02       		.byte	0x2
 870 0374 91       		.byte	0x91
 871 0375 70       		.sleb128 -16
 872 0376 14       		.uleb128 0x14
 873 0377 16000000 		.4byte	.LBB2
 874 037b 26000000 		.4byte	.LBE2
 875 037f 0F       		.uleb128 0xf
 876 0380 C4010000 		.4byte	.LASF24
 877 0384 01       		.byte	0x1
 878 0385 6A       		.byte	0x6a
 879 0386 7A000000 		.4byte	0x7a
 880 038a 02       		.byte	0x2
 881 038b 91       		.byte	0x91
 882 038c 67       		.sleb128 -25
 883 038d 14       		.uleb128 0x14
 884 038e 20000000 		.4byte	.LBB3
 885 0392 26000000 		.4byte	.LBE3
 886 0396 10       		.uleb128 0x10
 887 0397 7800     		.ascii	"x\000"
 888 0399 01       		.byte	0x1
 889 039a 6F       		.byte	0x6f
ARM GAS  C:\Users\hozhen\AppData\Local\Temp\ccVhseI1.s 			page 20


 890 039b 7A000000 		.4byte	0x7a
 891 039f 02       		.byte	0x2
 892 03a0 91       		.byte	0x91
 893 03a1 66       		.sleb128 -26
 894 03a2 00       		.byte	0
 895 03a3 00       		.byte	0
 896 03a4 00       		.byte	0
 897 03a5 15       		.uleb128 0x15
 898 03a6 01       		.byte	0x1
 899 03a7 49000000 		.4byte	.LASF52
 900 03ab 01       		.byte	0x1
 901 03ac 7B       		.byte	0x7b
 902 03ad 6C000000 		.4byte	0x6c
 903 03b1 00000000 		.4byte	.LFB59
 904 03b5 5A000000 		.4byte	.LFE59
 905 03b9 B6000000 		.4byte	.LLST3
 906 03bd 01       		.byte	0x1
 907 03be D0030000 		.4byte	0x3d0
 908 03c2 10       		.uleb128 0x10
 909 03c3 783100   		.ascii	"x1\000"
 910 03c6 01       		.byte	0x1
 911 03c7 97       		.byte	0x97
 912 03c8 7A000000 		.4byte	0x7a
 913 03cc 02       		.byte	0x2
 914 03cd 91       		.byte	0x91
 915 03ce 77       		.sleb128 -9
 916 03cf 00       		.byte	0
 917 03d0 11       		.uleb128 0x11
 918 03d1 01       		.byte	0x1
 919 03d2 0E030000 		.4byte	.LASF53
 920 03d6 01       		.byte	0x1
 921 03d7 A5       		.byte	0xa5
 922 03d8 01       		.byte	0x1
 923 03d9 00000000 		.4byte	.LFB60
 924 03dd BA000000 		.4byte	.LFE60
 925 03e1 EE000000 		.4byte	.LLST4
 926 03e5 01       		.byte	0x1
 927 03e6 38040000 		.4byte	0x438
 928 03ea 12       		.uleb128 0x12
 929 03eb 17010000 		.4byte	.LASF54
 930 03ef 01       		.byte	0x1
 931 03f0 A5       		.byte	0xa5
 932 03f1 7A000000 		.4byte	0x7a
 933 03f5 02       		.byte	0x2
 934 03f6 91       		.byte	0x91
 935 03f7 47       		.sleb128 -57
 936 03f8 16       		.uleb128 0x16
 937 03f9 10000000 		.4byte	.LBB4
 938 03fd 54000000 		.4byte	.LBE4
 939 0401 13040000 		.4byte	0x413
 940 0405 10       		.uleb128 0x10
 941 0406 787800   		.ascii	"xx\000"
 942 0409 01       		.byte	0x1
 943 040a A8       		.byte	0xa8
 944 040b 7A000000 		.4byte	0x7a
 945 040f 02       		.byte	0x2
 946 0410 91       		.byte	0x91
ARM GAS  C:\Users\hozhen\AppData\Local\Temp\ccVhseI1.s 			page 21


 947 0411 6F       		.sleb128 -17
 948 0412 00       		.byte	0
 949 0413 14       		.uleb128 0x14
 950 0414 5A000000 		.4byte	.LBB5
 951 0418 B2000000 		.4byte	.LBE5
 952 041c 0F       		.uleb128 0xf
 953 041d 8C010000 		.4byte	.LASF42
 954 0421 01       		.byte	0x1
 955 0422 B0       		.byte	0xb0
 956 0423 90020000 		.4byte	0x290
 957 0427 02       		.byte	0x2
 958 0428 91       		.byte	0x91
 959 0429 48       		.sleb128 -56
 960 042a 10       		.uleb128 0x10
 961 042b 7800     		.ascii	"x\000"
 962 042d 01       		.byte	0x1
 963 042e BA       		.byte	0xba
 964 042f 7A000000 		.4byte	0x7a
 965 0433 02       		.byte	0x2
 966 0434 91       		.byte	0x91
 967 0435 6E       		.sleb128 -18
 968 0436 00       		.byte	0
 969 0437 00       		.byte	0
 970 0438 17       		.uleb128 0x17
 971 0439 01030000 		.4byte	.LASF55
 972 043d 08       		.byte	0x8
 973 043e 1606     		.2byte	0x616
 974 0440 46040000 		.4byte	0x446
 975 0444 01       		.byte	0x1
 976 0445 01       		.byte	0x1
 977 0446 18       		.uleb128 0x18
 978 0447 45000000 		.4byte	0x45
 979 044b 19       		.uleb128 0x19
 980 044c DC010000 		.4byte	.LASF56
 981 0450 01       		.byte	0x1
 982 0451 10       		.byte	0x10
 983 0452 7A000000 		.4byte	0x7a
 984 0456 01       		.byte	0x1
 985 0457 05       		.byte	0x5
 986 0458 03       		.byte	0x3
 987 0459 00000000 		.4byte	Debug_Timer
 988 045d 00       		.byte	0
 989              		.section	.debug_abbrev,"",%progbits
 990              	.Ldebug_abbrev0:
 991 0000 01       		.uleb128 0x1
 992 0001 11       		.uleb128 0x11
 993 0002 01       		.byte	0x1
 994 0003 25       		.uleb128 0x25
 995 0004 0E       		.uleb128 0xe
 996 0005 13       		.uleb128 0x13
 997 0006 0B       		.uleb128 0xb
 998 0007 03       		.uleb128 0x3
 999 0008 0E       		.uleb128 0xe
 1000 0009 1B       		.uleb128 0x1b
 1001 000a 0E       		.uleb128 0xe
 1002 000b 55       		.uleb128 0x55
 1003 000c 06       		.uleb128 0x6
ARM GAS  C:\Users\hozhen\AppData\Local\Temp\ccVhseI1.s 			page 22


 1004 000d 11       		.uleb128 0x11
 1005 000e 01       		.uleb128 0x1
 1006 000f 52       		.uleb128 0x52
 1007 0010 01       		.uleb128 0x1
 1008 0011 10       		.uleb128 0x10
 1009 0012 06       		.uleb128 0x6
 1010 0013 00       		.byte	0
 1011 0014 00       		.byte	0
 1012 0015 02       		.uleb128 0x2
 1013 0016 24       		.uleb128 0x24
 1014 0017 00       		.byte	0
 1015 0018 0B       		.uleb128 0xb
 1016 0019 0B       		.uleb128 0xb
 1017 001a 3E       		.uleb128 0x3e
 1018 001b 0B       		.uleb128 0xb
 1019 001c 03       		.uleb128 0x3
 1020 001d 0E       		.uleb128 0xe
 1021 001e 00       		.byte	0
 1022 001f 00       		.byte	0
 1023 0020 03       		.uleb128 0x3
 1024 0021 16       		.uleb128 0x16
 1025 0022 00       		.byte	0
 1026 0023 03       		.uleb128 0x3
 1027 0024 0E       		.uleb128 0xe
 1028 0025 3A       		.uleb128 0x3a
 1029 0026 0B       		.uleb128 0xb
 1030 0027 3B       		.uleb128 0x3b
 1031 0028 0B       		.uleb128 0xb
 1032 0029 49       		.uleb128 0x49
 1033 002a 13       		.uleb128 0x13
 1034 002b 00       		.byte	0
 1035 002c 00       		.byte	0
 1036 002d 04       		.uleb128 0x4
 1037 002e 24       		.uleb128 0x24
 1038 002f 00       		.byte	0
 1039 0030 0B       		.uleb128 0xb
 1040 0031 0B       		.uleb128 0xb
 1041 0032 3E       		.uleb128 0x3e
 1042 0033 0B       		.uleb128 0xb
 1043 0034 03       		.uleb128 0x3
 1044 0035 08       		.uleb128 0x8
 1045 0036 00       		.byte	0
 1046 0037 00       		.byte	0
 1047 0038 05       		.uleb128 0x5
 1048 0039 0F       		.uleb128 0xf
 1049 003a 00       		.byte	0
 1050 003b 0B       		.uleb128 0xb
 1051 003c 0B       		.uleb128 0xb
 1052 003d 49       		.uleb128 0x49
 1053 003e 13       		.uleb128 0x13
 1054 003f 00       		.byte	0
 1055 0040 00       		.byte	0
 1056 0041 06       		.uleb128 0x6
 1057 0042 26       		.uleb128 0x26
 1058 0043 00       		.byte	0
 1059 0044 49       		.uleb128 0x49
 1060 0045 13       		.uleb128 0x13
ARM GAS  C:\Users\hozhen\AppData\Local\Temp\ccVhseI1.s 			page 23


 1061 0046 00       		.byte	0
 1062 0047 00       		.byte	0
 1063 0048 07       		.uleb128 0x7
 1064 0049 13       		.uleb128 0x13
 1065 004a 01       		.byte	0x1
 1066 004b 0B       		.uleb128 0xb
 1067 004c 0B       		.uleb128 0xb
 1068 004d 3A       		.uleb128 0x3a
 1069 004e 0B       		.uleb128 0xb
 1070 004f 3B       		.uleb128 0x3b
 1071 0050 0B       		.uleb128 0xb
 1072 0051 01       		.uleb128 0x1
 1073 0052 13       		.uleb128 0x13
 1074 0053 00       		.byte	0
 1075 0054 00       		.byte	0
 1076 0055 08       		.uleb128 0x8
 1077 0056 0D       		.uleb128 0xd
 1078 0057 00       		.byte	0
 1079 0058 03       		.uleb128 0x3
 1080 0059 0E       		.uleb128 0xe
 1081 005a 3A       		.uleb128 0x3a
 1082 005b 0B       		.uleb128 0xb
 1083 005c 3B       		.uleb128 0x3b
 1084 005d 0B       		.uleb128 0xb
 1085 005e 49       		.uleb128 0x49
 1086 005f 13       		.uleb128 0x13
 1087 0060 38       		.uleb128 0x38
 1088 0061 0A       		.uleb128 0xa
 1089 0062 00       		.byte	0
 1090 0063 00       		.byte	0
 1091 0064 09       		.uleb128 0x9
 1092 0065 0D       		.uleb128 0xd
 1093 0066 00       		.byte	0
 1094 0067 03       		.uleb128 0x3
 1095 0068 08       		.uleb128 0x8
 1096 0069 3A       		.uleb128 0x3a
 1097 006a 0B       		.uleb128 0xb
 1098 006b 3B       		.uleb128 0x3b
 1099 006c 0B       		.uleb128 0xb
 1100 006d 49       		.uleb128 0x49
 1101 006e 13       		.uleb128 0x13
 1102 006f 38       		.uleb128 0x38
 1103 0070 0A       		.uleb128 0xa
 1104 0071 00       		.byte	0
 1105 0072 00       		.byte	0
 1106 0073 0A       		.uleb128 0xa
 1107 0074 01       		.uleb128 0x1
 1108 0075 01       		.byte	0x1
 1109 0076 49       		.uleb128 0x49
 1110 0077 13       		.uleb128 0x13
 1111 0078 01       		.uleb128 0x1
 1112 0079 13       		.uleb128 0x13
 1113 007a 00       		.byte	0
 1114 007b 00       		.byte	0
 1115 007c 0B       		.uleb128 0xb
 1116 007d 21       		.uleb128 0x21
 1117 007e 00       		.byte	0
ARM GAS  C:\Users\hozhen\AppData\Local\Temp\ccVhseI1.s 			page 24


 1118 007f 49       		.uleb128 0x49
 1119 0080 13       		.uleb128 0x13
 1120 0081 2F       		.uleb128 0x2f
 1121 0082 0B       		.uleb128 0xb
 1122 0083 00       		.byte	0
 1123 0084 00       		.byte	0
 1124 0085 0C       		.uleb128 0xc
 1125 0086 13       		.uleb128 0x13
 1126 0087 00       		.byte	0
 1127 0088 03       		.uleb128 0x3
 1128 0089 0E       		.uleb128 0xe
 1129 008a 3C       		.uleb128 0x3c
 1130 008b 0C       		.uleb128 0xc
 1131 008c 00       		.byte	0
 1132 008d 00       		.byte	0
 1133 008e 0D       		.uleb128 0xd
 1134 008f 26       		.uleb128 0x26
 1135 0090 00       		.byte	0
 1136 0091 00       		.byte	0
 1137 0092 00       		.byte	0
 1138 0093 0E       		.uleb128 0xe
 1139 0094 2E       		.uleb128 0x2e
 1140 0095 01       		.byte	0x1
 1141 0096 3F       		.uleb128 0x3f
 1142 0097 0C       		.uleb128 0xc
 1143 0098 03       		.uleb128 0x3
 1144 0099 0E       		.uleb128 0xe
 1145 009a 3A       		.uleb128 0x3a
 1146 009b 0B       		.uleb128 0xb
 1147 009c 3B       		.uleb128 0x3b
 1148 009d 0B       		.uleb128 0xb
 1149 009e 11       		.uleb128 0x11
 1150 009f 01       		.uleb128 0x1
 1151 00a0 12       		.uleb128 0x12
 1152 00a1 01       		.uleb128 0x1
 1153 00a2 40       		.uleb128 0x40
 1154 00a3 06       		.uleb128 0x6
 1155 00a4 9642     		.uleb128 0x2116
 1156 00a6 0C       		.uleb128 0xc
 1157 00a7 01       		.uleb128 0x1
 1158 00a8 13       		.uleb128 0x13
 1159 00a9 00       		.byte	0
 1160 00aa 00       		.byte	0
 1161 00ab 0F       		.uleb128 0xf
 1162 00ac 34       		.uleb128 0x34
 1163 00ad 00       		.byte	0
 1164 00ae 03       		.uleb128 0x3
 1165 00af 0E       		.uleb128 0xe
 1166 00b0 3A       		.uleb128 0x3a
 1167 00b1 0B       		.uleb128 0xb
 1168 00b2 3B       		.uleb128 0x3b
 1169 00b3 0B       		.uleb128 0xb
 1170 00b4 49       		.uleb128 0x49
 1171 00b5 13       		.uleb128 0x13
 1172 00b6 02       		.uleb128 0x2
 1173 00b7 0A       		.uleb128 0xa
 1174 00b8 00       		.byte	0
ARM GAS  C:\Users\hozhen\AppData\Local\Temp\ccVhseI1.s 			page 25


 1175 00b9 00       		.byte	0
 1176 00ba 10       		.uleb128 0x10
 1177 00bb 34       		.uleb128 0x34
 1178 00bc 00       		.byte	0
 1179 00bd 03       		.uleb128 0x3
 1180 00be 08       		.uleb128 0x8
 1181 00bf 3A       		.uleb128 0x3a
 1182 00c0 0B       		.uleb128 0xb
 1183 00c1 3B       		.uleb128 0x3b
 1184 00c2 0B       		.uleb128 0xb
 1185 00c3 49       		.uleb128 0x49
 1186 00c4 13       		.uleb128 0x13
 1187 00c5 02       		.uleb128 0x2
 1188 00c6 0A       		.uleb128 0xa
 1189 00c7 00       		.byte	0
 1190 00c8 00       		.byte	0
 1191 00c9 11       		.uleb128 0x11
 1192 00ca 2E       		.uleb128 0x2e
 1193 00cb 01       		.byte	0x1
 1194 00cc 3F       		.uleb128 0x3f
 1195 00cd 0C       		.uleb128 0xc
 1196 00ce 03       		.uleb128 0x3
 1197 00cf 0E       		.uleb128 0xe
 1198 00d0 3A       		.uleb128 0x3a
 1199 00d1 0B       		.uleb128 0xb
 1200 00d2 3B       		.uleb128 0x3b
 1201 00d3 0B       		.uleb128 0xb
 1202 00d4 27       		.uleb128 0x27
 1203 00d5 0C       		.uleb128 0xc
 1204 00d6 11       		.uleb128 0x11
 1205 00d7 01       		.uleb128 0x1
 1206 00d8 12       		.uleb128 0x12
 1207 00d9 01       		.uleb128 0x1
 1208 00da 40       		.uleb128 0x40
 1209 00db 06       		.uleb128 0x6
 1210 00dc 9642     		.uleb128 0x2116
 1211 00de 0C       		.uleb128 0xc
 1212 00df 01       		.uleb128 0x1
 1213 00e0 13       		.uleb128 0x13
 1214 00e1 00       		.byte	0
 1215 00e2 00       		.byte	0
 1216 00e3 12       		.uleb128 0x12
 1217 00e4 05       		.uleb128 0x5
 1218 00e5 00       		.byte	0
 1219 00e6 03       		.uleb128 0x3
 1220 00e7 0E       		.uleb128 0xe
 1221 00e8 3A       		.uleb128 0x3a
 1222 00e9 0B       		.uleb128 0xb
 1223 00ea 3B       		.uleb128 0x3b
 1224 00eb 0B       		.uleb128 0xb
 1225 00ec 49       		.uleb128 0x49
 1226 00ed 13       		.uleb128 0x13
 1227 00ee 02       		.uleb128 0x2
 1228 00ef 0A       		.uleb128 0xa
 1229 00f0 00       		.byte	0
 1230 00f1 00       		.byte	0
 1231 00f2 13       		.uleb128 0x13
ARM GAS  C:\Users\hozhen\AppData\Local\Temp\ccVhseI1.s 			page 26


 1232 00f3 2E       		.uleb128 0x2e
 1233 00f4 01       		.byte	0x1
 1234 00f5 3F       		.uleb128 0x3f
 1235 00f6 0C       		.uleb128 0xc
 1236 00f7 03       		.uleb128 0x3
 1237 00f8 0E       		.uleb128 0xe
 1238 00f9 3A       		.uleb128 0x3a
 1239 00fa 0B       		.uleb128 0xb
 1240 00fb 3B       		.uleb128 0x3b
 1241 00fc 0B       		.uleb128 0xb
 1242 00fd 27       		.uleb128 0x27
 1243 00fe 0C       		.uleb128 0xc
 1244 00ff 11       		.uleb128 0x11
 1245 0100 01       		.uleb128 0x1
 1246 0101 12       		.uleb128 0x12
 1247 0102 01       		.uleb128 0x1
 1248 0103 40       		.uleb128 0x40
 1249 0104 06       		.uleb128 0x6
 1250 0105 9742     		.uleb128 0x2117
 1251 0107 0C       		.uleb128 0xc
 1252 0108 01       		.uleb128 0x1
 1253 0109 13       		.uleb128 0x13
 1254 010a 00       		.byte	0
 1255 010b 00       		.byte	0
 1256 010c 14       		.uleb128 0x14
 1257 010d 0B       		.uleb128 0xb
 1258 010e 01       		.byte	0x1
 1259 010f 11       		.uleb128 0x11
 1260 0110 01       		.uleb128 0x1
 1261 0111 12       		.uleb128 0x12
 1262 0112 01       		.uleb128 0x1
 1263 0113 00       		.byte	0
 1264 0114 00       		.byte	0
 1265 0115 15       		.uleb128 0x15
 1266 0116 2E       		.uleb128 0x2e
 1267 0117 01       		.byte	0x1
 1268 0118 3F       		.uleb128 0x3f
 1269 0119 0C       		.uleb128 0xc
 1270 011a 03       		.uleb128 0x3
 1271 011b 0E       		.uleb128 0xe
 1272 011c 3A       		.uleb128 0x3a
 1273 011d 0B       		.uleb128 0xb
 1274 011e 3B       		.uleb128 0x3b
 1275 011f 0B       		.uleb128 0xb
 1276 0120 49       		.uleb128 0x49
 1277 0121 13       		.uleb128 0x13
 1278 0122 11       		.uleb128 0x11
 1279 0123 01       		.uleb128 0x1
 1280 0124 12       		.uleb128 0x12
 1281 0125 01       		.uleb128 0x1
 1282 0126 40       		.uleb128 0x40
 1283 0127 06       		.uleb128 0x6
 1284 0128 9642     		.uleb128 0x2116
 1285 012a 0C       		.uleb128 0xc
 1286 012b 01       		.uleb128 0x1
 1287 012c 13       		.uleb128 0x13
 1288 012d 00       		.byte	0
ARM GAS  C:\Users\hozhen\AppData\Local\Temp\ccVhseI1.s 			page 27


 1289 012e 00       		.byte	0
 1290 012f 16       		.uleb128 0x16
 1291 0130 0B       		.uleb128 0xb
 1292 0131 01       		.byte	0x1
 1293 0132 11       		.uleb128 0x11
 1294 0133 01       		.uleb128 0x1
 1295 0134 12       		.uleb128 0x12
 1296 0135 01       		.uleb128 0x1
 1297 0136 01       		.uleb128 0x1
 1298 0137 13       		.uleb128 0x13
 1299 0138 00       		.byte	0
 1300 0139 00       		.byte	0
 1301 013a 17       		.uleb128 0x17
 1302 013b 34       		.uleb128 0x34
 1303 013c 00       		.byte	0
 1304 013d 03       		.uleb128 0x3
 1305 013e 0E       		.uleb128 0xe
 1306 013f 3A       		.uleb128 0x3a
 1307 0140 0B       		.uleb128 0xb
 1308 0141 3B       		.uleb128 0x3b
 1309 0142 05       		.uleb128 0x5
 1310 0143 49       		.uleb128 0x49
 1311 0144 13       		.uleb128 0x13
 1312 0145 3F       		.uleb128 0x3f
 1313 0146 0C       		.uleb128 0xc
 1314 0147 3C       		.uleb128 0x3c
 1315 0148 0C       		.uleb128 0xc
 1316 0149 00       		.byte	0
 1317 014a 00       		.byte	0
 1318 014b 18       		.uleb128 0x18
 1319 014c 35       		.uleb128 0x35
 1320 014d 00       		.byte	0
 1321 014e 49       		.uleb128 0x49
 1322 014f 13       		.uleb128 0x13
 1323 0150 00       		.byte	0
 1324 0151 00       		.byte	0
 1325 0152 19       		.uleb128 0x19
 1326 0153 34       		.uleb128 0x34
 1327 0154 00       		.byte	0
 1328 0155 03       		.uleb128 0x3
 1329 0156 0E       		.uleb128 0xe
 1330 0157 3A       		.uleb128 0x3a
 1331 0158 0B       		.uleb128 0xb
 1332 0159 3B       		.uleb128 0x3b
 1333 015a 0B       		.uleb128 0xb
 1334 015b 49       		.uleb128 0x49
 1335 015c 13       		.uleb128 0x13
 1336 015d 3F       		.uleb128 0x3f
 1337 015e 0C       		.uleb128 0xc
 1338 015f 02       		.uleb128 0x2
 1339 0160 0A       		.uleb128 0xa
 1340 0161 00       		.byte	0
 1341 0162 00       		.byte	0
 1342 0163 00       		.byte	0
 1343              		.section	.debug_loc,"",%progbits
 1344              	.Ldebug_loc0:
 1345              	.LLST0:
ARM GAS  C:\Users\hozhen\AppData\Local\Temp\ccVhseI1.s 			page 28


 1346 0000 00000000 		.4byte	.LFB56
 1347 0004 02000000 		.4byte	.LCFI0
 1348 0008 0200     		.2byte	0x2
 1349 000a 7D       		.byte	0x7d
 1350 000b 00       		.sleb128 0
 1351 000c 02000000 		.4byte	.LCFI0
 1352 0010 04000000 		.4byte	.LCFI1
 1353 0014 0200     		.2byte	0x2
 1354 0016 7D       		.byte	0x7d
 1355 0017 0C       		.sleb128 12
 1356 0018 04000000 		.4byte	.LCFI1
 1357 001c 06000000 		.4byte	.LCFI2
 1358 0020 0300     		.2byte	0x3
 1359 0022 7D       		.byte	0x7d
 1360 0023 D000     		.sleb128 80
 1361 0025 06000000 		.4byte	.LCFI2
 1362 0029 66000000 		.4byte	.LFE56
 1363 002d 0300     		.2byte	0x3
 1364 002f 77       		.byte	0x77
 1365 0030 D000     		.sleb128 80
 1366 0032 00000000 		.4byte	0
 1367 0036 00000000 		.4byte	0
 1368              	.LLST1:
 1369 003a 00000000 		.4byte	.LFB57
 1370 003e 02000000 		.4byte	.LCFI3
 1371 0042 0200     		.2byte	0x2
 1372 0044 7D       		.byte	0x7d
 1373 0045 00       		.sleb128 0
 1374 0046 02000000 		.4byte	.LCFI3
 1375 004a 04000000 		.4byte	.LCFI4
 1376 004e 0200     		.2byte	0x2
 1377 0050 7D       		.byte	0x7d
 1378 0051 08       		.sleb128 8
 1379 0052 04000000 		.4byte	.LCFI4
 1380 0056 06000000 		.4byte	.LCFI5
 1381 005a 0200     		.2byte	0x2
 1382 005c 7D       		.byte	0x7d
 1383 005d 28       		.sleb128 40
 1384 005e 06000000 		.4byte	.LCFI5
 1385 0062 70000000 		.4byte	.LFE57
 1386 0066 0200     		.2byte	0x2
 1387 0068 77       		.byte	0x77
 1388 0069 28       		.sleb128 40
 1389 006a 00000000 		.4byte	0
 1390 006e 00000000 		.4byte	0
 1391              	.LLST2:
 1392 0072 00000000 		.4byte	.LFB58
 1393 0076 02000000 		.4byte	.LCFI6
 1394 007a 0200     		.2byte	0x2
 1395 007c 7D       		.byte	0x7d
 1396 007d 00       		.sleb128 0
 1397 007e 02000000 		.4byte	.LCFI6
 1398 0082 04000000 		.4byte	.LCFI7
 1399 0086 0200     		.2byte	0x2
 1400 0088 7D       		.byte	0x7d
 1401 0089 10       		.sleb128 16
 1402 008a 04000000 		.4byte	.LCFI7
ARM GAS  C:\Users\hozhen\AppData\Local\Temp\ccVhseI1.s 			page 29


 1403 008e 06000000 		.4byte	.LCFI8
 1404 0092 0200     		.2byte	0x2
 1405 0094 7D       		.byte	0x7d
 1406 0095 14       		.sleb128 20
 1407 0096 06000000 		.4byte	.LCFI8
 1408 009a 08000000 		.4byte	.LCFI9
 1409 009e 0200     		.2byte	0x2
 1410 00a0 7D       		.byte	0x7d
 1411 00a1 20       		.sleb128 32
 1412 00a2 08000000 		.4byte	.LCFI9
 1413 00a6 32000000 		.4byte	.LFE58
 1414 00aa 0200     		.2byte	0x2
 1415 00ac 77       		.byte	0x77
 1416 00ad 20       		.sleb128 32
 1417 00ae 00000000 		.4byte	0
 1418 00b2 00000000 		.4byte	0
 1419              	.LLST3:
 1420 00b6 00000000 		.4byte	.LFB59
 1421 00ba 02000000 		.4byte	.LCFI10
 1422 00be 0200     		.2byte	0x2
 1423 00c0 7D       		.byte	0x7d
 1424 00c1 00       		.sleb128 0
 1425 00c2 02000000 		.4byte	.LCFI10
 1426 00c6 04000000 		.4byte	.LCFI11
 1427 00ca 0200     		.2byte	0x2
 1428 00cc 7D       		.byte	0x7d
 1429 00cd 08       		.sleb128 8
 1430 00ce 04000000 		.4byte	.LCFI11
 1431 00d2 06000000 		.4byte	.LCFI12
 1432 00d6 0200     		.2byte	0x2
 1433 00d8 7D       		.byte	0x7d
 1434 00d9 10       		.sleb128 16
 1435 00da 06000000 		.4byte	.LCFI12
 1436 00de 5A000000 		.4byte	.LFE59
 1437 00e2 0200     		.2byte	0x2
 1438 00e4 77       		.byte	0x77
 1439 00e5 10       		.sleb128 16
 1440 00e6 00000000 		.4byte	0
 1441 00ea 00000000 		.4byte	0
 1442              	.LLST4:
 1443 00ee 00000000 		.4byte	.LFB60
 1444 00f2 02000000 		.4byte	.LCFI13
 1445 00f6 0200     		.2byte	0x2
 1446 00f8 7D       		.byte	0x7d
 1447 00f9 00       		.sleb128 0
 1448 00fa 02000000 		.4byte	.LCFI13
 1449 00fe 04000000 		.4byte	.LCFI14
 1450 0102 0200     		.2byte	0x2
 1451 0104 7D       		.byte	0x7d
 1452 0105 0C       		.sleb128 12
 1453 0106 04000000 		.4byte	.LCFI14
 1454 010a 06000000 		.4byte	.LCFI15
 1455 010e 0300     		.2byte	0x3
 1456 0110 7D       		.byte	0x7d
 1457 0111 D800     		.sleb128 88
 1458 0113 06000000 		.4byte	.LCFI15
 1459 0117 BA000000 		.4byte	.LFE60
ARM GAS  C:\Users\hozhen\AppData\Local\Temp\ccVhseI1.s 			page 30


 1460 011b 0300     		.2byte	0x3
 1461 011d 77       		.byte	0x77
 1462 011e D800     		.sleb128 88
 1463 0120 00000000 		.4byte	0
 1464 0124 00000000 		.4byte	0
 1465              		.section	.debug_aranges,"",%progbits
 1466 0000 3C000000 		.4byte	0x3c
 1467 0004 0200     		.2byte	0x2
 1468 0006 00000000 		.4byte	.Ldebug_info0
 1469 000a 04       		.byte	0x4
 1470 000b 00       		.byte	0
 1471 000c 0000     		.2byte	0
 1472 000e 0000     		.2byte	0
 1473 0010 00000000 		.4byte	.LFB56
 1474 0014 66000000 		.4byte	.LFE56-.LFB56
 1475 0018 00000000 		.4byte	.LFB57
 1476 001c 70000000 		.4byte	.LFE57-.LFB57
 1477 0020 00000000 		.4byte	.LFB58
 1478 0024 32000000 		.4byte	.LFE58-.LFB58
 1479 0028 00000000 		.4byte	.LFB59
 1480 002c 5A000000 		.4byte	.LFE59-.LFB59
 1481 0030 00000000 		.4byte	.LFB60
 1482 0034 BA000000 		.4byte	.LFE60-.LFB60
 1483 0038 00000000 		.4byte	0
 1484 003c 00000000 		.4byte	0
 1485              		.section	.debug_ranges,"",%progbits
 1486              	.Ldebug_ranges0:
 1487 0000 00000000 		.4byte	.LFB56
 1488 0004 66000000 		.4byte	.LFE56
 1489 0008 00000000 		.4byte	.LFB57
 1490 000c 70000000 		.4byte	.LFE57
 1491 0010 00000000 		.4byte	.LFB58
 1492 0014 32000000 		.4byte	.LFE58
 1493 0018 00000000 		.4byte	.LFB59
 1494 001c 5A000000 		.4byte	.LFE59
 1495 0020 00000000 		.4byte	.LFB60
 1496 0024 BA000000 		.4byte	.LFE60
 1497 0028 00000000 		.4byte	0
 1498 002c 00000000 		.4byte	0
 1499              		.section	.debug_line,"",%progbits
 1500              	.Ldebug_line0:
 1501 0000 16020000 		.section	.debug_str,"MS",%progbits,1
 1501      02008401 
 1501      00000201 
 1501      FB0E0D00 
 1501      01010101 
 1502              	.LASF32:
 1503 0000 76616C69 		.ascii	"valid\000"
 1503      6400
 1504              	.LASF51:
 1505 0006 6E6F7469 		.ascii	"notification\000"
 1505      66696361 
 1505      74696F6E 
 1505      00
 1506              	.LASF31:
 1507 0013 636F6E64 		.ascii	"conductivity\000"
 1507      75637469 
ARM GAS  C:\Users\hozhen\AppData\Local\Temp\ccVhseI1.s 			page 31


 1507      76697479 
 1507      00
 1508              	.LASF45:
 1509 0020 70446174 		.ascii	"pData\000"
 1509      6100
 1510              	.LASF29:
 1511 0026 74656D70 		.ascii	"temp\000"
 1511      00
 1512              	.LASF2:
 1513 002b 73686F72 		.ascii	"short int\000"
 1513      7420696E 
 1513      7400
 1514              	.LASF37:
 1515 0035 536F696C 		.ascii	"SoilMoisture\000"
 1515      4D6F6973 
 1515      74757265 
 1515      00
 1516              	.LASF39:
 1517 0042 54656D70 		.ascii	"TempRH\000"
 1517      524800
 1518              	.LASF52:
 1519 0049 6D61696E 		.ascii	"main\000"
 1519      00
 1520              	.LASF22:
 1521 004e 79656172 		.ascii	"year\000"
 1521      00
 1522              	.LASF33:
 1523 0053 44656361 		.ascii	"DecagonGS3\000"
 1523      676F6E47 
 1523      533300
 1524              	.LASF46:
 1525 005e 4E756D42 		.ascii	"NumBytes\000"
 1525      79746573 
 1525      00
 1526              	.LASF11:
 1527 0067 75696E74 		.ascii	"uint16\000"
 1527      313600
 1528              	.LASF59:
 1529 006e 433A5C55 		.ascii	"C:\\Users\\hozhen\\Google Drive\\Docs Ho-Zhen\\proj"
 1529      73657273 
 1529      5C686F7A 
 1529      68656E5C 
 1529      476F6F67 
 1530 009c 65637473 		.ascii	"ects\\UMBS\\UMBS Project\\Software\\Sensor Node\\Se"
 1530      5C554D42 
 1530      535C554D 
 1530      42532050 
 1530      726F6A65 
 1531 00ca 6E736F72 		.ascii	"nsor_Node\\Sensor_Node.cydsn\000"
 1531      5F4E6F64 
 1531      655C5365 
 1531      6E736F72 
 1531      5F4E6F64 
 1532              	.LASF10:
 1533 00e6 75696E74 		.ascii	"uint8\000"
 1533      3800
 1534              	.LASF13:
ARM GAS  C:\Users\hozhen\AppData\Local\Temp\ccVhseI1.s 			page 32


 1535 00ec 666C6F61 		.ascii	"float\000"
 1535      7400
 1536              	.LASF6:
 1537 00f2 6C6F6E67 		.ascii	"long long int\000"
 1537      206C6F6E 
 1537      6720696E 
 1537      7400
 1538              	.LASF7:
 1539 0100 6C6F6E67 		.ascii	"long long unsigned int\000"
 1539      206C6F6E 
 1539      6720756E 
 1539      7369676E 
 1539      65642069 
 1540              	.LASF54:
 1541 0117 616C6172 		.ascii	"alarmType\000"
 1541      6D547970 
 1541      6500
 1542              	.LASF4:
 1543 0121 6C6F6E67 		.ascii	"long int\000"
 1543      20696E74 
 1543      00
 1544              	.LASF38:
 1545 012a 44657074 		.ascii	"Depth\000"
 1545      6800
 1546              	.LASF57:
 1547 0130 474E5520 		.ascii	"GNU C 4.7.3 20130312 (release) [ARM/embedded-4_7-br"
 1547      4320342E 
 1547      372E3320 
 1547      32303133 
 1547      30333132 
 1548 0163 616E6368 		.ascii	"anch revision 196615]\000"
 1548      20726576 
 1548      6973696F 
 1548      6E203139 
 1548      36363135 
 1549              	.LASF19:
 1550 0179 686F7572 		.ascii	"hour\000"
 1550      00
 1551              	.LASF1:
 1552 017e 756E7369 		.ascii	"unsigned char\000"
 1552      676E6564 
 1552      20636861 
 1552      7200
 1553              	.LASF42:
 1554 018c 5061636B 		.ascii	"Packet\000"
 1554      657400
 1555              	.LASF27:
 1556 0193 46535F46 		.ascii	"FS_FILE\000"
 1556      494C4500 
 1557              	.LASF0:
 1558 019b 7369676E 		.ascii	"signed char\000"
 1558      65642063 
 1558      68617200 
 1559              	.LASF17:
 1560 01a7 7365636F 		.ascii	"second\000"
 1560      6E6400
 1561              	.LASF44:
ARM GAS  C:\Users\hozhen\AppData\Local\Temp\ccVhseI1.s 			page 33


 1562 01ae 704D6F64 		.ascii	"pMode\000"
 1562      6500
 1563              	.LASF41:
 1564 01b4 57697265 		.ascii	"Wireless_Packet\000"
 1564      6C657373 
 1564      5F506163 
 1564      6B657400 
 1565              	.LASF24:
 1566 01c4 74797065 		.ascii	"type\000"
 1566      00
 1567              	.LASF47:
 1568 01c9 7046696C 		.ascii	"pFile\000"
 1568      6500
 1569              	.LASF8:
 1570 01cf 756E7369 		.ascii	"unsigned int\000"
 1570      676E6564 
 1570      20696E74 
 1570      00
 1571              	.LASF56:
 1572 01dc 44656275 		.ascii	"Debug_Timer\000"
 1572      675F5469 
 1572      6D657200 
 1573              	.LASF40:
 1574 01e8 74696D65 		.ascii	"time\000"
 1574      00
 1575              	.LASF3:
 1576 01ed 73686F72 		.ascii	"short unsigned int\000"
 1576      7420756E 
 1576      7369676E 
 1576      65642069 
 1576      6E7400
 1577              	.LASF15:
 1578 0200 63686172 		.ascii	"char\000"
 1578      00
 1579              	.LASF9:
 1580 0205 696E7433 		.ascii	"int32_t\000"
 1580      325F7400 
 1581              	.LASF35:
 1582 020d 4D617862 		.ascii	"MaxbotixUltrasonic\000"
 1582      6F746978 
 1582      556C7472 
 1582      61736F6E 
 1582      696300
 1583              	.LASF49:
 1584 0220 57726974 		.ascii	"Write_To_SD_Card\000"
 1584      655F546F 
 1584      5F53445F 
 1584      43617264 
 1584      00
 1585              	.LASF21:
 1586 0231 6D6F6E74 		.ascii	"month\000"
 1586      6800
 1587              	.LASF26:
 1588 0237 4E656F4D 		.ascii	"NeoMoteNotification\000"
 1588      6F74654E 
 1588      6F746966 
 1588      69636174 
ARM GAS  C:\Users\hozhen\AppData\Local\Temp\ccVhseI1.s 			page 34


 1588      696F6E00 
 1589              	.LASF30:
 1590 024b 736F696C 		.ascii	"soilMoisture\000"
 1590      4D6F6973 
 1590      74757265 
 1590      00
 1591              	.LASF43:
 1592 0258 66696C65 		.ascii	"fileName\000"
 1592      4E616D65 
 1592      00
 1593              	.LASF34:
 1594 0261 64657074 		.ascii	"depth\000"
 1594      6800
 1595              	.LASF18:
 1596 0267 6D696E75 		.ascii	"minute\000"
 1596      746500
 1597              	.LASF12:
 1598 026e 75696E74 		.ascii	"uint32\000"
 1598      333200
 1599              	.LASF5:
 1600 0275 6C6F6E67 		.ascii	"long unsigned int\000"
 1600      20756E73 
 1600      69676E65 
 1600      6420696E 
 1600      7400
 1601              	.LASF14:
 1602 0287 646F7562 		.ascii	"double\000"
 1602      6C6500
 1603              	.LASF23:
 1604 028e 4E656F52 		.ascii	"NeoRtcTimeStruct\000"
 1604      74635469 
 1604      6D655374 
 1604      72756374 
 1604      00
 1605              	.LASF50:
 1606 029f 6D6F7465 		.ascii	"moteNotificationReceived\000"
 1606      4E6F7469 
 1606      66696361 
 1606      74696F6E 
 1606      52656365 
 1607              	.LASF28:
 1608 02b8 6469656C 		.ascii	"dielectric\000"
 1608      65637472 
 1608      696300
 1609              	.LASF36:
 1610 02c3 53656E73 		.ascii	"SensirionData\000"
 1610      6972696F 
 1610      6E446174 
 1610      6100
 1611              	.LASF58:
 1612 02d1 2E5C6D61 		.ascii	".\\main.c\000"
 1612      696E2E63 
 1612      00
 1613              	.LASF20:
 1614 02da 7765656B 		.ascii	"weekday\000"
 1614      64617900 
 1615              	.LASF16:
ARM GAS  C:\Users\hozhen\AppData\Local\Temp\ccVhseI1.s 			page 35


 1616 02e2 73697A65 		.ascii	"sizetype\000"
 1616      74797065 
 1616      00
 1617              	.LASF48:
 1618 02eb 7364566F 		.ascii	"sdVolName\000"
 1618      6C4E616D 
 1618      6500
 1619              	.LASF60:
 1620 02f5 54616B65 		.ascii	"TakeReading\000"
 1620      52656164 
 1620      696E6700 
 1621              	.LASF55:
 1622 0301 49544D5F 		.ascii	"ITM_RxBuffer\000"
 1622      52784275 
 1622      66666572 
 1622      00
 1623              	.LASF53:
 1624 030e 72746343 		.ascii	"rtcCallBackReceived\000"
 1624      616C6C42 
 1624      61636B52 
 1624      65636569 
 1624      76656400 
 1625              	.LASF25:
 1626 0322 7061796C 		.ascii	"payload\000"
 1626      6F616400 
 1627              		.ident	"GCC: (GNU Tools for ARM Embedded Processors) 4.7.3 20130312 (release) [ARM/embedded-4_7-br
