--------------- Build Started: 12/19/2014 15:35:17 Project: Sensor_Node, Configuration: ARM GCC 4.7.3 Debug ---------------
The code generation step is up to date.
arm-none-eabi-gcc.exe -I. -I./Generated_Source/PSoC5 -Wno-main -mcpu=cortex-m3 -mthumb -I ..\..\..\neolib -I ..\..\..\emFile_V322b\Code\Include\PSoC5 -I ..\..\..\emFile_V322b\Code\Include\PSoC5\emf32nOS -Wall -g -D DEBUG -Wa,-alh=.\CortexM3\ARM_GCC_473\Debug\main.lst -ffunction-sections -c .\main.c -o .\CortexM3\ARM_GCC_473\Debug\main.o
.\main.c: In function 'TakeReading':
.\main.c:69:9: warning: passing argument 1 of 'Mote_Send_Packet' from incompatible pointer type [enabled by default]
In file included from .\main.c:8:0:
..\..\..\neolib/neomote.h:106:7: note: expected 'uint8 *' but argument is of type 'struct Wireless_Packet *'
.\main.c:68:15: warning: unused variable 'x' [-Wunused-variable]
.\main.c: In function 'moteNotificationReceived':
.\main.c:111:19: warning: unused variable 'x' [-Wunused-variable]
.\main.c: In function 'main':
.\main.c:151:11: warning: unused variable 'x1' [-Wunused-variable]
.\main.c: In function 'rtcCallBackReceived':
.\main.c:168:15: warning: unused variable 'xx' [-Wunused-variable]
.\main.c:187:9: warning: passing argument 1 of 'Mote_Send_Packet' from incompatible pointer type [enabled by default]
In file included from .\main.c:8:0:
..\..\..\neolib/neomote.h:106:7: note: expected 'uint8 *' but argument is of type 'struct Wireless_Packet *'
.\main.c:186:15: warning: unused variable 'x' [-Wunused-variable]
arm-none-eabi-gcc.exe -I. -I./Generated_Source/PSoC5 -Wno-main -mcpu=cortex-m3 -mthumb -I ..\..\..\neolib -I ..\..\..\emFile_V322b\Code\Include\PSoC5 -I ..\..\..\emFile_V322b\Code\Include\PSoC5\emf32nOS -Wall -g -D DEBUG -Wa,-alh=.\CortexM3\ARM_GCC_473\Debug\SoilMoisture_Decagon.lst -ffunction-sections -c ..\..\..\PSoC\Drivers\Decagon_Soilmoisture\Decagon_Soilmoisture.cydsn\SoilMoisture_Decagon.c -o .\CortexM3\ARM_GCC_473\Debug\SoilMoisture_Decagon.o
..\..\..\PSoC\Drivers\Decagon_Soilmoisture\Decagon_Soilmoisture.cydsn\SoilMoisture_Decagon.c: In function 'SoilMoisture_Decagon_Convert_Raw_Reading':
..\..\..\PSoC\Drivers\Decagon_Soilmoisture\Decagon_Soilmoisture.cydsn\SoilMoisture_Decagon.c:65:5: warning: implicit declaration of function 'sscanf' [-Wimplicit-function-declaration]
..\..\..\PSoC\Drivers\Decagon_Soilmoisture\Decagon_Soilmoisture.cydsn\SoilMoisture_Decagon.c:65:28: warning: incompatible implicit declaration of built-in function 'sscanf' [enabled by default]
..\..\..\PSoC\Drivers\Decagon_Soilmoisture\Decagon_Soilmoisture.cydsn\SoilMoisture_Decagon.c:66:33: warning: pointer targets in passing argument 1 of 'sscanf' differ in signedness [-Wpointer-sign]
..\..\..\PSoC\Drivers\Decagon_Soilmoisture\Decagon_Soilmoisture.cydsn\SoilMoisture_Decagon.c:66:33: note: expected 'const char *' but argument is of type 'uint8 *'
..\..\..\PSoC\Drivers\Decagon_Soilmoisture\Decagon_Soilmoisture.cydsn\SoilMoisture_Decagon.c:66:33: warning: format '%d' expects argument of type 'int *', but argument 5 has type 'uint16 *' [-Wformat]
..\..\..\PSoC\Drivers\Decagon_Soilmoisture\Decagon_Soilmoisture.cydsn\SoilMoisture_Decagon.c:66:33: warning: format '%s' expects argument of type 'char *', but argument 6 has type 'int' [-Wformat]
arm-none-eabi-ar.exe -rs .\CortexM3\ARM_GCC_473\Debug\Sensor_Node.a .\CortexM3\ARM_GCC_473\Debug\cyfitter_cfg.o .\CortexM3\ARM_GCC_473\Debug\UART_SoilMoisture_Decagon.o .\CortexM3\ARM_GCC_473\Debug\UART_SoilMoisture_Decagon_PM.o .\CortexM3\ARM_GCC_473\Debug\UART_SoilMoisture_Decagon_INT.o .\CortexM3\ARM_GCC_473\Debug\UART_SoilMoisture_Decagon_BOOT.o .\CortexM3\ARM_GCC_473\Debug\UART_Ultrasonic_Maxbotix.o .\CortexM3\ARM_GCC_473\Debug\UART_Ultrasonic_Maxbotix_PM.o .\CortexM3\ARM_GCC_473\Debug\UART_Ultrasonic_Maxbotix_INT.o .\CortexM3\ARM_GCC_473\Debug\UART_Ultrasonic_Maxbotix_BOOT.o .\CortexM3\ARM_GCC_473\Debug\isr_Ultrasonic_Maxbotix.o .\CortexM3\ARM_GCC_473\Debug\Decagon_Sensor_Power.o .\CortexM3\ARM_GCC_473\Debug\isr_SoilMoisture_Decagon.o .\CortexM3\ARM_GCC_473\Debug\emFile_1_ConfigMMC_SPI.o .\CortexM3\ARM_GCC_473\Debug\emFile_1_MMC_HW_SPI.o .\CortexM3\ARM_GCC_473\Debug\emFile_1_PM.o .\CortexM3\ARM_GCC_473\Debug\SDA_1.o .\CortexM3\ARM_GCC_473\Debug\SCL_1.o .\CortexM3\ARM_GCC_473\Debug\I2C_1.o .\CortexM3\ARM_GCC_473\Debug\I2C_1_BOOT.o .\CortexM3\ARM_GCC_473\Debug\I2C_1_INT.o .\CortexM3\ARM_GCC_473\Debug\I2C_1_PM.o .\CortexM3\ARM_GCC_473\Debug\I2C_1_SLAVE.o .\CortexM3\ARM_GCC_473\Debug\I2C_1_MASTER.o .\CortexM3\ARM_GCC_473\Debug\Digital_Sensor_Power.o .\CortexM3\ARM_GCC_473\Debug\UART_SoilMoisture_Decagon_IntClock.o .\CortexM3\ARM_GCC_473\Debug\UART_Ultrasonic_Maxbotix_IntClock.o .\CortexM3\ARM_GCC_473\Debug\NEOMOTE_1_UART_MOTE.o .\CortexM3\ARM_GCC_473\Debug\NEOMOTE_1_UART_MOTE_PM.o .\CortexM3\ARM_GCC_473\Debug\NEOMOTE_1_UART_MOTE_INT.o .\CortexM3\ARM_GCC_473\Debug\NEOMOTE_1_UART_MOTE_BOOT.o .\CortexM3\ARM_GCC_473\Debug\NEOMOTE_1_isr_RX.o .\CortexM3\ARM_GCC_473\Debug\NEOMOTE_1_RX_RTS_n.o .\CortexM3\ARM_GCC_473\Debug\NEOMOTE_1_RX_CTS_n.o .\CortexM3\ARM_GCC_473\Debug\NEOMOTE_1_TX_RTS_n.o .\CortexM3\ARM_GCC_473\Debug\NEOMOTE_1_TX_CTS_n.o .\CortexM3\ARM_GCC_473\Debug\NEOMOTE_1_isr_RX_RTSn.o .\CortexM3\ARM_GCC_473\Debug\NEOMOTE_1_External_VRef.o .\CortexM3\ARM_GCC_473\Debug\NEOMOTE_1_I2C_0.o .\CortexM3\ARM_GCC_473\Debug\NEOMOTE_1_I2C_0_BOOT.o .\CortexM3\ARM_GCC_473\Debug\NEOMOTE_1_I2C_0_INT.o .\CortexM3\ARM_GCC_473\Debug\NEOMOTE_1_I2C_0_PM.o .\CortexM3\ARM_GCC_473\Debug\NEOMOTE_1_I2C_0_SLAVE.o .\CortexM3\ARM_GCC_473\Debug\NEOMOTE_1_I2C_0_MASTER.o .\CortexM3\ARM_GCC_473\Debug\NEOMOTE_1_I2C_0_SDA.o .\CortexM3\ARM_GCC_473\Debug\NEOMOTE_1_I2C_0_SCL.o .\CortexM3\ARM_GCC_473\Debug\NEOMOTE_1_NEO_RTC_INT1.o .\CortexM3\ARM_GCC_473\Debug\NEOMOTE_1_isr_rtc_int1.o .\CortexM3\ARM_GCC_473\Debug\NEOMOTE_1_SD_Card_Power.o .\CortexM3\ARM_GCC_473\Debug\NEOMOTE_1_DELAY_COUNTER.o .\CortexM3\ARM_GCC_473\Debug\NEOMOTE_1_DELAY_COUNTER_PM.o .\CortexM3\ARM_GCC_473\Debug\NEOMOTE_1_isr_packet_delay.o .\CortexM3\ARM_GCC_473\Debug\NEOMOTE_1_Clock_1.o .\CortexM3\ARM_GCC_473\Debug\emFile_1_SPI0.o .\CortexM3\ARM_GCC_473\Debug\emFile_1_SPI0_PM.o .\CortexM3\ARM_GCC_473\Debug\emFile_1_SPI0_INT.o .\CortexM3\ARM_GCC_473\Debug\emFile_1_mosi0.o .\CortexM3\ARM_GCC_473\Debug\emFile_1_Clock_1.o .\CortexM3\ARM_GCC_473\Debug\emFile_1_miso0.o .\CortexM3\ARM_GCC_473\Debug\emFile_1_sclk0.o .\CortexM3\ARM_GCC_473\Debug\emFile_1_SPI0_CS.o .\CortexM3\ARM_GCC_473\Debug\I2C_1_IntClock.o .\CortexM3\ARM_GCC_473\Debug\NEOMOTE_1_UART_MOTE_IntClock.o .\CortexM3\ARM_GCC_473\Debug\CyBootAsmGnu.o .\CortexM3\ARM_GCC_473\Debug\CyDmac.o .\CortexM3\ARM_GCC_473\Debug\CyFlash.o .\CortexM3\ARM_GCC_473\Debug\CyLib.o .\CortexM3\ARM_GCC_473\Debug\cyPm.o .\CortexM3\ARM_GCC_473\Debug\CySpc.o .\CortexM3\ARM_GCC_473\Debug\cyutils.o
arm-none-eabi-ar.exe: creating .\CortexM3\ARM_GCC_473\Debug\Sensor_Node.a
arm-none-eabi-gcc.exe -mthumb -march=armv7-m -mfix-cortex-m3-ldrd -T .\Generated_Source\PSoC5\cm3gcc.ld -L ..\..\..\neolib -L ..\..\..\emFile_V322b\LinkLibrary\PSoC5\GCC -g -Wl,-Map,.\CortexM3\ARM_GCC_473\Debug\Sensor_Node.map -Wl,--gc-sections -Wl,--start-group -o .\CortexM3\ARM_GCC_473\Debug\Sensor_Node.elf .\CortexM3\ARM_GCC_473\Debug\main.o .\CortexM3\ARM_GCC_473\Debug\Ultrasonic_Maxbotix.o .\CortexM3\ARM_GCC_473\Debug\SoilMoisture_Decagon.o .\CortexM3\ARM_GCC_473\Debug\cymetadata.o .\CortexM3\ARM_GCC_473\Debug\Cm3Start.o .\CortexM3\ARM_GCC_473\Debug\Sensor_Node.a "C:\Program Files (x86)\Cypress\PSoC Creator\3.0\PSoC Creator\psoc\content\cycomponentlibrary\CyComponentLibrary.cylib\CortexM3\ARM_GCC_473\Debug\CyComponentLibrary.a" -l neomote -l emf32nosnlfn -Wl,--end-group
cyelftool.exe -C "C:\Users\hozhen\Google Drive\Docs Ho-Zhen\projects\UMBS\UMBS Project\Software\Sensor Node\Sensor_Node\Sensor_Node.cydsn\CortexM3\ARM_GCC_473\Debug\Sensor_Node.elf" --flash_size 262144 --flash_row_size 256
cyelftool.exe -S "C:\Users\hozhen\Google Drive\Docs Ho-Zhen\projects\UMBS\UMBS Project\Software\Sensor Node\Sensor_Node\Sensor_Node.cydsn\CortexM3\ARM_GCC_473\Debug\Sensor_Node.elf"
Flash used: 68896 of 262144 bytes (26.3 %).
SRAM used: 29741 of 65536 bytes (45.4 %).
--------------- Build Succeeded: 12/19/2014 15:35:22 ---------------
